<?xml version="1.0" encoding="UTF-8"?>
<coverage generated="1698927009657" clover="3.2.0">
  <project timestamp="1698927009658" name="All files">
    <metrics statements="665" coveredstatements="572" conditionals="298" coveredconditionals="215" methods="270" coveredmethods="230" elements="1233" coveredelements="1017" complexity="0" loc="665" ncloc="665" packages="5" files="25" classes="25"/>
    <package name="db">
      <metrics statements="331" coveredstatements="289" conditionals="175" coveredconditionals="132" methods="136" coveredmethods="122"/>
      <file name="DbGuestRepo.ts" path="D:\PROGRAM\HK7\Web\LAB_3\src\db\DbGuestRepo.ts">
        <metrics statements="44" coveredstatements="41" conditionals="23" coveredconditionals="19" methods="21" coveredmethods="19"/>
        <line num="2" count="1" type="cond" truecount="3" falsecount="0"/>
        <line num="3" count="12" type="cond" truecount="1" falsecount="1"/>
        <line num="4" count="12" type="cond" truecount="2" falsecount="0"/>
        <line num="5" count="12" type="stmt"/>
        <line num="6" count="0" type="stmt"/>
        <line num="7" count="24" type="cond" truecount="2" falsecount="0"/>
        <line num="8" count="12" type="cond" truecount="2" falsecount="0"/>
        <line num="11" count="1" type="stmt"/>
        <line num="12" count="1" type="stmt"/>
        <line num="13" count="1" type="stmt"/>
        <line num="14" count="1" type="stmt"/>
        <line num="15" count="1" type="stmt"/>
        <line num="16" count="1" type="stmt"/>
        <line num="19" count="1" type="stmt"/>
        <line num="22" count="3" type="stmt"/>
        <line num="23" count="3" type="stmt"/>
        <line num="25" count="3" type="cond" truecount="1" falsecount="1"/>
        <line num="26" count="0" type="stmt"/>
        <line num="28" count="3" type="stmt"/>
        <line num="30" count="3" type="stmt"/>
        <line num="31" count="3" type="stmt"/>
        <line num="35" count="5" type="stmt"/>
        <line num="36" count="5" type="stmt"/>
        <line num="37" count="5" type="stmt"/>
        <line num="38" count="5" type="cond" truecount="4" falsecount="0"/>
        <line num="44" count="1" type="stmt"/>
        <line num="45" count="1" type="stmt"/>
        <line num="46" count="1" type="stmt"/>
        <line num="47" count="1" type="cond" truecount="3" falsecount="1"/>
        <line num="53" count="1" type="stmt"/>
        <line num="54" count="1" type="stmt"/>
        <line num="56" count="1" type="stmt"/>
        <line num="57" count="1" type="stmt"/>
        <line num="61" count="1" type="stmt"/>
        <line num="62" count="1" type="stmt"/>
        <line num="63" count="1" type="stmt"/>
        <line num="64" count="1" type="stmt"/>
        <line num="68" count="1" type="stmt"/>
        <line num="69" count="1" type="stmt"/>
        <line num="70" count="1" type="stmt"/>
        <line num="71" count="1" type="cond" truecount="1" falsecount="1"/>
        <line num="72" count="0" type="stmt"/>
        <line num="73" count="3" type="stmt"/>
        <line num="77" count="1" type="stmt"/>
      </file>
      <file name="DbHistoryRepo.ts" path="D:\PROGRAM\HK7\Web\LAB_3\src\db\DbHistoryRepo.ts">
        <metrics statements="37" coveredstatements="34" conditionals="19" coveredconditionals="16" methods="17" coveredmethods="15"/>
        <line num="2" count="1" type="cond" truecount="3" falsecount="0"/>
        <line num="3" count="9" type="cond" truecount="1" falsecount="1"/>
        <line num="4" count="9" type="cond" truecount="2" falsecount="0"/>
        <line num="5" count="9" type="stmt"/>
        <line num="6" count="0" type="stmt"/>
        <line num="7" count="18" type="cond" truecount="2" falsecount="0"/>
        <line num="8" count="9" type="cond" truecount="2" falsecount="0"/>
        <line num="11" count="1" type="stmt"/>
        <line num="12" count="1" type="stmt"/>
        <line num="13" count="1" type="stmt"/>
        <line num="14" count="1" type="stmt"/>
        <line num="15" count="1" type="stmt"/>
        <line num="16" count="1" type="stmt"/>
        <line num="19" count="1" type="stmt"/>
        <line num="22" count="3" type="stmt"/>
        <line num="23" count="3" type="stmt"/>
        <line num="24" count="3" type="cond" truecount="1" falsecount="1"/>
        <line num="25" count="0" type="stmt"/>
        <line num="27" count="3" type="stmt"/>
        <line num="28" count="3" type="stmt"/>
        <line num="30" count="3" type="stmt"/>
        <line num="31" count="3" type="stmt"/>
        <line num="35" count="4" type="stmt"/>
        <line num="36" count="4" type="stmt"/>
        <line num="37" count="4" type="stmt"/>
        <line num="38" count="4" type="cond" truecount="4" falsecount="0"/>
        <line num="44" count="1" type="stmt"/>
        <line num="45" count="1" type="stmt"/>
        <line num="46" count="1" type="stmt"/>
        <line num="47" count="1" type="stmt"/>
        <line num="51" count="1" type="stmt"/>
        <line num="52" count="1" type="stmt"/>
        <line num="53" count="1" type="stmt"/>
        <line num="54" count="1" type="cond" truecount="1" falsecount="1"/>
        <line num="55" count="0" type="stmt"/>
        <line num="56" count="3" type="stmt"/>
        <line num="60" count="1" type="stmt"/>
      </file>
      <file name="DbRequestRepo.ts" path="D:\PROGRAM\HK7\Web\LAB_3\src\db\DbRequestRepo.ts">
        <metrics statements="42" coveredstatements="39" conditionals="19" coveredconditionals="16" methods="19" coveredmethods="17"/>
        <line num="2" count="1" type="cond" truecount="3" falsecount="0"/>
        <line num="3" count="11" type="cond" truecount="1" falsecount="1"/>
        <line num="4" count="11" type="cond" truecount="2" falsecount="0"/>
        <line num="5" count="11" type="stmt"/>
        <line num="6" count="0" type="stmt"/>
        <line num="7" count="22" type="cond" truecount="2" falsecount="0"/>
        <line num="8" count="11" type="cond" truecount="2" falsecount="0"/>
        <line num="11" count="1" type="stmt"/>
        <line num="12" count="1" type="stmt"/>
        <line num="13" count="1" type="stmt"/>
        <line num="14" count="1" type="stmt"/>
        <line num="15" count="1" type="stmt"/>
        <line num="16" count="1" type="stmt"/>
        <line num="19" count="1" type="stmt"/>
        <line num="22" count="3" type="stmt"/>
        <line num="23" count="3" type="stmt"/>
        <line num="24" count="3" type="cond" truecount="1" falsecount="1"/>
        <line num="25" count="0" type="stmt"/>
        <line num="27" count="3" type="stmt"/>
        <line num="28" count="3" type="stmt"/>
        <line num="29" count="3" type="stmt"/>
        <line num="31" count="3" type="stmt"/>
        <line num="32" count="3" type="stmt"/>
        <line num="36" count="5" type="stmt"/>
        <line num="37" count="5" type="stmt"/>
        <line num="38" count="5" type="stmt"/>
        <line num="39" count="5" type="cond" truecount="4" falsecount="0"/>
        <line num="45" count="1" type="stmt"/>
        <line num="46" count="1" type="stmt"/>
        <line num="48" count="1" type="stmt"/>
        <line num="49" count="1" type="stmt"/>
        <line num="53" count="1" type="stmt"/>
        <line num="54" count="1" type="stmt"/>
        <line num="55" count="1" type="stmt"/>
        <line num="56" count="1" type="stmt"/>
        <line num="60" count="1" type="stmt"/>
        <line num="61" count="1" type="stmt"/>
        <line num="62" count="1" type="stmt"/>
        <line num="63" count="1" type="cond" truecount="1" falsecount="1"/>
        <line num="64" count="0" type="stmt"/>
        <line num="65" count="3" type="stmt"/>
        <line num="69" count="1" type="stmt"/>
      </file>
      <file name="DbRoomRepo.ts" path="D:\PROGRAM\HK7\Web\LAB_3\src\db\DbRoomRepo.ts">
        <metrics statements="48" coveredstatements="44" conditionals="27" coveredconditionals="22" methods="21" coveredmethods="19"/>
        <line num="2" count="1" type="cond" truecount="3" falsecount="0"/>
        <line num="3" count="15" type="cond" truecount="1" falsecount="1"/>
        <line num="4" count="12" type="cond" truecount="2" falsecount="0"/>
        <line num="5" count="15" type="stmt"/>
        <line num="6" count="0" type="stmt"/>
        <line num="7" count="27" type="cond" truecount="2" falsecount="0"/>
        <line num="8" count="12" type="cond" truecount="2" falsecount="0"/>
        <line num="11" count="1" type="stmt"/>
        <line num="12" count="1" type="stmt"/>
        <line num="13" count="1" type="stmt"/>
        <line num="14" count="1" type="stmt"/>
        <line num="15" count="1" type="stmt"/>
        <line num="16" count="1" type="stmt"/>
        <line num="19" count="1" type="stmt"/>
        <line num="22" count="3" type="stmt"/>
        <line num="23" count="3" type="stmt"/>
        <line num="25" count="3" type="cond" truecount="1" falsecount="1"/>
        <line num="26" count="0" type="stmt"/>
        <line num="28" count="3" type="stmt"/>
        <line num="29" count="3" type="stmt"/>
        <line num="30" count="3" type="cond" truecount="3" falsecount="1"/>
        <line num="31" count="0" type="stmt"/>
        <line num="33" count="3" type="stmt"/>
        <line num="35" count="3" type="stmt"/>
        <line num="36" count="3" type="stmt"/>
        <line num="40" count="5" type="stmt"/>
        <line num="41" count="5" type="stmt"/>
        <line num="42" count="5" type="stmt"/>
        <line num="43" count="5" type="cond" truecount="4" falsecount="0"/>
        <line num="49" count="1" type="stmt"/>
        <line num="50" count="1" type="stmt"/>
        <line num="51" count="1" type="stmt"/>
        <line num="52" count="1" type="cond" truecount="3" falsecount="1"/>
        <line num="58" count="1" type="stmt"/>
        <line num="59" count="1" type="stmt"/>
        <line num="61" count="1" type="stmt"/>
        <line num="62" count="1" type="stmt"/>
        <line num="66" count="1" type="stmt"/>
        <line num="67" count="1" type="stmt"/>
        <line num="68" count="1" type="stmt"/>
        <line num="69" count="1" type="stmt"/>
        <line num="73" count="1" type="stmt"/>
        <line num="74" count="1" type="stmt"/>
        <line num="75" count="1" type="stmt"/>
        <line num="76" count="1" type="cond" truecount="1" falsecount="1"/>
        <line num="77" count="0" type="stmt"/>
        <line num="78" count="3" type="stmt"/>
        <line num="82" count="1" type="stmt"/>
      </file>
      <file name="DbStaffRepo.ts" path="D:\PROGRAM\HK7\Web\LAB_3\src\db\DbStaffRepo.ts">
        <metrics statements="44" coveredstatements="41" conditionals="23" coveredconditionals="19" methods="21" coveredmethods="19"/>
        <line num="2" count="1" type="cond" truecount="3" falsecount="0"/>
        <line num="3" count="12" type="cond" truecount="1" falsecount="1"/>
        <line num="4" count="12" type="cond" truecount="2" falsecount="0"/>
        <line num="5" count="12" type="stmt"/>
        <line num="6" count="0" type="stmt"/>
        <line num="7" count="24" type="cond" truecount="2" falsecount="0"/>
        <line num="8" count="12" type="cond" truecount="2" falsecount="0"/>
        <line num="11" count="1" type="stmt"/>
        <line num="12" count="1" type="stmt"/>
        <line num="13" count="1" type="stmt"/>
        <line num="14" count="1" type="stmt"/>
        <line num="15" count="1" type="stmt"/>
        <line num="16" count="1" type="stmt"/>
        <line num="19" count="1" type="stmt"/>
        <line num="22" count="3" type="stmt"/>
        <line num="23" count="3" type="stmt"/>
        <line num="25" count="3" type="cond" truecount="1" falsecount="1"/>
        <line num="26" count="0" type="stmt"/>
        <line num="28" count="3" type="stmt"/>
        <line num="30" count="3" type="stmt"/>
        <line num="31" count="3" type="stmt"/>
        <line num="35" count="5" type="stmt"/>
        <line num="36" count="5" type="stmt"/>
        <line num="37" count="5" type="stmt"/>
        <line num="38" count="5" type="cond" truecount="4" falsecount="0"/>
        <line num="44" count="1" type="stmt"/>
        <line num="45" count="1" type="stmt"/>
        <line num="46" count="1" type="stmt"/>
        <line num="47" count="1" type="cond" truecount="3" falsecount="1"/>
        <line num="53" count="1" type="stmt"/>
        <line num="54" count="1" type="stmt"/>
        <line num="56" count="1" type="stmt"/>
        <line num="57" count="1" type="stmt"/>
        <line num="61" count="1" type="stmt"/>
        <line num="62" count="1" type="stmt"/>
        <line num="63" count="1" type="stmt"/>
        <line num="64" count="1" type="stmt"/>
        <line num="68" count="1" type="stmt"/>
        <line num="69" count="1" type="stmt"/>
        <line num="70" count="1" type="stmt"/>
        <line num="71" count="1" type="cond" truecount="1" falsecount="1"/>
        <line num="72" count="0" type="stmt"/>
        <line num="73" count="3" type="stmt"/>
        <line num="77" count="1" type="stmt"/>
      </file>
      <file name="DbUserRepo.ts" path="D:\PROGRAM\HK7\Web\LAB_3\src\db\DbUserRepo.ts">
        <metrics statements="46" coveredstatements="43" conditionals="27" coveredconditionals="23" methods="20" coveredmethods="18"/>
        <line num="2" count="1" type="cond" truecount="3" falsecount="0"/>
        <line num="3" count="19" type="cond" truecount="1" falsecount="1"/>
        <line num="4" count="16" type="cond" truecount="2" falsecount="0"/>
        <line num="5" count="19" type="stmt"/>
        <line num="6" count="0" type="stmt"/>
        <line num="7" count="35" type="cond" truecount="2" falsecount="0"/>
        <line num="8" count="16" type="cond" truecount="2" falsecount="0"/>
        <line num="11" count="1" type="stmt"/>
        <line num="12" count="1" type="stmt"/>
        <line num="13" count="1" type="stmt"/>
        <line num="14" count="1" type="stmt"/>
        <line num="15" count="1" type="stmt"/>
        <line num="18" count="1" type="stmt"/>
        <line num="21" count="5" type="stmt"/>
        <line num="22" count="5" type="stmt"/>
        <line num="23" count="5" type="stmt"/>
        <line num="24" count="5" type="cond" truecount="4" falsecount="0"/>
        <line num="25" count="4" type="stmt"/>
        <line num="27" count="1" type="stmt"/>
        <line num="31" count="3" type="stmt"/>
        <line num="32" count="3" type="stmt"/>
        <line num="34" count="3" type="cond" truecount="1" falsecount="1"/>
        <line num="35" count="0" type="stmt"/>
        <line num="37" count="3" type="stmt"/>
        <line num="38" count="3" type="cond" truecount="1" falsecount="1"/>
        <line num="39" count="0" type="stmt"/>
        <line num="41" count="3" type="stmt"/>
        <line num="43" count="3" type="stmt"/>
        <line num="44" count="3" type="stmt"/>
        <line num="48" count="4" type="stmt"/>
        <line num="49" count="4" type="stmt"/>
        <line num="50" count="4" type="stmt"/>
        <line num="51" count="4" type="cond" truecount="4" falsecount="0"/>
        <line num="57" count="2" type="stmt"/>
        <line num="58" count="2" type="stmt"/>
        <line num="59" count="2" type="stmt"/>
        <line num="60" count="2" type="cond" truecount="3" falsecount="1"/>
        <line num="66" count="1" type="stmt"/>
        <line num="67" count="1" type="stmt"/>
        <line num="69" count="1" type="stmt"/>
        <line num="70" count="1" type="stmt"/>
        <line num="74" count="1" type="stmt"/>
        <line num="75" count="1" type="stmt"/>
        <line num="76" count="1" type="stmt"/>
        <line num="77" count="1" type="stmt"/>
        <line num="81" count="1" type="stmt"/>
      </file>
      <file name="common.ts" path="D:\PROGRAM\HK7\Web\LAB_3\src\db\common.ts">
        <metrics statements="70" coveredstatements="47" conditionals="37" coveredconditionals="17" methods="17" coveredmethods="15"/>
        <line num="2" count="1" type="cond" truecount="3" falsecount="0"/>
        <line num="3" count="104" type="cond" truecount="1" falsecount="1"/>
        <line num="4" count="104" type="cond" truecount="2" falsecount="0"/>
        <line num="5" count="104" type="stmt"/>
        <line num="6" count="0" type="stmt"/>
        <line num="7" count="208" type="cond" truecount="2" falsecount="0"/>
        <line num="8" count="104" type="cond" truecount="2" falsecount="0"/>
        <line num="11" count="1" type="stmt"/>
        <line num="12" count="1" type="stmt"/>
        <line num="13" count="1" type="stmt"/>
        <line num="14" count="1" type="stmt"/>
        <line num="16" count="1" type="stmt"/>
        <line num="17" count="1" type="stmt"/>
        <line num="18" count="1" type="stmt"/>
        <line num="19" count="1" type="stmt"/>
        <line num="20" count="1" type="stmt"/>
        <line num="21" count="1" type="stmt"/>
        <line num="22" count="1" type="stmt"/>
        <line num="23" count="6" type="stmt"/>
        <line num="25" count="1" type="stmt"/>
        <line num="26" count="75" type="stmt"/>
        <line num="27" count="75" type="stmt"/>
        <line num="28" count="75" type="stmt"/>
        <line num="31" count="0" type="stmt"/>
        <line num="34" count="1" type="stmt"/>
        <line num="35" count="18" type="stmt"/>
        <line num="36" count="18" type="stmt"/>
        <line num="37" count="18" type="stmt"/>
        <line num="38" count="18" type="cond" truecount="1" falsecount="1"/>
        <line num="39" count="0" type="stmt"/>
        <line num="40" count="18" type="cond" truecount="1" falsecount="1"/>
        <line num="41" count="0" type="stmt"/>
        <line num="44" count="0" type="cond" truecount="0" falsecount="2"/>
        <line num="45" count="0" type="stmt"/>
        <line num="46" count="0" type="cond" truecount="0" falsecount="2"/>
        <line num="47" count="0" type="stmt"/>
        <line num="49" count="0" type="stmt"/>
        <line num="52" count="1" type="stmt"/>
        <line num="53" count="6" type="stmt"/>
        <line num="54" count="6" type="stmt"/>
        <line num="55" count="6" type="stmt"/>
        <line num="56" count="6" type="cond" truecount="1" falsecount="1"/>
        <line num="57" count="0" type="stmt"/>
        <line num="58" count="6" type="cond" truecount="1" falsecount="1"/>
        <line num="59" count="0" type="stmt"/>
        <line num="62" count="0" type="cond" truecount="0" falsecount="2"/>
        <line num="63" count="0" type="stmt"/>
        <line num="64" count="0" type="cond" truecount="0" falsecount="2"/>
        <line num="65" count="0" type="stmt"/>
        <line num="67" count="0" type="stmt"/>
        <line num="70" count="1" type="stmt"/>
        <line num="71" count="5" type="stmt"/>
        <line num="72" count="5" type="stmt"/>
        <line num="73" count="5" type="stmt"/>
        <line num="74" count="5" type="cond" truecount="1" falsecount="1"/>
        <line num="75" count="0" type="stmt"/>
        <line num="76" count="5" type="cond" truecount="1" falsecount="1"/>
        <line num="77" count="0" type="stmt"/>
        <line num="80" count="0" type="cond" truecount="0" falsecount="2"/>
        <line num="81" count="0" type="stmt"/>
        <line num="82" count="0" type="cond" truecount="0" falsecount="2"/>
        <line num="83" count="0" type="stmt"/>
        <line num="85" count="0" type="stmt"/>
        <line num="88" count="1" type="stmt"/>
        <line num="89" count="1" type="stmt"/>
        <line num="90" count="11" type="stmt"/>
        <line num="91" count="11" type="cond" truecount="1" falsecount="1"/>
        <line num="92" count="11" type="stmt"/>
        <line num="93" count="11" type="stmt"/>
        <line num="95" count="1" type="stmt"/>
      </file>
    </package>
    <package name="db.dbCheck">
      <metrics statements="105" coveredstatements="75" conditionals="58" coveredconditionals="25" methods="13" coveredmethods="7"/>
      <file name="validHistory.ts" path="D:\PROGRAM\HK7\Web\LAB_3\src\db\dbCheck\validHistory.ts">
        <metrics statements="14" coveredstatements="11" conditionals="8" coveredconditionals="4" methods="1" coveredmethods="1"/>
        <line num="2" count="1" type="stmt"/>
        <line num="3" count="1" type="stmt"/>
        <line num="4" count="1" type="stmt"/>
        <line num="5" count="1" type="stmt"/>
        <line num="6" count="1" type="stmt"/>
        <line num="7" count="3" type="stmt"/>
        <line num="8" count="3" type="cond" truecount="1" falsecount="1"/>
        <line num="9" count="0" type="stmt"/>
        <line num="11" count="3" type="cond" truecount="1" falsecount="1"/>
        <line num="12" count="0" type="stmt"/>
        <line num="14" count="3" type="cond" truecount="1" falsecount="1"/>
        <line num="15" count="0" type="stmt"/>
        <line num="17" count="3" type="cond" truecount="1" falsecount="1"/>
        <line num="21" count="1" type="stmt"/>
      </file>
      <file name="validPerson.ts" path="D:\PROGRAM\HK7\Web\LAB_3\src\db\dbCheck\validPerson.ts">
        <metrics statements="17" coveredstatements="12" conditionals="12" coveredconditionals="6" methods="1" coveredmethods="1"/>
        <line num="2" count="1" type="stmt"/>
        <line num="3" count="1" type="stmt"/>
        <line num="4" count="1" type="stmt"/>
        <line num="5" count="1" type="stmt"/>
        <line num="6" count="6" type="stmt"/>
        <line num="7" count="6" type="cond" truecount="1" falsecount="1"/>
        <line num="8" count="0" type="stmt"/>
        <line num="10" count="6" type="cond" truecount="1" falsecount="1"/>
        <line num="11" count="0" type="stmt"/>
        <line num="13" count="6" type="cond" truecount="1" falsecount="1"/>
        <line num="14" count="0" type="stmt"/>
        <line num="16" count="6" type="cond" truecount="1" falsecount="1"/>
        <line num="17" count="0" type="stmt"/>
        <line num="19" count="6" type="cond" truecount="1" falsecount="1"/>
        <line num="20" count="0" type="stmt"/>
        <line num="22" count="6" type="cond" truecount="1" falsecount="1"/>
        <line num="26" count="1" type="stmt"/>
      </file>
      <file name="validRequest.ts" path="D:\PROGRAM\HK7\Web\LAB_3\src\db\dbCheck\validRequest.ts">
        <metrics statements="20" coveredstatements="14" conditionals="14" coveredconditionals="7" methods="1" coveredmethods="1"/>
        <line num="2" count="1" type="stmt"/>
        <line num="3" count="1" type="stmt"/>
        <line num="4" count="1" type="stmt"/>
        <line num="5" count="1" type="stmt"/>
        <line num="6" count="1" type="stmt"/>
        <line num="7" count="3" type="stmt"/>
        <line num="8" count="3" type="cond" truecount="1" falsecount="1"/>
        <line num="9" count="0" type="stmt"/>
        <line num="11" count="3" type="cond" truecount="1" falsecount="1"/>
        <line num="12" count="0" type="stmt"/>
        <line num="14" count="3" type="cond" truecount="1" falsecount="1"/>
        <line num="15" count="0" type="stmt"/>
        <line num="17" count="3" type="cond" truecount="1" falsecount="1"/>
        <line num="18" count="0" type="stmt"/>
        <line num="20" count="3" type="cond" truecount="1" falsecount="1"/>
        <line num="21" count="0" type="stmt"/>
        <line num="23" count="3" type="cond" truecount="1" falsecount="1"/>
        <line num="24" count="0" type="stmt"/>
        <line num="26" count="3" type="cond" truecount="1" falsecount="1"/>
        <line num="30" count="1" type="stmt"/>
      </file>
      <file name="validRoom.ts" path="D:\PROGRAM\HK7\Web\LAB_3\src\db\dbCheck\validRoom.ts">
        <metrics statements="13" coveredstatements="10" conditionals="8" coveredconditionals="4" methods="1" coveredmethods="1"/>
        <line num="2" count="1" type="stmt"/>
        <line num="3" count="1" type="stmt"/>
        <line num="4" count="1" type="stmt"/>
        <line num="5" count="1" type="stmt"/>
        <line num="6" count="3" type="stmt"/>
        <line num="7" count="3" type="cond" truecount="1" falsecount="1"/>
        <line num="8" count="0" type="stmt"/>
        <line num="10" count="3" type="cond" truecount="1" falsecount="1"/>
        <line num="11" count="0" type="stmt"/>
        <line num="13" count="3" type="cond" truecount="1" falsecount="1"/>
        <line num="14" count="0" type="stmt"/>
        <line num="16" count="3" type="cond" truecount="1" falsecount="1"/>
        <line num="20" count="1" type="stmt"/>
      </file>
      <file name="validUser.ts" path="D:\PROGRAM\HK7\Web\LAB_3\src\db\dbCheck\validUser.ts">
        <metrics statements="13" coveredstatements="10" conditionals="8" coveredconditionals="4" methods="1" coveredmethods="1"/>
        <line num="2" count="1" type="stmt"/>
        <line num="3" count="1" type="stmt"/>
        <line num="4" count="1" type="stmt"/>
        <line num="5" count="1" type="stmt"/>
        <line num="6" count="3" type="stmt"/>
        <line num="7" count="3" type="cond" truecount="1" falsecount="1"/>
        <line num="8" count="0" type="stmt"/>
        <line num="10" count="3" type="cond" truecount="1" falsecount="1"/>
        <line num="11" count="0" type="stmt"/>
        <line num="13" count="3" type="cond" truecount="1" falsecount="1"/>
        <line num="14" count="0" type="stmt"/>
        <line num="16" count="3" type="cond" truecount="1" falsecount="1"/>
        <line num="20" count="1" type="stmt"/>
      </file>
      <file name="validUtil.ts" path="D:\PROGRAM\HK7\Web\LAB_3\src\db\dbCheck\validUtil.ts">
        <metrics statements="28" coveredstatements="18" conditionals="8" coveredconditionals="0" methods="8" coveredmethods="2"/>
        <line num="2" count="1" type="stmt"/>
        <line num="3" count="1" type="stmt"/>
        <line num="4" count="1" type="stmt"/>
        <line num="5" count="24" type="stmt"/>
        <line num="7" count="1" type="stmt"/>
        <line num="8" count="1" type="stmt"/>
        <line num="9" count="42" type="stmt"/>
        <line num="11" count="1" type="stmt"/>
        <line num="12" count="1" type="stmt"/>
        <line num="13" count="0" type="stmt"/>
        <line num="15" count="1" type="stmt"/>
        <line num="16" count="1" type="stmt"/>
        <line num="17" count="0" type="cond" truecount="0" falsecount="2"/>
        <line num="18" count="0" type="stmt"/>
        <line num="19" count="0" type="stmt"/>
        <line num="20" count="0" type="cond" truecount="0" falsecount="2"/>
        <line num="21" count="0" type="stmt"/>
        <line num="24" count="0" type="cond" truecount="0" falsecount="4"/>
        <line num="25" count="0" type="stmt"/>
        <line num="27" count="0" type="stmt"/>
        <line num="29" count="0" type="stmt"/>
        <line num="31" count="1" type="stmt"/>
        <line num="32" count="1" type="stmt"/>
        <line num="33" count="1" type="stmt"/>
        <line num="34" count="1" type="stmt"/>
        <line num="35" count="1" type="stmt"/>
        <line num="36" count="1" type="stmt"/>
        <line num="39" count="1" type="stmt"/>
      </file>
    </package>
    <package name="logic">
      <metrics statements="125" coveredstatements="112" conditionals="55" coveredconditionals="50" methods="101" coveredmethods="84"/>
      <file name="HistoryController.ts" path="D:\PROGRAM\HK7\Web\LAB_3\src\logic\HistoryController.ts">
        <metrics statements="19" coveredstatements="18" conditionals="11" coveredconditionals="10" methods="16" coveredmethods="14"/>
        <line num="2" count="1" type="cond" truecount="3" falsecount="0"/>
        <line num="3" count="9" type="cond" truecount="1" falsecount="1"/>
        <line num="4" count="9" type="cond" truecount="2" falsecount="0"/>
        <line num="5" count="9" type="stmt"/>
        <line num="6" count="0" type="stmt"/>
        <line num="7" count="18" type="cond" truecount="2" falsecount="0"/>
        <line num="8" count="9" type="cond" truecount="2" falsecount="0"/>
        <line num="11" count="1" type="stmt"/>
        <line num="12" count="1" type="stmt"/>
        <line num="15" count="1" type="stmt"/>
        <line num="18" count="3" type="stmt"/>
        <line num="19" count="3" type="stmt"/>
        <line num="23" count="4" type="stmt"/>
        <line num="24" count="4" type="stmt"/>
        <line num="28" count="1" type="stmt"/>
        <line num="29" count="1" type="stmt"/>
        <line num="33" count="1" type="stmt"/>
        <line num="34" count="1" type="stmt"/>
        <line num="38" count="1" type="stmt"/>
      </file>
      <file name="PersonController.ts" path="D:\PROGRAM\HK7\Web\LAB_3\src\logic\PersonController.ts">
        <metrics statements="23" coveredstatements="22" conditionals="11" coveredconditionals="10" methods="20" coveredmethods="18"/>
        <line num="2" count="1" type="cond" truecount="3" falsecount="0"/>
        <line num="3" count="12" type="cond" truecount="1" falsecount="1"/>
        <line num="4" count="12" type="cond" truecount="2" falsecount="0"/>
        <line num="5" count="12" type="stmt"/>
        <line num="6" count="0" type="stmt"/>
        <line num="7" count="24" type="cond" truecount="2" falsecount="0"/>
        <line num="8" count="12" type="cond" truecount="2" falsecount="0"/>
        <line num="11" count="1" type="stmt"/>
        <line num="12" count="1" type="stmt"/>
        <line num="15" count="1" type="stmt"/>
        <line num="18" count="3" type="stmt"/>
        <line num="19" count="3" type="stmt"/>
        <line num="23" count="5" type="stmt"/>
        <line num="24" count="5" type="stmt"/>
        <line num="28" count="1" type="stmt"/>
        <line num="29" count="1" type="stmt"/>
        <line num="33" count="1" type="stmt"/>
        <line num="34" count="1" type="stmt"/>
        <line num="38" count="1" type="stmt"/>
        <line num="39" count="1" type="stmt"/>
        <line num="43" count="1" type="stmt"/>
        <line num="44" count="1" type="stmt"/>
        <line num="48" count="1" type="stmt"/>
      </file>
      <file name="RequestController.ts" path="D:\PROGRAM\HK7\Web\LAB_3\src\logic\RequestController.ts">
        <metrics statements="21" coveredstatements="20" conditionals="11" coveredconditionals="10" methods="18" coveredmethods="16"/>
        <line num="2" count="1" type="cond" truecount="3" falsecount="0"/>
        <line num="3" count="11" type="cond" truecount="1" falsecount="1"/>
        <line num="4" count="11" type="cond" truecount="2" falsecount="0"/>
        <line num="5" count="11" type="stmt"/>
        <line num="6" count="0" type="stmt"/>
        <line num="7" count="22" type="cond" truecount="2" falsecount="0"/>
        <line num="8" count="11" type="cond" truecount="2" falsecount="0"/>
        <line num="11" count="1" type="stmt"/>
        <line num="12" count="1" type="stmt"/>
        <line num="15" count="1" type="stmt"/>
        <line num="18" count="3" type="stmt"/>
        <line num="19" count="3" type="stmt"/>
        <line num="23" count="5" type="stmt"/>
        <line num="24" count="5" type="stmt"/>
        <line num="28" count="1" type="stmt"/>
        <line num="29" count="1" type="stmt"/>
        <line num="33" count="1" type="stmt"/>
        <line num="34" count="1" type="stmt"/>
        <line num="38" count="1" type="stmt"/>
        <line num="39" count="1" type="stmt"/>
        <line num="43" count="1" type="stmt"/>
      </file>
      <file name="RoomController.ts" path="D:\PROGRAM\HK7\Web\LAB_3\src\logic\RoomController.ts">
        <metrics statements="23" coveredstatements="22" conditionals="11" coveredconditionals="10" methods="20" coveredmethods="18"/>
        <line num="2" count="1" type="cond" truecount="3" falsecount="0"/>
        <line num="3" count="12" type="cond" truecount="1" falsecount="1"/>
        <line num="4" count="12" type="cond" truecount="2" falsecount="0"/>
        <line num="5" count="12" type="stmt"/>
        <line num="6" count="0" type="stmt"/>
        <line num="7" count="24" type="cond" truecount="2" falsecount="0"/>
        <line num="8" count="12" type="cond" truecount="2" falsecount="0"/>
        <line num="11" count="1" type="stmt"/>
        <line num="12" count="1" type="stmt"/>
        <line num="15" count="1" type="stmt"/>
        <line num="18" count="3" type="stmt"/>
        <line num="19" count="3" type="stmt"/>
        <line num="23" count="5" type="stmt"/>
        <line num="24" count="5" type="stmt"/>
        <line num="28" count="1" type="stmt"/>
        <line num="29" count="1" type="stmt"/>
        <line num="33" count="1" type="stmt"/>
        <line num="34" count="1" type="stmt"/>
        <line num="38" count="1" type="stmt"/>
        <line num="39" count="1" type="stmt"/>
        <line num="43" count="1" type="stmt"/>
        <line num="44" count="1" type="stmt"/>
        <line num="48" count="1" type="stmt"/>
      </file>
      <file name="UserController.ts" path="D:\PROGRAM\HK7\Web\LAB_3\src\logic\UserController.ts">
        <metrics statements="23" coveredstatements="22" conditionals="11" coveredconditionals="10" methods="20" coveredmethods="18"/>
        <line num="2" count="1" type="cond" truecount="3" falsecount="0"/>
        <line num="3" count="13" type="cond" truecount="1" falsecount="1"/>
        <line num="4" count="13" type="cond" truecount="2" falsecount="0"/>
        <line num="5" count="13" type="stmt"/>
        <line num="6" count="0" type="stmt"/>
        <line num="7" count="26" type="cond" truecount="2" falsecount="0"/>
        <line num="8" count="13" type="cond" truecount="2" falsecount="0"/>
        <line num="11" count="1" type="stmt"/>
        <line num="12" count="1" type="stmt"/>
        <line num="15" count="1" type="stmt"/>
        <line num="18" count="3" type="stmt"/>
        <line num="19" count="3" type="stmt"/>
        <line num="23" count="2" type="stmt"/>
        <line num="24" count="2" type="stmt"/>
        <line num="28" count="4" type="stmt"/>
        <line num="29" count="4" type="stmt"/>
        <line num="33" count="2" type="stmt"/>
        <line num="34" count="2" type="stmt"/>
        <line num="38" count="1" type="stmt"/>
        <line num="39" count="1" type="stmt"/>
        <line num="43" count="1" type="stmt"/>
        <line num="44" count="1" type="stmt"/>
        <line num="48" count="1" type="stmt"/>
      </file>
      <file name="error.ts" path="D:\PROGRAM\HK7\Web\LAB_3\src\logic\error.ts">
        <metrics statements="16" coveredstatements="8" conditionals="0" coveredconditionals="0" methods="7" coveredmethods="0"/>
        <line num="2" count="1" type="stmt"/>
        <line num="3" count="1" type="stmt"/>
        <line num="6" count="0" type="stmt"/>
        <line num="7" count="0" type="stmt"/>
        <line num="10" count="0" type="stmt"/>
        <line num="13" count="1" type="stmt"/>
        <line num="16" count="0" type="stmt"/>
        <line num="19" count="1" type="stmt"/>
        <line num="22" count="0" type="stmt"/>
        <line num="25" count="1" type="stmt"/>
        <line num="28" count="0" type="stmt"/>
        <line num="31" count="1" type="stmt"/>
        <line num="34" count="0" type="stmt"/>
        <line num="37" count="1" type="stmt"/>
        <line num="40" count="0" type="stmt"/>
        <line num="43" count="1" type="stmt"/>
      </file>
    </package>
    <package name="model">
      <metrics statements="52" coveredstatements="52" conditionals="6" coveredconditionals="6" methods="8" coveredmethods="8"/>
      <file name="History.ts" path="D:\PROGRAM\HK7\Web\LAB_3\src\model\History.ts">
        <metrics statements="7" coveredstatements="7" conditionals="0" coveredconditionals="0" methods="1" coveredmethods="1"/>
        <line num="2" count="2" type="stmt"/>
        <line num="3" count="2" type="stmt"/>
        <line num="6" count="12" type="stmt"/>
        <line num="7" count="12" type="stmt"/>
        <line num="8" count="12" type="stmt"/>
        <line num="9" count="12" type="stmt"/>
        <line num="12" count="2" type="stmt"/>
      </file>
      <file name="Person.ts" path="D:\PROGRAM\HK7\Web\LAB_3\src\model\Person.ts">
        <metrics statements="9" coveredstatements="9" conditionals="0" coveredconditionals="0" methods="1" coveredmethods="1"/>
        <line num="2" count="2" type="stmt"/>
        <line num="3" count="2" type="stmt"/>
        <line num="6" count="23" type="stmt"/>
        <line num="7" count="23" type="stmt"/>
        <line num="8" count="23" type="stmt"/>
        <line num="9" count="23" type="stmt"/>
        <line num="10" count="23" type="stmt"/>
        <line num="11" count="23" type="stmt"/>
        <line num="14" count="2" type="stmt"/>
      </file>
      <file name="Request.ts" path="D:\PROGRAM\HK7\Web\LAB_3\src\model\Request.ts">
        <metrics statements="14" coveredstatements="14" conditionals="2" coveredconditionals="2" methods="2" coveredmethods="2"/>
        <line num="2" count="2" type="stmt"/>
        <line num="3" count="2" type="stmt"/>
        <line num="5" count="2" type="stmt"/>
        <line num="6" count="2" type="stmt"/>
        <line num="7" count="2" type="stmt"/>
        <line num="8" count="2" type="stmt"/>
        <line num="12" count="13" type="stmt"/>
        <line num="13" count="13" type="stmt"/>
        <line num="14" count="13" type="stmt"/>
        <line num="15" count="13" type="stmt"/>
        <line num="16" count="13" type="stmt"/>
        <line num="17" count="13" type="stmt"/>
        <line num="18" count="13" type="stmt"/>
        <line num="21" count="2" type="stmt"/>
      </file>
      <file name="Room.ts" path="D:\PROGRAM\HK7\Web\LAB_3\src\model\Room.ts">
        <metrics statements="11" coveredstatements="11" conditionals="2" coveredconditionals="2" methods="2" coveredmethods="2"/>
        <line num="2" count="2" type="stmt"/>
        <line num="3" count="2" type="stmt"/>
        <line num="5" count="2" type="stmt"/>
        <line num="6" count="2" type="stmt"/>
        <line num="7" count="2" type="stmt"/>
        <line num="8" count="2" type="stmt"/>
        <line num="12" count="14" type="stmt"/>
        <line num="13" count="14" type="stmt"/>
        <line num="14" count="14" type="stmt"/>
        <line num="15" count="14" type="stmt"/>
        <line num="18" count="2" type="stmt"/>
      </file>
      <file name="User.ts" path="D:\PROGRAM\HK7\Web\LAB_3\src\model\User.ts">
        <metrics statements="11" coveredstatements="11" conditionals="2" coveredconditionals="2" methods="2" coveredmethods="2"/>
        <line num="2" count="2" type="stmt"/>
        <line num="3" count="2" type="stmt"/>
        <line num="5" count="2" type="stmt"/>
        <line num="6" count="2" type="stmt"/>
        <line num="7" count="2" type="stmt"/>
        <line num="8" count="2" type="stmt"/>
        <line num="12" count="11" type="stmt"/>
        <line num="13" count="11" type="stmt"/>
        <line num="14" count="11" type="stmt"/>
        <line num="15" count="11" type="stmt"/>
        <line num="18" count="2" type="stmt"/>
      </file>
    </package>
    <package name="server">
      <metrics statements="52" coveredstatements="44" conditionals="4" coveredconditionals="2" methods="12" coveredmethods="9"/>
      <file name="models.ts" path="D:\PROGRAM\HK7\Web\LAB_3\src\server\models.ts">
        <metrics statements="52" coveredstatements="44" conditionals="4" coveredconditionals="2" methods="12" coveredmethods="9"/>
        <line num="2" count="1" type="stmt"/>
        <line num="3" count="1" type="stmt"/>
        <line num="4" count="1" type="stmt"/>
        <line num="5" count="1" type="stmt"/>
        <line num="6" count="1" type="stmt"/>
        <line num="7" count="1" type="stmt"/>
        <line num="8" count="1" type="stmt"/>
        <line num="9" count="1" type="stmt"/>
        <line num="10" count="9" type="cond" truecount="1" falsecount="1"/>
        <line num="11" count="0" type="stmt"/>
        <line num="12" count="9" type="cond" truecount="1" falsecount="1"/>
        <line num="13" count="9" type="stmt"/>
        <line num="14" count="9" type="stmt"/>
        <line num="16" count="1" type="stmt"/>
        <line num="19" count="0" type="stmt"/>
        <line num="20" count="0" type="stmt"/>
        <line num="21" count="0" type="stmt"/>
        <line num="22" count="0" type="stmt"/>
        <line num="25" count="0" type="stmt"/>
        <line num="28" count="1" type="stmt"/>
        <line num="32" count="0" type="stmt"/>
        <line num="33" count="0" type="stmt"/>
        <line num="36" count="1" type="stmt"/>
        <line num="40" count="3" type="stmt"/>
        <line num="41" count="3" type="stmt"/>
        <line num="42" count="3" type="stmt"/>
        <line num="43" count="3" type="stmt"/>
        <line num="46" count="3" type="stmt"/>
        <line num="49" count="1" type="stmt"/>
        <line num="52" count="6" type="stmt"/>
        <line num="53" count="6" type="stmt"/>
        <line num="54" count="6" type="stmt"/>
        <line num="55" count="6" type="stmt"/>
        <line num="56" count="6" type="stmt"/>
        <line num="57" count="6" type="stmt"/>
        <line num="60" count="6" type="stmt"/>
        <line num="63" count="1" type="stmt"/>
        <line num="66" count="3" type="stmt"/>
        <line num="67" count="3" type="stmt"/>
        <line num="68" count="3" type="stmt"/>
        <line num="69" count="3" type="stmt"/>
        <line num="70" count="3" type="stmt"/>
        <line num="71" count="3" type="stmt"/>
        <line num="72" count="3" type="stmt"/>
        <line num="75" count="3" type="stmt"/>
        <line num="78" count="1" type="stmt"/>
        <line num="81" count="3" type="stmt"/>
        <line num="82" count="3" type="stmt"/>
        <line num="83" count="3" type="stmt"/>
        <line num="84" count="3" type="stmt"/>
        <line num="87" count="3" type="stmt"/>
        <line num="90" count="1" type="stmt"/>
      </file>
    </package>
  </project>
</coverage>
