{"D:\\PROGRAM\\HK7\\Web\\LAB_3\\src\\db\\DbGuestRepo.ts": {"path":"D:\\PROGRAM\\HK7\\Web\\LAB_3\\src\\db\\DbGuestRepo.ts","statementMap":{"0":{"start":{"line":2,"column":16},"end":{"line":10,"column":1}},"1":{"start":{"line":3,"column":28},"end":{"line":3,"column":110}},"2":{"start":{"line":3,"column":91},"end":{"line":3,"column":106}},"3":{"start":{"line":4,"column":4},"end":{"line":9,"column":7}},"4":{"start":{"line":5,"column":36},"end":{"line":5,"column":97}},"5":{"start":{"line":5,"column":42},"end":{"line":5,"column":70}},"6":{"start":{"line":5,"column":85},"end":{"line":5,"column":95}},"7":{"start":{"line":6,"column":35},"end":{"line":6,"column":100}},"8":{"start":{"line":6,"column":41},"end":{"line":6,"column":73}},"9":{"start":{"line":6,"column":88},"end":{"line":6,"column":98}},"10":{"start":{"line":7,"column":32},"end":{"line":7,"column":116}},"11":{"start":{"line":8,"column":8},"end":{"line":8,"column":78}},"12":{"start":{"line":11,"column":0},"end":{"line":11,"column":62}},"13":{"start":{"line":12,"column":0},"end":{"line":12,"column":29}},"14":{"start":{"line":13,"column":17},"end":{"line":13,"column":43}},"15":{"start":{"line":14,"column":17},"end":{"line":14,"column":36}},"16":{"start":{"line":15,"column":22},"end":{"line":15,"column":54}},"17":{"start":{"line":16,"column":17},"end":{"line":16,"column":44}},"18":{"start":{"line":19,"column":8},"end":{"line":19,"column":60}},"19":{"start":{"line":22,"column":8},"end":{"line":32,"column":11}},"20":{"start":{"line":23,"column":35},"end":{"line":23,"column":76}},"21":{"start":{"line":25,"column":12},"end":{"line":27,"column":13}},"22":{"start":{"line":26,"column":16},"end":{"line":26,"column":29}},"23":{"start":{"line":28,"column":26},"end":{"line":29,"column":103}},"24":{"start":{"line":30,"column":12},"end":{"line":30,"column":64}},"25":{"start":{"line":31,"column":12},"end":{"line":31,"column":24}},"26":{"start":{"line":35,"column":8},"end":{"line":41,"column":11}},"27":{"start":{"line":36,"column":26},"end":{"line":36,"column":84}},"28":{"start":{"line":37,"column":25},"end":{"line":37,"column":75}},"29":{"start":{"line":38,"column":12},"end":{"line":40,"column":23}},"30":{"start":{"line":44,"column":8},"end":{"line":50,"column":11}},"31":{"start":{"line":45,"column":26},"end":{"line":45,"column":97}},"32":{"start":{"line":46,"column":25},"end":{"line":46,"column":75}},"33":{"start":{"line":47,"column":12},"end":{"line":49,"column":23}},"34":{"start":{"line":53,"column":8},"end":{"line":58,"column":11}},"35":{"start":{"line":54,"column":26},"end":{"line":55,"column":83}},"36":{"start":{"line":56,"column":12},"end":{"line":56,"column":64}},"37":{"start":{"line":57,"column":12},"end":{"line":57,"column":24}},"38":{"start":{"line":61,"column":8},"end":{"line":65,"column":11}},"39":{"start":{"line":62,"column":26},"end":{"line":62,"column":82}},"40":{"start":{"line":63,"column":12},"end":{"line":63,"column":64}},"41":{"start":{"line":64,"column":12},"end":{"line":64,"column":24}},"42":{"start":{"line":68,"column":8},"end":{"line":74,"column":11}},"43":{"start":{"line":69,"column":26},"end":{"line":69,"column":67}},"44":{"start":{"line":70,"column":24},"end":{"line":70,"column":74}},"45":{"start":{"line":71,"column":12},"end":{"line":72,"column":28}},"46":{"start":{"line":72,"column":16},"end":{"line":72,"column":28}},"47":{"start":{"line":73,"column":12},"end":{"line":73,"column":77}},"48":{"start":{"line":73,"column":37},"end":{"line":73,"column":75}},"49":{"start":{"line":77,"column":0},"end":{"line":77,"column":34}}},"fnMap":{"0":{"name":"(anonymous_0)","decl":{"start":{"line":2,"column":44},"end":{"line":2,"column":45}},"loc":{"start":{"line":2,"column":89},"end":{"line":10,"column":1}},"line":2},"1":{"name":"adopt","decl":{"start":{"line":3,"column":13},"end":{"line":3,"column":18}},"loc":{"start":{"line":3,"column":26},"end":{"line":3,"column":112}},"line":3},"2":{"name":"(anonymous_2)","decl":{"start":{"line":3,"column":70},"end":{"line":3,"column":71}},"loc":{"start":{"line":3,"column":89},"end":{"line":3,"column":108}},"line":3},"3":{"name":"(anonymous_3)","decl":{"start":{"line":4,"column":36},"end":{"line":4,"column":37}},"loc":{"start":{"line":4,"column":63},"end":{"line":9,"column":5}},"line":4},"4":{"name":"fulfilled","decl":{"start":{"line":5,"column":17},"end":{"line":5,"column":26}},"loc":{"start":{"line":5,"column":34},"end":{"line":5,"column":99}},"line":5},"5":{"name":"rejected","decl":{"start":{"line":6,"column":17},"end":{"line":6,"column":25}},"loc":{"start":{"line":6,"column":33},"end":{"line":6,"column":102}},"line":6},"6":{"name":"step","decl":{"start":{"line":7,"column":17},"end":{"line":7,"column":21}},"loc":{"start":{"line":7,"column":30},"end":{"line":7,"column":118}},"line":7},"7":{"name":"(anonymous_7)","decl":{"start":{"line":18,"column":4},"end":{"line":18,"column":5}},"loc":{"start":{"line":18,"column":28},"end":{"line":20,"column":5}},"line":18},"8":{"name":"(anonymous_8)","decl":{"start":{"line":21,"column":4},"end":{"line":21,"column":5}},"loc":{"start":{"line":21,"column":22},"end":{"line":33,"column":5}},"line":21},"9":{"name":"(anonymous_9)","decl":{"start":{"line":22,"column":47},"end":{"line":22,"column":48}},"loc":{"start":{"line":22,"column":60},"end":{"line":32,"column":9}},"line":22},"10":{"name":"(anonymous_10)","decl":{"start":{"line":34,"column":4},"end":{"line":34,"column":5}},"loc":{"start":{"line":34,"column":18},"end":{"line":42,"column":5}},"line":34},"11":{"name":"(anonymous_11)","decl":{"start":{"line":35,"column":47},"end":{"line":35,"column":48}},"loc":{"start":{"line":35,"column":60},"end":{"line":41,"column":9}},"line":35},"12":{"name":"(anonymous_12)","decl":{"start":{"line":43,"column":4},"end":{"line":43,"column":5}},"loc":{"start":{"line":43,"column":35},"end":{"line":51,"column":5}},"line":43},"13":{"name":"(anonymous_13)","decl":{"start":{"line":44,"column":47},"end":{"line":44,"column":48}},"loc":{"start":{"line":44,"column":60},"end":{"line":50,"column":9}},"line":44},"14":{"name":"(anonymous_14)","decl":{"start":{"line":52,"column":4},"end":{"line":52,"column":5}},"loc":{"start":{"line":52,"column":48},"end":{"line":59,"column":5}},"line":52},"15":{"name":"(anonymous_15)","decl":{"start":{"line":53,"column":47},"end":{"line":53,"column":48}},"loc":{"start":{"line":53,"column":60},"end":{"line":58,"column":9}},"line":53},"16":{"name":"(anonymous_16)","decl":{"start":{"line":60,"column":4},"end":{"line":60,"column":5}},"loc":{"start":{"line":60,"column":21},"end":{"line":66,"column":5}},"line":60},"17":{"name":"(anonymous_17)","decl":{"start":{"line":61,"column":47},"end":{"line":61,"column":48}},"loc":{"start":{"line":61,"column":60},"end":{"line":65,"column":9}},"line":61},"18":{"name":"(anonymous_18)","decl":{"start":{"line":67,"column":4},"end":{"line":67,"column":5}},"loc":{"start":{"line":67,"column":17},"end":{"line":75,"column":5}},"line":67},"19":{"name":"(anonymous_19)","decl":{"start":{"line":68,"column":47},"end":{"line":68,"column":48}},"loc":{"start":{"line":68,"column":60},"end":{"line":74,"column":9}},"line":68},"20":{"name":"(anonymous_20)","decl":{"start":{"line":73,"column":32},"end":{"line":73,"column":33}},"loc":{"start":{"line":73,"column":37},"end":{"line":73,"column":75}},"line":73}},"branchMap":{"0":{"loc":{"start":{"line":2,"column":16},"end":{"line":10,"column":1}},"type":"binary-expr","locations":[{"start":{"line":2,"column":17},"end":{"line":2,"column":21}},{"start":{"line":2,"column":25},"end":{"line":2,"column":39}},{"start":{"line":2,"column":44},"end":{"line":10,"column":1}}],"line":2},"1":{"loc":{"start":{"line":3,"column":35},"end":{"line":3,"column":109}},"type":"cond-expr","locations":[{"start":{"line":3,"column":56},"end":{"line":3,"column":61}},{"start":{"line":3,"column":64},"end":{"line":3,"column":109}}],"line":3},"2":{"loc":{"start":{"line":4,"column":16},"end":{"line":4,"column":34}},"type":"binary-expr","locations":[{"start":{"line":4,"column":16},"end":{"line":4,"column":17}},{"start":{"line":4,"column":22},"end":{"line":4,"column":33}}],"line":4},"3":{"loc":{"start":{"line":7,"column":32},"end":{"line":7,"column":115}},"type":"cond-expr","locations":[{"start":{"line":7,"column":46},"end":{"line":7,"column":67}},{"start":{"line":7,"column":70},"end":{"line":7,"column":115}}],"line":7},"4":{"loc":{"start":{"line":8,"column":51},"end":{"line":8,"column":67}},"type":"binary-expr","locations":[{"start":{"line":8,"column":51},"end":{"line":8,"column":61}},{"start":{"line":8,"column":65},"end":{"line":8,"column":67}}],"line":8},"5":{"loc":{"start":{"line":25,"column":12},"end":{"line":27,"column":13}},"type":"if","locations":[{"start":{"line":25,"column":12},"end":{"line":27,"column":13}},{"start":{},"end":{}}],"line":25},"6":{"loc":{"start":{"line":38,"column":19},"end":{"line":40,"column":22}},"type":"cond-expr","locations":[{"start":{"line":39,"column":19},"end":{"line":39,"column":157}},{"start":{"line":40,"column":18},"end":{"line":40,"column":22}}],"line":38},"7":{"loc":{"start":{"line":38,"column":19},"end":{"line":38,"column":40}},"type":"binary-expr","locations":[{"start":{"line":38,"column":19},"end":{"line":38,"column":23}},{"start":{"line":38,"column":27},"end":{"line":38,"column":40}}],"line":38},"8":{"loc":{"start":{"line":47,"column":19},"end":{"line":49,"column":22}},"type":"cond-expr","locations":[{"start":{"line":48,"column":19},"end":{"line":48,"column":34}},{"start":{"line":49,"column":18},"end":{"line":49,"column":22}}],"line":47},"9":{"loc":{"start":{"line":47,"column":19},"end":{"line":47,"column":40}},"type":"binary-expr","locations":[{"start":{"line":47,"column":19},"end":{"line":47,"column":23}},{"start":{"line":47,"column":27},"end":{"line":47,"column":40}}],"line":47},"10":{"loc":{"start":{"line":71,"column":12},"end":{"line":72,"column":28}},"type":"if","locations":[{"start":{"line":71,"column":12},"end":{"line":72,"column":28}},{"start":{},"end":{}}],"line":71}},"s":{"0":1,"1":12,"2":0,"3":12,"4":12,"5":12,"6":0,"7":0,"8":0,"9":0,"10":24,"11":12,"12":1,"13":1,"14":1,"15":1,"16":1,"17":1,"18":1,"19":3,"20":3,"21":3,"22":0,"23":3,"24":3,"25":3,"26":5,"27":5,"28":5,"29":5,"30":1,"31":1,"32":1,"33":1,"34":1,"35":1,"36":1,"37":1,"38":1,"39":1,"40":1,"41":1,"42":1,"43":1,"44":1,"45":1,"46":0,"47":1,"48":3,"49":1},"f":{"0":12,"1":12,"2":0,"3":12,"4":12,"5":0,"6":24,"7":1,"8":3,"9":3,"10":5,"11":5,"12":1,"13":1,"14":1,"15":1,"16":1,"17":1,"18":1,"19":1,"20":3},"b":{"0":[1,1,1],"1":[12,0],"2":[12,12],"3":[12,12],"4":[12,12],"5":[0,3],"6":[4,1],"7":[5,5],"8":[1,0],"9":[1,1],"10":[0,1]},"_coverageSchema":"1a1c01bbd47fc00a2c39e90264f33305004495a9","hash":"945040d1c5e9226b3404c951e6fa305187963022"}
,"D:\\PROGRAM\\HK7\\Web\\LAB_3\\src\\db\\DbHistoryRepo.ts": {"path":"D:\\PROGRAM\\HK7\\Web\\LAB_3\\src\\db\\DbHistoryRepo.ts","statementMap":{"0":{"start":{"line":2,"column":16},"end":{"line":10,"column":1}},"1":{"start":{"line":3,"column":28},"end":{"line":3,"column":110}},"2":{"start":{"line":3,"column":91},"end":{"line":3,"column":106}},"3":{"start":{"line":4,"column":4},"end":{"line":9,"column":7}},"4":{"start":{"line":5,"column":36},"end":{"line":5,"column":97}},"5":{"start":{"line":5,"column":42},"end":{"line":5,"column":70}},"6":{"start":{"line":5,"column":85},"end":{"line":5,"column":95}},"7":{"start":{"line":6,"column":35},"end":{"line":6,"column":100}},"8":{"start":{"line":6,"column":41},"end":{"line":6,"column":73}},"9":{"start":{"line":6,"column":88},"end":{"line":6,"column":98}},"10":{"start":{"line":7,"column":32},"end":{"line":7,"column":116}},"11":{"start":{"line":8,"column":8},"end":{"line":8,"column":78}},"12":{"start":{"line":11,"column":0},"end":{"line":11,"column":62}},"13":{"start":{"line":12,"column":0},"end":{"line":12,"column":31}},"14":{"start":{"line":13,"column":18},"end":{"line":13,"column":45}},"15":{"start":{"line":14,"column":17},"end":{"line":14,"column":36}},"16":{"start":{"line":15,"column":23},"end":{"line":15,"column":56}},"17":{"start":{"line":16,"column":17},"end":{"line":16,"column":44}},"18":{"start":{"line":19,"column":8},"end":{"line":19,"column":60}},"19":{"start":{"line":22,"column":8},"end":{"line":32,"column":11}},"20":{"start":{"line":23,"column":35},"end":{"line":23,"column":79}},"21":{"start":{"line":24,"column":12},"end":{"line":26,"column":13}},"22":{"start":{"line":25,"column":16},"end":{"line":25,"column":29}},"23":{"start":{"line":27,"column":30},"end":{"line":27,"column":61}},"24":{"start":{"line":28,"column":26},"end":{"line":29,"column":70}},"25":{"start":{"line":30,"column":12},"end":{"line":30,"column":64}},"26":{"start":{"line":31,"column":12},"end":{"line":31,"column":24}},"27":{"start":{"line":35,"column":8},"end":{"line":41,"column":11}},"28":{"start":{"line":36,"column":26},"end":{"line":36,"column":87}},"29":{"start":{"line":37,"column":25},"end":{"line":37,"column":75}},"30":{"start":{"line":38,"column":12},"end":{"line":40,"column":23}},"31":{"start":{"line":44,"column":8},"end":{"line":48,"column":11}},"32":{"start":{"line":45,"column":26},"end":{"line":45,"column":85}},"33":{"start":{"line":46,"column":12},"end":{"line":46,"column":64}},"34":{"start":{"line":47,"column":12},"end":{"line":47,"column":24}},"35":{"start":{"line":51,"column":8},"end":{"line":57,"column":11}},"36":{"start":{"line":52,"column":26},"end":{"line":52,"column":70}},"37":{"start":{"line":53,"column":24},"end":{"line":53,"column":74}},"38":{"start":{"line":54,"column":12},"end":{"line":55,"column":28}},"39":{"start":{"line":55,"column":16},"end":{"line":55,"column":28}},"40":{"start":{"line":56,"column":12},"end":{"line":56,"column":79}},"41":{"start":{"line":56,"column":37},"end":{"line":56,"column":77}},"42":{"start":{"line":60,"column":0},"end":{"line":60,"column":38}}},"fnMap":{"0":{"name":"(anonymous_0)","decl":{"start":{"line":2,"column":44},"end":{"line":2,"column":45}},"loc":{"start":{"line":2,"column":89},"end":{"line":10,"column":1}},"line":2},"1":{"name":"adopt","decl":{"start":{"line":3,"column":13},"end":{"line":3,"column":18}},"loc":{"start":{"line":3,"column":26},"end":{"line":3,"column":112}},"line":3},"2":{"name":"(anonymous_2)","decl":{"start":{"line":3,"column":70},"end":{"line":3,"column":71}},"loc":{"start":{"line":3,"column":89},"end":{"line":3,"column":108}},"line":3},"3":{"name":"(anonymous_3)","decl":{"start":{"line":4,"column":36},"end":{"line":4,"column":37}},"loc":{"start":{"line":4,"column":63},"end":{"line":9,"column":5}},"line":4},"4":{"name":"fulfilled","decl":{"start":{"line":5,"column":17},"end":{"line":5,"column":26}},"loc":{"start":{"line":5,"column":34},"end":{"line":5,"column":99}},"line":5},"5":{"name":"rejected","decl":{"start":{"line":6,"column":17},"end":{"line":6,"column":25}},"loc":{"start":{"line":6,"column":33},"end":{"line":6,"column":102}},"line":6},"6":{"name":"step","decl":{"start":{"line":7,"column":17},"end":{"line":7,"column":21}},"loc":{"start":{"line":7,"column":30},"end":{"line":7,"column":118}},"line":7},"7":{"name":"(anonymous_7)","decl":{"start":{"line":18,"column":4},"end":{"line":18,"column":5}},"loc":{"start":{"line":18,"column":28},"end":{"line":20,"column":5}},"line":18},"8":{"name":"(anonymous_8)","decl":{"start":{"line":21,"column":4},"end":{"line":21,"column":5}},"loc":{"start":{"line":21,"column":24},"end":{"line":33,"column":5}},"line":21},"9":{"name":"(anonymous_9)","decl":{"start":{"line":22,"column":47},"end":{"line":22,"column":48}},"loc":{"start":{"line":22,"column":60},"end":{"line":32,"column":9}},"line":22},"10":{"name":"(anonymous_10)","decl":{"start":{"line":34,"column":4},"end":{"line":34,"column":5}},"loc":{"start":{"line":34,"column":19},"end":{"line":42,"column":5}},"line":34},"11":{"name":"(anonymous_11)","decl":{"start":{"line":35,"column":47},"end":{"line":35,"column":48}},"loc":{"start":{"line":35,"column":60},"end":{"line":41,"column":9}},"line":35},"12":{"name":"(anonymous_12)","decl":{"start":{"line":43,"column":4},"end":{"line":43,"column":5}},"loc":{"start":{"line":43,"column":22},"end":{"line":49,"column":5}},"line":43},"13":{"name":"(anonymous_13)","decl":{"start":{"line":44,"column":47},"end":{"line":44,"column":48}},"loc":{"start":{"line":44,"column":60},"end":{"line":48,"column":9}},"line":44},"14":{"name":"(anonymous_14)","decl":{"start":{"line":50,"column":4},"end":{"line":50,"column":5}},"loc":{"start":{"line":50,"column":19},"end":{"line":58,"column":5}},"line":50},"15":{"name":"(anonymous_15)","decl":{"start":{"line":51,"column":47},"end":{"line":51,"column":48}},"loc":{"start":{"line":51,"column":60},"end":{"line":57,"column":9}},"line":51},"16":{"name":"(anonymous_16)","decl":{"start":{"line":56,"column":32},"end":{"line":56,"column":33}},"loc":{"start":{"line":56,"column":37},"end":{"line":56,"column":77}},"line":56}},"branchMap":{"0":{"loc":{"start":{"line":2,"column":16},"end":{"line":10,"column":1}},"type":"binary-expr","locations":[{"start":{"line":2,"column":17},"end":{"line":2,"column":21}},{"start":{"line":2,"column":25},"end":{"line":2,"column":39}},{"start":{"line":2,"column":44},"end":{"line":10,"column":1}}],"line":2},"1":{"loc":{"start":{"line":3,"column":35},"end":{"line":3,"column":109}},"type":"cond-expr","locations":[{"start":{"line":3,"column":56},"end":{"line":3,"column":61}},{"start":{"line":3,"column":64},"end":{"line":3,"column":109}}],"line":3},"2":{"loc":{"start":{"line":4,"column":16},"end":{"line":4,"column":34}},"type":"binary-expr","locations":[{"start":{"line":4,"column":16},"end":{"line":4,"column":17}},{"start":{"line":4,"column":22},"end":{"line":4,"column":33}}],"line":4},"3":{"loc":{"start":{"line":7,"column":32},"end":{"line":7,"column":115}},"type":"cond-expr","locations":[{"start":{"line":7,"column":46},"end":{"line":7,"column":67}},{"start":{"line":7,"column":70},"end":{"line":7,"column":115}}],"line":7},"4":{"loc":{"start":{"line":8,"column":51},"end":{"line":8,"column":67}},"type":"binary-expr","locations":[{"start":{"line":8,"column":51},"end":{"line":8,"column":61}},{"start":{"line":8,"column":65},"end":{"line":8,"column":67}}],"line":8},"5":{"loc":{"start":{"line":24,"column":12},"end":{"line":26,"column":13}},"type":"if","locations":[{"start":{"line":24,"column":12},"end":{"line":26,"column":13}},{"start":{},"end":{}}],"line":24},"6":{"loc":{"start":{"line":38,"column":19},"end":{"line":40,"column":22}},"type":"cond-expr","locations":[{"start":{"line":39,"column":19},"end":{"line":39,"column":155}},{"start":{"line":40,"column":18},"end":{"line":40,"column":22}}],"line":38},"7":{"loc":{"start":{"line":38,"column":19},"end":{"line":38,"column":40}},"type":"binary-expr","locations":[{"start":{"line":38,"column":19},"end":{"line":38,"column":23}},{"start":{"line":38,"column":27},"end":{"line":38,"column":40}}],"line":38},"8":{"loc":{"start":{"line":54,"column":12},"end":{"line":55,"column":28}},"type":"if","locations":[{"start":{"line":54,"column":12},"end":{"line":55,"column":28}},{"start":{},"end":{}}],"line":54}},"s":{"0":1,"1":9,"2":0,"3":9,"4":9,"5":9,"6":0,"7":0,"8":0,"9":0,"10":18,"11":9,"12":1,"13":1,"14":1,"15":1,"16":1,"17":1,"18":1,"19":3,"20":3,"21":3,"22":0,"23":3,"24":3,"25":3,"26":3,"27":4,"28":4,"29":4,"30":4,"31":1,"32":1,"33":1,"34":1,"35":1,"36":1,"37":1,"38":1,"39":0,"40":1,"41":3,"42":1},"f":{"0":9,"1":9,"2":0,"3":9,"4":9,"5":0,"6":18,"7":1,"8":3,"9":3,"10":4,"11":4,"12":1,"13":1,"14":1,"15":1,"16":3},"b":{"0":[1,1,1],"1":[9,0],"2":[9,9],"3":[9,9],"4":[9,9],"5":[0,3],"6":[3,1],"7":[4,4],"8":[0,1]},"_coverageSchema":"1a1c01bbd47fc00a2c39e90264f33305004495a9","hash":"cb3bae39445655f0884407481b6b91f2dd361561"}
,"D:\\PROGRAM\\HK7\\Web\\LAB_3\\src\\db\\DbRequestRepo.ts": {"path":"D:\\PROGRAM\\HK7\\Web\\LAB_3\\src\\db\\DbRequestRepo.ts","statementMap":{"0":{"start":{"line":2,"column":16},"end":{"line":10,"column":1}},"1":{"start":{"line":3,"column":28},"end":{"line":3,"column":110}},"2":{"start":{"line":3,"column":91},"end":{"line":3,"column":106}},"3":{"start":{"line":4,"column":4},"end":{"line":9,"column":7}},"4":{"start":{"line":5,"column":36},"end":{"line":5,"column":97}},"5":{"start":{"line":5,"column":42},"end":{"line":5,"column":70}},"6":{"start":{"line":5,"column":85},"end":{"line":5,"column":95}},"7":{"start":{"line":6,"column":35},"end":{"line":6,"column":100}},"8":{"start":{"line":6,"column":41},"end":{"line":6,"column":73}},"9":{"start":{"line":6,"column":88},"end":{"line":6,"column":98}},"10":{"start":{"line":7,"column":32},"end":{"line":7,"column":116}},"11":{"start":{"line":8,"column":8},"end":{"line":8,"column":78}},"12":{"start":{"line":11,"column":0},"end":{"line":11,"column":62}},"13":{"start":{"line":12,"column":0},"end":{"line":12,"column":31}},"14":{"start":{"line":13,"column":18},"end":{"line":13,"column":45}},"15":{"start":{"line":14,"column":17},"end":{"line":14,"column":36}},"16":{"start":{"line":15,"column":23},"end":{"line":15,"column":56}},"17":{"start":{"line":16,"column":17},"end":{"line":16,"column":44}},"18":{"start":{"line":19,"column":8},"end":{"line":19,"column":60}},"19":{"start":{"line":22,"column":8},"end":{"line":33,"column":11}},"20":{"start":{"line":23,"column":35},"end":{"line":23,"column":79}},"21":{"start":{"line":24,"column":12},"end":{"line":26,"column":13}},"22":{"start":{"line":25,"column":16},"end":{"line":25,"column":29}},"23":{"start":{"line":27,"column":27},"end":{"line":27,"column":55}},"24":{"start":{"line":28,"column":28},"end":{"line":28,"column":57}},"25":{"start":{"line":29,"column":26},"end":{"line":30,"column":115}},"26":{"start":{"line":31,"column":12},"end":{"line":31,"column":64}},"27":{"start":{"line":32,"column":12},"end":{"line":32,"column":24}},"28":{"start":{"line":36,"column":8},"end":{"line":42,"column":11}},"29":{"start":{"line":37,"column":26},"end":{"line":37,"column":86}},"30":{"start":{"line":38,"column":25},"end":{"line":38,"column":75}},"31":{"start":{"line":39,"column":12},"end":{"line":41,"column":23}},"32":{"start":{"line":45,"column":8},"end":{"line":50,"column":11}},"33":{"start":{"line":46,"column":26},"end":{"line":47,"column":25}},"34":{"start":{"line":48,"column":12},"end":{"line":48,"column":64}},"35":{"start":{"line":49,"column":12},"end":{"line":49,"column":24}},"36":{"start":{"line":53,"column":8},"end":{"line":57,"column":11}},"37":{"start":{"line":54,"column":26},"end":{"line":54,"column":84}},"38":{"start":{"line":55,"column":12},"end":{"line":55,"column":64}},"39":{"start":{"line":56,"column":12},"end":{"line":56,"column":24}},"40":{"start":{"line":60,"column":8},"end":{"line":66,"column":11}},"41":{"start":{"line":61,"column":26},"end":{"line":61,"column":69}},"42":{"start":{"line":62,"column":24},"end":{"line":62,"column":74}},"43":{"start":{"line":63,"column":12},"end":{"line":64,"column":28}},"44":{"start":{"line":64,"column":16},"end":{"line":64,"column":28}},"45":{"start":{"line":65,"column":12},"end":{"line":65,"column":79}},"46":{"start":{"line":65,"column":37},"end":{"line":65,"column":77}},"47":{"start":{"line":69,"column":0},"end":{"line":69,"column":38}}},"fnMap":{"0":{"name":"(anonymous_0)","decl":{"start":{"line":2,"column":44},"end":{"line":2,"column":45}},"loc":{"start":{"line":2,"column":89},"end":{"line":10,"column":1}},"line":2},"1":{"name":"adopt","decl":{"start":{"line":3,"column":13},"end":{"line":3,"column":18}},"loc":{"start":{"line":3,"column":26},"end":{"line":3,"column":112}},"line":3},"2":{"name":"(anonymous_2)","decl":{"start":{"line":3,"column":70},"end":{"line":3,"column":71}},"loc":{"start":{"line":3,"column":89},"end":{"line":3,"column":108}},"line":3},"3":{"name":"(anonymous_3)","decl":{"start":{"line":4,"column":36},"end":{"line":4,"column":37}},"loc":{"start":{"line":4,"column":63},"end":{"line":9,"column":5}},"line":4},"4":{"name":"fulfilled","decl":{"start":{"line":5,"column":17},"end":{"line":5,"column":26}},"loc":{"start":{"line":5,"column":34},"end":{"line":5,"column":99}},"line":5},"5":{"name":"rejected","decl":{"start":{"line":6,"column":17},"end":{"line":6,"column":25}},"loc":{"start":{"line":6,"column":33},"end":{"line":6,"column":102}},"line":6},"6":{"name":"step","decl":{"start":{"line":7,"column":17},"end":{"line":7,"column":21}},"loc":{"start":{"line":7,"column":30},"end":{"line":7,"column":118}},"line":7},"7":{"name":"(anonymous_7)","decl":{"start":{"line":18,"column":4},"end":{"line":18,"column":5}},"loc":{"start":{"line":18,"column":28},"end":{"line":20,"column":5}},"line":18},"8":{"name":"(anonymous_8)","decl":{"start":{"line":21,"column":4},"end":{"line":21,"column":5}},"loc":{"start":{"line":21,"column":24},"end":{"line":34,"column":5}},"line":21},"9":{"name":"(anonymous_9)","decl":{"start":{"line":22,"column":47},"end":{"line":22,"column":48}},"loc":{"start":{"line":22,"column":60},"end":{"line":33,"column":9}},"line":22},"10":{"name":"(anonymous_10)","decl":{"start":{"line":35,"column":4},"end":{"line":35,"column":5}},"loc":{"start":{"line":35,"column":19},"end":{"line":43,"column":5}},"line":35},"11":{"name":"(anonymous_11)","decl":{"start":{"line":36,"column":47},"end":{"line":36,"column":48}},"loc":{"start":{"line":36,"column":60},"end":{"line":42,"column":9}},"line":36},"12":{"name":"(anonymous_12)","decl":{"start":{"line":44,"column":4},"end":{"line":44,"column":5}},"loc":{"start":{"line":44,"column":30},"end":{"line":51,"column":5}},"line":44},"13":{"name":"(anonymous_13)","decl":{"start":{"line":45,"column":47},"end":{"line":45,"column":48}},"loc":{"start":{"line":45,"column":60},"end":{"line":50,"column":9}},"line":45},"14":{"name":"(anonymous_14)","decl":{"start":{"line":52,"column":4},"end":{"line":52,"column":5}},"loc":{"start":{"line":52,"column":22},"end":{"line":58,"column":5}},"line":52},"15":{"name":"(anonymous_15)","decl":{"start":{"line":53,"column":47},"end":{"line":53,"column":48}},"loc":{"start":{"line":53,"column":60},"end":{"line":57,"column":9}},"line":53},"16":{"name":"(anonymous_16)","decl":{"start":{"line":59,"column":4},"end":{"line":59,"column":5}},"loc":{"start":{"line":59,"column":18},"end":{"line":67,"column":5}},"line":59},"17":{"name":"(anonymous_17)","decl":{"start":{"line":60,"column":47},"end":{"line":60,"column":48}},"loc":{"start":{"line":60,"column":60},"end":{"line":66,"column":9}},"line":60},"18":{"name":"(anonymous_18)","decl":{"start":{"line":65,"column":32},"end":{"line":65,"column":33}},"loc":{"start":{"line":65,"column":37},"end":{"line":65,"column":77}},"line":65}},"branchMap":{"0":{"loc":{"start":{"line":2,"column":16},"end":{"line":10,"column":1}},"type":"binary-expr","locations":[{"start":{"line":2,"column":17},"end":{"line":2,"column":21}},{"start":{"line":2,"column":25},"end":{"line":2,"column":39}},{"start":{"line":2,"column":44},"end":{"line":10,"column":1}}],"line":2},"1":{"loc":{"start":{"line":3,"column":35},"end":{"line":3,"column":109}},"type":"cond-expr","locations":[{"start":{"line":3,"column":56},"end":{"line":3,"column":61}},{"start":{"line":3,"column":64},"end":{"line":3,"column":109}}],"line":3},"2":{"loc":{"start":{"line":4,"column":16},"end":{"line":4,"column":34}},"type":"binary-expr","locations":[{"start":{"line":4,"column":16},"end":{"line":4,"column":17}},{"start":{"line":4,"column":22},"end":{"line":4,"column":33}}],"line":4},"3":{"loc":{"start":{"line":7,"column":32},"end":{"line":7,"column":115}},"type":"cond-expr","locations":[{"start":{"line":7,"column":46},"end":{"line":7,"column":67}},{"start":{"line":7,"column":70},"end":{"line":7,"column":115}}],"line":7},"4":{"loc":{"start":{"line":8,"column":51},"end":{"line":8,"column":67}},"type":"binary-expr","locations":[{"start":{"line":8,"column":51},"end":{"line":8,"column":61}},{"start":{"line":8,"column":65},"end":{"line":8,"column":67}}],"line":8},"5":{"loc":{"start":{"line":24,"column":12},"end":{"line":26,"column":13}},"type":"if","locations":[{"start":{"line":24,"column":12},"end":{"line":26,"column":13}},{"start":{},"end":{}}],"line":24},"6":{"loc":{"start":{"line":39,"column":19},"end":{"line":41,"column":22}},"type":"cond-expr","locations":[{"start":{"line":40,"column":19},"end":{"line":40,"column":238}},{"start":{"line":41,"column":18},"end":{"line":41,"column":22}}],"line":39},"7":{"loc":{"start":{"line":39,"column":19},"end":{"line":39,"column":40}},"type":"binary-expr","locations":[{"start":{"line":39,"column":19},"end":{"line":39,"column":23}},{"start":{"line":39,"column":27},"end":{"line":39,"column":40}}],"line":39},"8":{"loc":{"start":{"line":63,"column":12},"end":{"line":64,"column":28}},"type":"if","locations":[{"start":{"line":63,"column":12},"end":{"line":64,"column":28}},{"start":{},"end":{}}],"line":63}},"s":{"0":1,"1":11,"2":0,"3":11,"4":11,"5":11,"6":0,"7":0,"8":0,"9":0,"10":22,"11":11,"12":1,"13":1,"14":1,"15":1,"16":1,"17":1,"18":1,"19":3,"20":3,"21":3,"22":0,"23":3,"24":3,"25":3,"26":3,"27":3,"28":5,"29":5,"30":5,"31":5,"32":1,"33":1,"34":1,"35":1,"36":1,"37":1,"38":1,"39":1,"40":1,"41":1,"42":1,"43":1,"44":0,"45":1,"46":3,"47":1},"f":{"0":11,"1":11,"2":0,"3":11,"4":11,"5":0,"6":22,"7":1,"8":3,"9":3,"10":5,"11":5,"12":1,"13":1,"14":1,"15":1,"16":1,"17":1,"18":3},"b":{"0":[1,1,1],"1":[11,0],"2":[11,11],"3":[11,11],"4":[11,11],"5":[0,3],"6":[4,1],"7":[5,5],"8":[0,1]},"_coverageSchema":"1a1c01bbd47fc00a2c39e90264f33305004495a9","hash":"14f7e2993d93acc6f36301fe6267e5221548e0c6"}
,"D:\\PROGRAM\\HK7\\Web\\LAB_3\\src\\db\\DbRoomRepo.ts": {"path":"D:\\PROGRAM\\HK7\\Web\\LAB_3\\src\\db\\DbRoomRepo.ts","statementMap":{"0":{"start":{"line":2,"column":16},"end":{"line":10,"column":1}},"1":{"start":{"line":3,"column":28},"end":{"line":3,"column":110}},"2":{"start":{"line":3,"column":91},"end":{"line":3,"column":106}},"3":{"start":{"line":4,"column":4},"end":{"line":9,"column":7}},"4":{"start":{"line":5,"column":36},"end":{"line":5,"column":97}},"5":{"start":{"line":5,"column":42},"end":{"line":5,"column":70}},"6":{"start":{"line":5,"column":85},"end":{"line":5,"column":95}},"7":{"start":{"line":6,"column":35},"end":{"line":6,"column":100}},"8":{"start":{"line":6,"column":41},"end":{"line":6,"column":73}},"9":{"start":{"line":6,"column":88},"end":{"line":6,"column":98}},"10":{"start":{"line":7,"column":32},"end":{"line":7,"column":116}},"11":{"start":{"line":8,"column":8},"end":{"line":8,"column":78}},"12":{"start":{"line":11,"column":0},"end":{"line":11,"column":62}},"13":{"start":{"line":12,"column":0},"end":{"line":12,"column":28}},"14":{"start":{"line":13,"column":15},"end":{"line":13,"column":39}},"15":{"start":{"line":14,"column":17},"end":{"line":14,"column":36}},"16":{"start":{"line":15,"column":20},"end":{"line":15,"column":50}},"17":{"start":{"line":16,"column":17},"end":{"line":16,"column":44}},"18":{"start":{"line":19,"column":8},"end":{"line":19,"column":60}},"19":{"start":{"line":22,"column":8},"end":{"line":37,"column":11}},"20":{"start":{"line":23,"column":35},"end":{"line":23,"column":70}},"21":{"start":{"line":25,"column":12},"end":{"line":27,"column":13}},"22":{"start":{"line":26,"column":16},"end":{"line":26,"column":29}},"23":{"start":{"line":28,"column":22},"end":{"line":28,"column":92}},"24":{"start":{"line":29,"column":25},"end":{"line":29,"column":71}},"25":{"start":{"line":30,"column":12},"end":{"line":32,"column":13}},"26":{"start":{"line":31,"column":16},"end":{"line":31,"column":29}},"27":{"start":{"line":33,"column":26},"end":{"line":34,"column":71}},"28":{"start":{"line":35,"column":12},"end":{"line":35,"column":64}},"29":{"start":{"line":36,"column":12},"end":{"line":36,"column":24}},"30":{"start":{"line":40,"column":8},"end":{"line":46,"column":11}},"31":{"start":{"line":41,"column":26},"end":{"line":41,"column":83}},"32":{"start":{"line":42,"column":25},"end":{"line":42,"column":75}},"33":{"start":{"line":43,"column":12},"end":{"line":45,"column":23}},"34":{"start":{"line":49,"column":8},"end":{"line":55,"column":11}},"35":{"start":{"line":50,"column":26},"end":{"line":50,"column":91}},"36":{"start":{"line":51,"column":25},"end":{"line":51,"column":75}},"37":{"start":{"line":52,"column":12},"end":{"line":54,"column":23}},"38":{"start":{"line":58,"column":8},"end":{"line":63,"column":11}},"39":{"start":{"line":59,"column":26},"end":{"line":60,"column":45}},"40":{"start":{"line":61,"column":12},"end":{"line":61,"column":64}},"41":{"start":{"line":62,"column":12},"end":{"line":62,"column":24}},"42":{"start":{"line":66,"column":8},"end":{"line":70,"column":11}},"43":{"start":{"line":67,"column":26},"end":{"line":67,"column":81}},"44":{"start":{"line":68,"column":12},"end":{"line":68,"column":64}},"45":{"start":{"line":69,"column":12},"end":{"line":69,"column":24}},"46":{"start":{"line":73,"column":8},"end":{"line":79,"column":11}},"47":{"start":{"line":74,"column":26},"end":{"line":74,"column":66}},"48":{"start":{"line":75,"column":24},"end":{"line":75,"column":74}},"49":{"start":{"line":76,"column":12},"end":{"line":77,"column":28}},"50":{"start":{"line":77,"column":16},"end":{"line":77,"column":28}},"51":{"start":{"line":78,"column":12},"end":{"line":78,"column":73}},"52":{"start":{"line":78,"column":37},"end":{"line":78,"column":71}},"53":{"start":{"line":82,"column":0},"end":{"line":82,"column":32}}},"fnMap":{"0":{"name":"(anonymous_0)","decl":{"start":{"line":2,"column":44},"end":{"line":2,"column":45}},"loc":{"start":{"line":2,"column":89},"end":{"line":10,"column":1}},"line":2},"1":{"name":"adopt","decl":{"start":{"line":3,"column":13},"end":{"line":3,"column":18}},"loc":{"start":{"line":3,"column":26},"end":{"line":3,"column":112}},"line":3},"2":{"name":"(anonymous_2)","decl":{"start":{"line":3,"column":70},"end":{"line":3,"column":71}},"loc":{"start":{"line":3,"column":89},"end":{"line":3,"column":108}},"line":3},"3":{"name":"(anonymous_3)","decl":{"start":{"line":4,"column":36},"end":{"line":4,"column":37}},"loc":{"start":{"line":4,"column":63},"end":{"line":9,"column":5}},"line":4},"4":{"name":"fulfilled","decl":{"start":{"line":5,"column":17},"end":{"line":5,"column":26}},"loc":{"start":{"line":5,"column":34},"end":{"line":5,"column":99}},"line":5},"5":{"name":"rejected","decl":{"start":{"line":6,"column":17},"end":{"line":6,"column":25}},"loc":{"start":{"line":6,"column":33},"end":{"line":6,"column":102}},"line":6},"6":{"name":"step","decl":{"start":{"line":7,"column":17},"end":{"line":7,"column":21}},"loc":{"start":{"line":7,"column":30},"end":{"line":7,"column":118}},"line":7},"7":{"name":"(anonymous_7)","decl":{"start":{"line":18,"column":4},"end":{"line":18,"column":5}},"loc":{"start":{"line":18,"column":28},"end":{"line":20,"column":5}},"line":18},"8":{"name":"(anonymous_8)","decl":{"start":{"line":21,"column":4},"end":{"line":21,"column":5}},"loc":{"start":{"line":21,"column":18},"end":{"line":38,"column":5}},"line":21},"9":{"name":"(anonymous_9)","decl":{"start":{"line":22,"column":47},"end":{"line":22,"column":48}},"loc":{"start":{"line":22,"column":60},"end":{"line":37,"column":9}},"line":22},"10":{"name":"(anonymous_10)","decl":{"start":{"line":39,"column":4},"end":{"line":39,"column":5}},"loc":{"start":{"line":39,"column":16},"end":{"line":47,"column":5}},"line":39},"11":{"name":"(anonymous_11)","decl":{"start":{"line":40,"column":47},"end":{"line":40,"column":48}},"loc":{"start":{"line":40,"column":60},"end":{"line":46,"column":9}},"line":40},"12":{"name":"(anonymous_12)","decl":{"start":{"line":48,"column":4},"end":{"line":48,"column":5}},"loc":{"start":{"line":48,"column":25},"end":{"line":56,"column":5}},"line":48},"13":{"name":"(anonymous_13)","decl":{"start":{"line":49,"column":47},"end":{"line":49,"column":48}},"loc":{"start":{"line":49,"column":60},"end":{"line":55,"column":9}},"line":49},"14":{"name":"(anonymous_14)","decl":{"start":{"line":57,"column":4},"end":{"line":57,"column":5}},"loc":{"start":{"line":57,"column":40},"end":{"line":64,"column":5}},"line":57},"15":{"name":"(anonymous_15)","decl":{"start":{"line":58,"column":47},"end":{"line":58,"column":48}},"loc":{"start":{"line":58,"column":60},"end":{"line":63,"column":9}},"line":58},"16":{"name":"(anonymous_16)","decl":{"start":{"line":65,"column":4},"end":{"line":65,"column":5}},"loc":{"start":{"line":65,"column":19},"end":{"line":71,"column":5}},"line":65},"17":{"name":"(anonymous_17)","decl":{"start":{"line":66,"column":47},"end":{"line":66,"column":48}},"loc":{"start":{"line":66,"column":60},"end":{"line":70,"column":9}},"line":66},"18":{"name":"(anonymous_18)","decl":{"start":{"line":72,"column":4},"end":{"line":72,"column":5}},"loc":{"start":{"line":72,"column":15},"end":{"line":80,"column":5}},"line":72},"19":{"name":"(anonymous_19)","decl":{"start":{"line":73,"column":47},"end":{"line":73,"column":48}},"loc":{"start":{"line":73,"column":60},"end":{"line":79,"column":9}},"line":73},"20":{"name":"(anonymous_20)","decl":{"start":{"line":78,"column":32},"end":{"line":78,"column":33}},"loc":{"start":{"line":78,"column":37},"end":{"line":78,"column":71}},"line":78}},"branchMap":{"0":{"loc":{"start":{"line":2,"column":16},"end":{"line":10,"column":1}},"type":"binary-expr","locations":[{"start":{"line":2,"column":17},"end":{"line":2,"column":21}},{"start":{"line":2,"column":25},"end":{"line":2,"column":39}},{"start":{"line":2,"column":44},"end":{"line":10,"column":1}}],"line":2},"1":{"loc":{"start":{"line":3,"column":35},"end":{"line":3,"column":109}},"type":"cond-expr","locations":[{"start":{"line":3,"column":56},"end":{"line":3,"column":61}},{"start":{"line":3,"column":64},"end":{"line":3,"column":109}}],"line":3},"2":{"loc":{"start":{"line":4,"column":16},"end":{"line":4,"column":34}},"type":"binary-expr","locations":[{"start":{"line":4,"column":16},"end":{"line":4,"column":17}},{"start":{"line":4,"column":22},"end":{"line":4,"column":33}}],"line":4},"3":{"loc":{"start":{"line":7,"column":32},"end":{"line":7,"column":115}},"type":"cond-expr","locations":[{"start":{"line":7,"column":46},"end":{"line":7,"column":67}},{"start":{"line":7,"column":70},"end":{"line":7,"column":115}}],"line":7},"4":{"loc":{"start":{"line":8,"column":51},"end":{"line":8,"column":67}},"type":"binary-expr","locations":[{"start":{"line":8,"column":51},"end":{"line":8,"column":61}},{"start":{"line":8,"column":65},"end":{"line":8,"column":67}}],"line":8},"5":{"loc":{"start":{"line":25,"column":12},"end":{"line":27,"column":13}},"type":"if","locations":[{"start":{"line":25,"column":12},"end":{"line":27,"column":13}},{"start":{},"end":{}}],"line":25},"6":{"loc":{"start":{"line":30,"column":12},"end":{"line":32,"column":13}},"type":"if","locations":[{"start":{"line":30,"column":12},"end":{"line":32,"column":13}},{"start":{},"end":{}}],"line":30},"7":{"loc":{"start":{"line":30,"column":16},"end":{"line":30,"column":43}},"type":"binary-expr","locations":[{"start":{"line":30,"column":16},"end":{"line":30,"column":20}},{"start":{"line":30,"column":24},"end":{"line":30,"column":43}}],"line":30},"8":{"loc":{"start":{"line":43,"column":19},"end":{"line":45,"column":22}},"type":"cond-expr","locations":[{"start":{"line":44,"column":19},"end":{"line":44,"column":119}},{"start":{"line":45,"column":18},"end":{"line":45,"column":22}}],"line":43},"9":{"loc":{"start":{"line":43,"column":19},"end":{"line":43,"column":40}},"type":"binary-expr","locations":[{"start":{"line":43,"column":19},"end":{"line":43,"column":23}},{"start":{"line":43,"column":27},"end":{"line":43,"column":40}}],"line":43},"10":{"loc":{"start":{"line":52,"column":19},"end":{"line":54,"column":22}},"type":"cond-expr","locations":[{"start":{"line":53,"column":19},"end":{"line":53,"column":119}},{"start":{"line":54,"column":18},"end":{"line":54,"column":22}}],"line":52},"11":{"loc":{"start":{"line":52,"column":19},"end":{"line":52,"column":40}},"type":"binary-expr","locations":[{"start":{"line":52,"column":19},"end":{"line":52,"column":23}},{"start":{"line":52,"column":27},"end":{"line":52,"column":40}}],"line":52},"12":{"loc":{"start":{"line":76,"column":12},"end":{"line":77,"column":28}},"type":"if","locations":[{"start":{"line":76,"column":12},"end":{"line":77,"column":28}},{"start":{},"end":{}}],"line":76}},"s":{"0":1,"1":15,"2":0,"3":12,"4":15,"5":15,"6":0,"7":0,"8":0,"9":0,"10":27,"11":12,"12":1,"13":1,"14":1,"15":1,"16":1,"17":1,"18":1,"19":3,"20":3,"21":3,"22":0,"23":3,"24":3,"25":3,"26":0,"27":3,"28":3,"29":3,"30":5,"31":5,"32":5,"33":5,"34":1,"35":1,"36":1,"37":1,"38":1,"39":1,"40":1,"41":1,"42":1,"43":1,"44":1,"45":1,"46":1,"47":1,"48":1,"49":1,"50":0,"51":1,"52":3,"53":1},"f":{"0":12,"1":15,"2":0,"3":12,"4":15,"5":0,"6":27,"7":1,"8":3,"9":3,"10":5,"11":5,"12":1,"13":1,"14":1,"15":1,"16":1,"17":1,"18":1,"19":1,"20":3},"b":{"0":[1,1,1],"1":[15,0],"2":[12,12],"3":[12,15],"4":[12,12],"5":[0,3],"6":[0,3],"7":[3,3],"8":[4,1],"9":[5,5],"10":[1,0],"11":[1,1],"12":[0,1]},"_coverageSchema":"1a1c01bbd47fc00a2c39e90264f33305004495a9","hash":"210d37b2d4af7741815f8e1dcd18ce185879b043"}
,"D:\\PROGRAM\\HK7\\Web\\LAB_3\\src\\db\\DbStaffRepo.ts": {"path":"D:\\PROGRAM\\HK7\\Web\\LAB_3\\src\\db\\DbStaffRepo.ts","statementMap":{"0":{"start":{"line":2,"column":16},"end":{"line":10,"column":1}},"1":{"start":{"line":3,"column":28},"end":{"line":3,"column":110}},"2":{"start":{"line":3,"column":91},"end":{"line":3,"column":106}},"3":{"start":{"line":4,"column":4},"end":{"line":9,"column":7}},"4":{"start":{"line":5,"column":36},"end":{"line":5,"column":97}},"5":{"start":{"line":5,"column":42},"end":{"line":5,"column":70}},"6":{"start":{"line":5,"column":85},"end":{"line":5,"column":95}},"7":{"start":{"line":6,"column":35},"end":{"line":6,"column":100}},"8":{"start":{"line":6,"column":41},"end":{"line":6,"column":73}},"9":{"start":{"line":6,"column":88},"end":{"line":6,"column":98}},"10":{"start":{"line":7,"column":32},"end":{"line":7,"column":116}},"11":{"start":{"line":8,"column":8},"end":{"line":8,"column":78}},"12":{"start":{"line":11,"column":0},"end":{"line":11,"column":62}},"13":{"start":{"line":12,"column":0},"end":{"line":12,"column":29}},"14":{"start":{"line":13,"column":17},"end":{"line":13,"column":43}},"15":{"start":{"line":14,"column":17},"end":{"line":14,"column":36}},"16":{"start":{"line":15,"column":22},"end":{"line":15,"column":54}},"17":{"start":{"line":16,"column":17},"end":{"line":16,"column":44}},"18":{"start":{"line":19,"column":8},"end":{"line":19,"column":60}},"19":{"start":{"line":22,"column":8},"end":{"line":32,"column":11}},"20":{"start":{"line":23,"column":35},"end":{"line":23,"column":76}},"21":{"start":{"line":25,"column":12},"end":{"line":27,"column":13}},"22":{"start":{"line":26,"column":16},"end":{"line":26,"column":29}},"23":{"start":{"line":28,"column":26},"end":{"line":29,"column":103}},"24":{"start":{"line":30,"column":12},"end":{"line":30,"column":64}},"25":{"start":{"line":31,"column":12},"end":{"line":31,"column":24}},"26":{"start":{"line":35,"column":8},"end":{"line":41,"column":11}},"27":{"start":{"line":36,"column":26},"end":{"line":36,"column":84}},"28":{"start":{"line":37,"column":25},"end":{"line":37,"column":75}},"29":{"start":{"line":38,"column":12},"end":{"line":40,"column":23}},"30":{"start":{"line":44,"column":8},"end":{"line":50,"column":11}},"31":{"start":{"line":45,"column":26},"end":{"line":45,"column":97}},"32":{"start":{"line":46,"column":25},"end":{"line":46,"column":75}},"33":{"start":{"line":47,"column":12},"end":{"line":49,"column":23}},"34":{"start":{"line":53,"column":8},"end":{"line":58,"column":11}},"35":{"start":{"line":54,"column":26},"end":{"line":55,"column":83}},"36":{"start":{"line":56,"column":12},"end":{"line":56,"column":64}},"37":{"start":{"line":57,"column":12},"end":{"line":57,"column":24}},"38":{"start":{"line":61,"column":8},"end":{"line":65,"column":11}},"39":{"start":{"line":62,"column":26},"end":{"line":62,"column":82}},"40":{"start":{"line":63,"column":12},"end":{"line":63,"column":64}},"41":{"start":{"line":64,"column":12},"end":{"line":64,"column":24}},"42":{"start":{"line":68,"column":8},"end":{"line":74,"column":11}},"43":{"start":{"line":69,"column":26},"end":{"line":69,"column":67}},"44":{"start":{"line":70,"column":24},"end":{"line":70,"column":74}},"45":{"start":{"line":71,"column":12},"end":{"line":72,"column":28}},"46":{"start":{"line":72,"column":16},"end":{"line":72,"column":28}},"47":{"start":{"line":73,"column":12},"end":{"line":73,"column":77}},"48":{"start":{"line":73,"column":37},"end":{"line":73,"column":75}},"49":{"start":{"line":77,"column":0},"end":{"line":77,"column":34}}},"fnMap":{"0":{"name":"(anonymous_0)","decl":{"start":{"line":2,"column":44},"end":{"line":2,"column":45}},"loc":{"start":{"line":2,"column":89},"end":{"line":10,"column":1}},"line":2},"1":{"name":"adopt","decl":{"start":{"line":3,"column":13},"end":{"line":3,"column":18}},"loc":{"start":{"line":3,"column":26},"end":{"line":3,"column":112}},"line":3},"2":{"name":"(anonymous_2)","decl":{"start":{"line":3,"column":70},"end":{"line":3,"column":71}},"loc":{"start":{"line":3,"column":89},"end":{"line":3,"column":108}},"line":3},"3":{"name":"(anonymous_3)","decl":{"start":{"line":4,"column":36},"end":{"line":4,"column":37}},"loc":{"start":{"line":4,"column":63},"end":{"line":9,"column":5}},"line":4},"4":{"name":"fulfilled","decl":{"start":{"line":5,"column":17},"end":{"line":5,"column":26}},"loc":{"start":{"line":5,"column":34},"end":{"line":5,"column":99}},"line":5},"5":{"name":"rejected","decl":{"start":{"line":6,"column":17},"end":{"line":6,"column":25}},"loc":{"start":{"line":6,"column":33},"end":{"line":6,"column":102}},"line":6},"6":{"name":"step","decl":{"start":{"line":7,"column":17},"end":{"line":7,"column":21}},"loc":{"start":{"line":7,"column":30},"end":{"line":7,"column":118}},"line":7},"7":{"name":"(anonymous_7)","decl":{"start":{"line":18,"column":4},"end":{"line":18,"column":5}},"loc":{"start":{"line":18,"column":28},"end":{"line":20,"column":5}},"line":18},"8":{"name":"(anonymous_8)","decl":{"start":{"line":21,"column":4},"end":{"line":21,"column":5}},"loc":{"start":{"line":21,"column":22},"end":{"line":33,"column":5}},"line":21},"9":{"name":"(anonymous_9)","decl":{"start":{"line":22,"column":47},"end":{"line":22,"column":48}},"loc":{"start":{"line":22,"column":60},"end":{"line":32,"column":9}},"line":22},"10":{"name":"(anonymous_10)","decl":{"start":{"line":34,"column":4},"end":{"line":34,"column":5}},"loc":{"start":{"line":34,"column":18},"end":{"line":42,"column":5}},"line":34},"11":{"name":"(anonymous_11)","decl":{"start":{"line":35,"column":47},"end":{"line":35,"column":48}},"loc":{"start":{"line":35,"column":60},"end":{"line":41,"column":9}},"line":35},"12":{"name":"(anonymous_12)","decl":{"start":{"line":43,"column":4},"end":{"line":43,"column":5}},"loc":{"start":{"line":43,"column":35},"end":{"line":51,"column":5}},"line":43},"13":{"name":"(anonymous_13)","decl":{"start":{"line":44,"column":47},"end":{"line":44,"column":48}},"loc":{"start":{"line":44,"column":60},"end":{"line":50,"column":9}},"line":44},"14":{"name":"(anonymous_14)","decl":{"start":{"line":52,"column":4},"end":{"line":52,"column":5}},"loc":{"start":{"line":52,"column":48},"end":{"line":59,"column":5}},"line":52},"15":{"name":"(anonymous_15)","decl":{"start":{"line":53,"column":47},"end":{"line":53,"column":48}},"loc":{"start":{"line":53,"column":60},"end":{"line":58,"column":9}},"line":53},"16":{"name":"(anonymous_16)","decl":{"start":{"line":60,"column":4},"end":{"line":60,"column":5}},"loc":{"start":{"line":60,"column":21},"end":{"line":66,"column":5}},"line":60},"17":{"name":"(anonymous_17)","decl":{"start":{"line":61,"column":47},"end":{"line":61,"column":48}},"loc":{"start":{"line":61,"column":60},"end":{"line":65,"column":9}},"line":61},"18":{"name":"(anonymous_18)","decl":{"start":{"line":67,"column":4},"end":{"line":67,"column":5}},"loc":{"start":{"line":67,"column":17},"end":{"line":75,"column":5}},"line":67},"19":{"name":"(anonymous_19)","decl":{"start":{"line":68,"column":47},"end":{"line":68,"column":48}},"loc":{"start":{"line":68,"column":60},"end":{"line":74,"column":9}},"line":68},"20":{"name":"(anonymous_20)","decl":{"start":{"line":73,"column":32},"end":{"line":73,"column":33}},"loc":{"start":{"line":73,"column":37},"end":{"line":73,"column":75}},"line":73}},"branchMap":{"0":{"loc":{"start":{"line":2,"column":16},"end":{"line":10,"column":1}},"type":"binary-expr","locations":[{"start":{"line":2,"column":17},"end":{"line":2,"column":21}},{"start":{"line":2,"column":25},"end":{"line":2,"column":39}},{"start":{"line":2,"column":44},"end":{"line":10,"column":1}}],"line":2},"1":{"loc":{"start":{"line":3,"column":35},"end":{"line":3,"column":109}},"type":"cond-expr","locations":[{"start":{"line":3,"column":56},"end":{"line":3,"column":61}},{"start":{"line":3,"column":64},"end":{"line":3,"column":109}}],"line":3},"2":{"loc":{"start":{"line":4,"column":16},"end":{"line":4,"column":34}},"type":"binary-expr","locations":[{"start":{"line":4,"column":16},"end":{"line":4,"column":17}},{"start":{"line":4,"column":22},"end":{"line":4,"column":33}}],"line":4},"3":{"loc":{"start":{"line":7,"column":32},"end":{"line":7,"column":115}},"type":"cond-expr","locations":[{"start":{"line":7,"column":46},"end":{"line":7,"column":67}},{"start":{"line":7,"column":70},"end":{"line":7,"column":115}}],"line":7},"4":{"loc":{"start":{"line":8,"column":51},"end":{"line":8,"column":67}},"type":"binary-expr","locations":[{"start":{"line":8,"column":51},"end":{"line":8,"column":61}},{"start":{"line":8,"column":65},"end":{"line":8,"column":67}}],"line":8},"5":{"loc":{"start":{"line":25,"column":12},"end":{"line":27,"column":13}},"type":"if","locations":[{"start":{"line":25,"column":12},"end":{"line":27,"column":13}},{"start":{},"end":{}}],"line":25},"6":{"loc":{"start":{"line":38,"column":19},"end":{"line":40,"column":22}},"type":"cond-expr","locations":[{"start":{"line":39,"column":19},"end":{"line":39,"column":157}},{"start":{"line":40,"column":18},"end":{"line":40,"column":22}}],"line":38},"7":{"loc":{"start":{"line":38,"column":19},"end":{"line":38,"column":40}},"type":"binary-expr","locations":[{"start":{"line":38,"column":19},"end":{"line":38,"column":23}},{"start":{"line":38,"column":27},"end":{"line":38,"column":40}}],"line":38},"8":{"loc":{"start":{"line":47,"column":19},"end":{"line":49,"column":22}},"type":"cond-expr","locations":[{"start":{"line":48,"column":19},"end":{"line":48,"column":34}},{"start":{"line":49,"column":18},"end":{"line":49,"column":22}}],"line":47},"9":{"loc":{"start":{"line":47,"column":19},"end":{"line":47,"column":40}},"type":"binary-expr","locations":[{"start":{"line":47,"column":19},"end":{"line":47,"column":23}},{"start":{"line":47,"column":27},"end":{"line":47,"column":40}}],"line":47},"10":{"loc":{"start":{"line":71,"column":12},"end":{"line":72,"column":28}},"type":"if","locations":[{"start":{"line":71,"column":12},"end":{"line":72,"column":28}},{"start":{},"end":{}}],"line":71}},"s":{"0":1,"1":12,"2":0,"3":12,"4":12,"5":12,"6":0,"7":0,"8":0,"9":0,"10":24,"11":12,"12":1,"13":1,"14":1,"15":1,"16":1,"17":1,"18":1,"19":3,"20":3,"21":3,"22":0,"23":3,"24":3,"25":3,"26":5,"27":5,"28":5,"29":5,"30":1,"31":1,"32":1,"33":1,"34":1,"35":1,"36":1,"37":1,"38":1,"39":1,"40":1,"41":1,"42":1,"43":1,"44":1,"45":1,"46":0,"47":1,"48":3,"49":1},"f":{"0":12,"1":12,"2":0,"3":12,"4":12,"5":0,"6":24,"7":1,"8":3,"9":3,"10":5,"11":5,"12":1,"13":1,"14":1,"15":1,"16":1,"17":1,"18":1,"19":1,"20":3},"b":{"0":[1,1,1],"1":[12,0],"2":[12,12],"3":[12,12],"4":[12,12],"5":[0,3],"6":[4,1],"7":[5,5],"8":[1,0],"9":[1,1],"10":[0,1]},"_coverageSchema":"1a1c01bbd47fc00a2c39e90264f33305004495a9","hash":"6a90a0675d9d760915913b2576c94c769b4ddc6a"}
,"D:\\PROGRAM\\HK7\\Web\\LAB_3\\src\\db\\DbUserRepo.ts": {"path":"D:\\PROGRAM\\HK7\\Web\\LAB_3\\src\\db\\DbUserRepo.ts","statementMap":{"0":{"start":{"line":2,"column":16},"end":{"line":10,"column":1}},"1":{"start":{"line":3,"column":28},"end":{"line":3,"column":110}},"2":{"start":{"line":3,"column":91},"end":{"line":3,"column":106}},"3":{"start":{"line":4,"column":4},"end":{"line":9,"column":7}},"4":{"start":{"line":5,"column":36},"end":{"line":5,"column":97}},"5":{"start":{"line":5,"column":42},"end":{"line":5,"column":70}},"6":{"start":{"line":5,"column":85},"end":{"line":5,"column":95}},"7":{"start":{"line":6,"column":35},"end":{"line":6,"column":100}},"8":{"start":{"line":6,"column":41},"end":{"line":6,"column":73}},"9":{"start":{"line":6,"column":88},"end":{"line":6,"column":98}},"10":{"start":{"line":7,"column":32},"end":{"line":7,"column":116}},"11":{"start":{"line":8,"column":8},"end":{"line":8,"column":78}},"12":{"start":{"line":11,"column":0},"end":{"line":11,"column":62}},"13":{"start":{"line":12,"column":0},"end":{"line":12,"column":28}},"14":{"start":{"line":13,"column":15},"end":{"line":13,"column":39}},"15":{"start":{"line":14,"column":17},"end":{"line":14,"column":36}},"16":{"start":{"line":15,"column":20},"end":{"line":15,"column":50}},"17":{"start":{"line":18,"column":8},"end":{"line":18,"column":60}},"18":{"start":{"line":21,"column":8},"end":{"line":28,"column":11}},"19":{"start":{"line":22,"column":26},"end":{"line":22,"column":91}},"20":{"start":{"line":23,"column":29},"end":{"line":23,"column":79}},"21":{"start":{"line":24,"column":12},"end":{"line":26,"column":13}},"22":{"start":{"line":25,"column":16},"end":{"line":25,"column":29}},"23":{"start":{"line":27,"column":12},"end":{"line":27,"column":24}},"24":{"start":{"line":31,"column":8},"end":{"line":45,"column":11}},"25":{"start":{"line":32,"column":35},"end":{"line":32,"column":70}},"26":{"start":{"line":34,"column":12},"end":{"line":36,"column":13}},"27":{"start":{"line":35,"column":16},"end":{"line":35,"column":29}},"28":{"start":{"line":37,"column":29},"end":{"line":37,"column":62}},"29":{"start":{"line":38,"column":12},"end":{"line":40,"column":13}},"30":{"start":{"line":39,"column":16},"end":{"line":39,"column":29}},"31":{"start":{"line":41,"column":26},"end":{"line":42,"column":77}},"32":{"start":{"line":43,"column":12},"end":{"line":43,"column":64}},"33":{"start":{"line":44,"column":12},"end":{"line":44,"column":24}},"34":{"start":{"line":48,"column":8},"end":{"line":54,"column":11}},"35":{"start":{"line":49,"column":26},"end":{"line":49,"column":91}},"36":{"start":{"line":50,"column":25},"end":{"line":50,"column":75}},"37":{"start":{"line":51,"column":12},"end":{"line":53,"column":23}},"38":{"start":{"line":57,"column":8},"end":{"line":63,"column":11}},"39":{"start":{"line":58,"column":26},"end":{"line":58,"column":82}},"40":{"start":{"line":59,"column":25},"end":{"line":59,"column":75}},"41":{"start":{"line":60,"column":12},"end":{"line":62,"column":23}},"42":{"start":{"line":66,"column":8},"end":{"line":71,"column":11}},"43":{"start":{"line":67,"column":26},"end":{"line":68,"column":25}},"44":{"start":{"line":69,"column":12},"end":{"line":69,"column":64}},"45":{"start":{"line":70,"column":12},"end":{"line":70,"column":24}},"46":{"start":{"line":74,"column":8},"end":{"line":78,"column":11}},"47":{"start":{"line":75,"column":26},"end":{"line":75,"column":89}},"48":{"start":{"line":76,"column":12},"end":{"line":76,"column":64}},"49":{"start":{"line":77,"column":12},"end":{"line":77,"column":24}},"50":{"start":{"line":81,"column":0},"end":{"line":81,"column":32}}},"fnMap":{"0":{"name":"(anonymous_0)","decl":{"start":{"line":2,"column":44},"end":{"line":2,"column":45}},"loc":{"start":{"line":2,"column":89},"end":{"line":10,"column":1}},"line":2},"1":{"name":"adopt","decl":{"start":{"line":3,"column":13},"end":{"line":3,"column":18}},"loc":{"start":{"line":3,"column":26},"end":{"line":3,"column":112}},"line":3},"2":{"name":"(anonymous_2)","decl":{"start":{"line":3,"column":70},"end":{"line":3,"column":71}},"loc":{"start":{"line":3,"column":89},"end":{"line":3,"column":108}},"line":3},"3":{"name":"(anonymous_3)","decl":{"start":{"line":4,"column":36},"end":{"line":4,"column":37}},"loc":{"start":{"line":4,"column":63},"end":{"line":9,"column":5}},"line":4},"4":{"name":"fulfilled","decl":{"start":{"line":5,"column":17},"end":{"line":5,"column":26}},"loc":{"start":{"line":5,"column":34},"end":{"line":5,"column":99}},"line":5},"5":{"name":"rejected","decl":{"start":{"line":6,"column":17},"end":{"line":6,"column":25}},"loc":{"start":{"line":6,"column":33},"end":{"line":6,"column":102}},"line":6},"6":{"name":"step","decl":{"start":{"line":7,"column":17},"end":{"line":7,"column":21}},"loc":{"start":{"line":7,"column":30},"end":{"line":7,"column":118}},"line":7},"7":{"name":"(anonymous_7)","decl":{"start":{"line":17,"column":4},"end":{"line":17,"column":5}},"loc":{"start":{"line":17,"column":28},"end":{"line":19,"column":5}},"line":17},"8":{"name":"(anonymous_8)","decl":{"start":{"line":20,"column":4},"end":{"line":20,"column":5}},"loc":{"start":{"line":20,"column":22},"end":{"line":29,"column":5}},"line":20},"9":{"name":"(anonymous_9)","decl":{"start":{"line":21,"column":47},"end":{"line":21,"column":48}},"loc":{"start":{"line":21,"column":60},"end":{"line":28,"column":9}},"line":21},"10":{"name":"(anonymous_10)","decl":{"start":{"line":30,"column":4},"end":{"line":30,"column":5}},"loc":{"start":{"line":30,"column":18},"end":{"line":46,"column":5}},"line":30},"11":{"name":"(anonymous_11)","decl":{"start":{"line":31,"column":47},"end":{"line":31,"column":48}},"loc":{"start":{"line":31,"column":60},"end":{"line":45,"column":9}},"line":31},"12":{"name":"(anonymous_12)","decl":{"start":{"line":47,"column":4},"end":{"line":47,"column":5}},"loc":{"start":{"line":47,"column":26},"end":{"line":55,"column":5}},"line":47},"13":{"name":"(anonymous_13)","decl":{"start":{"line":48,"column":47},"end":{"line":48,"column":48}},"loc":{"start":{"line":48,"column":60},"end":{"line":54,"column":9}},"line":48},"14":{"name":"(anonymous_14)","decl":{"start":{"line":56,"column":4},"end":{"line":56,"column":5}},"loc":{"start":{"line":56,"column":20},"end":{"line":64,"column":5}},"line":56},"15":{"name":"(anonymous_15)","decl":{"start":{"line":57,"column":47},"end":{"line":57,"column":48}},"loc":{"start":{"line":57,"column":60},"end":{"line":63,"column":9}},"line":57},"16":{"name":"(anonymous_16)","decl":{"start":{"line":65,"column":4},"end":{"line":65,"column":5}},"loc":{"start":{"line":65,"column":29},"end":{"line":72,"column":5}},"line":65},"17":{"name":"(anonymous_17)","decl":{"start":{"line":66,"column":47},"end":{"line":66,"column":48}},"loc":{"start":{"line":66,"column":60},"end":{"line":71,"column":9}},"line":66},"18":{"name":"(anonymous_18)","decl":{"start":{"line":73,"column":4},"end":{"line":73,"column":5}},"loc":{"start":{"line":73,"column":22},"end":{"line":79,"column":5}},"line":73},"19":{"name":"(anonymous_19)","decl":{"start":{"line":74,"column":47},"end":{"line":74,"column":48}},"loc":{"start":{"line":74,"column":60},"end":{"line":78,"column":9}},"line":74}},"branchMap":{"0":{"loc":{"start":{"line":2,"column":16},"end":{"line":10,"column":1}},"type":"binary-expr","locations":[{"start":{"line":2,"column":17},"end":{"line":2,"column":21}},{"start":{"line":2,"column":25},"end":{"line":2,"column":39}},{"start":{"line":2,"column":44},"end":{"line":10,"column":1}}],"line":2},"1":{"loc":{"start":{"line":3,"column":35},"end":{"line":3,"column":109}},"type":"cond-expr","locations":[{"start":{"line":3,"column":56},"end":{"line":3,"column":61}},{"start":{"line":3,"column":64},"end":{"line":3,"column":109}}],"line":3},"2":{"loc":{"start":{"line":4,"column":16},"end":{"line":4,"column":34}},"type":"binary-expr","locations":[{"start":{"line":4,"column":16},"end":{"line":4,"column":17}},{"start":{"line":4,"column":22},"end":{"line":4,"column":33}}],"line":4},"3":{"loc":{"start":{"line":7,"column":32},"end":{"line":7,"column":115}},"type":"cond-expr","locations":[{"start":{"line":7,"column":46},"end":{"line":7,"column":67}},{"start":{"line":7,"column":70},"end":{"line":7,"column":115}}],"line":7},"4":{"loc":{"start":{"line":8,"column":51},"end":{"line":8,"column":67}},"type":"binary-expr","locations":[{"start":{"line":8,"column":51},"end":{"line":8,"column":61}},{"start":{"line":8,"column":65},"end":{"line":8,"column":67}}],"line":8},"5":{"loc":{"start":{"line":24,"column":12},"end":{"line":26,"column":13}},"type":"if","locations":[{"start":{"line":24,"column":12},"end":{"line":26,"column":13}},{"start":{},"end":{}}],"line":24},"6":{"loc":{"start":{"line":24,"column":16},"end":{"line":24,"column":51}},"type":"binary-expr","locations":[{"start":{"line":24,"column":16},"end":{"line":24,"column":24}},{"start":{"line":24,"column":28},"end":{"line":24,"column":51}}],"line":24},"7":{"loc":{"start":{"line":34,"column":12},"end":{"line":36,"column":13}},"type":"if","locations":[{"start":{"line":34,"column":12},"end":{"line":36,"column":13}},{"start":{},"end":{}}],"line":34},"8":{"loc":{"start":{"line":38,"column":12},"end":{"line":40,"column":13}},"type":"if","locations":[{"start":{"line":38,"column":12},"end":{"line":40,"column":13}},{"start":{},"end":{}}],"line":38},"9":{"loc":{"start":{"line":51,"column":19},"end":{"line":53,"column":22}},"type":"cond-expr","locations":[{"start":{"line":52,"column":19},"end":{"line":52,"column":113}},{"start":{"line":53,"column":18},"end":{"line":53,"column":22}}],"line":51},"10":{"loc":{"start":{"line":51,"column":19},"end":{"line":51,"column":40}},"type":"binary-expr","locations":[{"start":{"line":51,"column":19},"end":{"line":51,"column":23}},{"start":{"line":51,"column":27},"end":{"line":51,"column":40}}],"line":51},"11":{"loc":{"start":{"line":60,"column":19},"end":{"line":62,"column":22}},"type":"cond-expr","locations":[{"start":{"line":61,"column":19},"end":{"line":61,"column":113}},{"start":{"line":62,"column":18},"end":{"line":62,"column":22}}],"line":60},"12":{"loc":{"start":{"line":60,"column":19},"end":{"line":60,"column":40}},"type":"binary-expr","locations":[{"start":{"line":60,"column":19},"end":{"line":60,"column":23}},{"start":{"line":60,"column":27},"end":{"line":60,"column":40}}],"line":60}},"s":{"0":1,"1":19,"2":0,"3":16,"4":19,"5":19,"6":0,"7":0,"8":0,"9":0,"10":35,"11":16,"12":1,"13":1,"14":1,"15":1,"16":1,"17":1,"18":5,"19":5,"20":5,"21":5,"22":4,"23":1,"24":3,"25":3,"26":3,"27":0,"28":3,"29":3,"30":0,"31":3,"32":3,"33":3,"34":4,"35":4,"36":4,"37":4,"38":2,"39":2,"40":2,"41":2,"42":1,"43":1,"44":1,"45":1,"46":1,"47":1,"48":1,"49":1,"50":1},"f":{"0":16,"1":19,"2":0,"3":16,"4":19,"5":0,"6":35,"7":1,"8":5,"9":5,"10":3,"11":3,"12":4,"13":4,"14":2,"15":2,"16":1,"17":1,"18":1,"19":1},"b":{"0":[1,1,1],"1":[19,0],"2":[16,16],"3":[16,19],"4":[16,16],"5":[4,1],"6":[5,5],"7":[0,3],"8":[0,3],"9":[3,1],"10":[4,4],"11":[2,0],"12":[2,2]},"_coverageSchema":"1a1c01bbd47fc00a2c39e90264f33305004495a9","hash":"902d104c7e8853012ca011b2e1dcd66ebd8db3c0"}
,"D:\\PROGRAM\\HK7\\Web\\LAB_3\\src\\db\\common.ts": {"path":"D:\\PROGRAM\\HK7\\Web\\LAB_3\\src\\db\\common.ts","statementMap":{"0":{"start":{"line":2,"column":16},"end":{"line":10,"column":1}},"1":{"start":{"line":3,"column":28},"end":{"line":3,"column":110}},"2":{"start":{"line":3,"column":91},"end":{"line":3,"column":106}},"3":{"start":{"line":4,"column":4},"end":{"line":9,"column":7}},"4":{"start":{"line":5,"column":36},"end":{"line":5,"column":97}},"5":{"start":{"line":5,"column":42},"end":{"line":5,"column":70}},"6":{"start":{"line":5,"column":85},"end":{"line":5,"column":95}},"7":{"start":{"line":6,"column":35},"end":{"line":6,"column":100}},"8":{"start":{"line":6,"column":41},"end":{"line":6,"column":73}},"9":{"start":{"line":6,"column":88},"end":{"line":6,"column":98}},"10":{"start":{"line":7,"column":32},"end":{"line":7,"column":116}},"11":{"start":{"line":8,"column":8},"end":{"line":8,"column":78}},"12":{"start":{"line":11,"column":0},"end":{"line":11,"column":62}},"13":{"start":{"line":12,"column":0},"end":{"line":12,"column":288}},"14":{"start":{"line":13,"column":13},"end":{"line":13,"column":26}},"15":{"start":{"line":14,"column":16},"end":{"line":14,"column":41}},"16":{"start":{"line":16,"column":0},"end":{"line":16,"column":30}},"17":{"start":{"line":17,"column":0},"end":{"line":17,"column":30}},"18":{"start":{"line":18,"column":0},"end":{"line":18,"column":32}},"19":{"start":{"line":19,"column":0},"end":{"line":19,"column":32}},"20":{"start":{"line":20,"column":0},"end":{"line":20,"column":36}},"21":{"start":{"line":21,"column":0},"end":{"line":21,"column":38}},"22":{"start":{"line":22,"column":22},"end":{"line":24,"column":1}},"23":{"start":{"line":23,"column":4},"end":{"line":23,"column":33}},"24":{"start":{"line":25,"column":0},"end":{"line":25,"column":38}},"25":{"start":{"line":26,"column":21},"end":{"line":33,"column":2}},"26":{"start":{"line":26,"column":44},"end":{"line":33,"column":2}},"27":{"start":{"line":27,"column":4},"end":{"line":32,"column":5}},"28":{"start":{"line":28,"column":8},"end":{"line":28,"column":45}},"29":{"start":{"line":31,"column":8},"end":{"line":31,"column":94}},"30":{"start":{"line":34,"column":0},"end":{"line":34,"column":36}},"31":{"start":{"line":35,"column":22},"end":{"line":51,"column":2}},"32":{"start":{"line":35,"column":45},"end":{"line":51,"column":2}},"33":{"start":{"line":36,"column":4},"end":{"line":50,"column":5}},"34":{"start":{"line":37,"column":20},"end":{"line":37,"column":70}},"35":{"start":{"line":38,"column":8},"end":{"line":39,"column":66}},"36":{"start":{"line":39,"column":12},"end":{"line":39,"column":66}},"37":{"start":{"line":40,"column":8},"end":{"line":41,"column":57}},"38":{"start":{"line":41,"column":12},"end":{"line":41,"column":57}},"39":{"start":{"line":44,"column":8},"end":{"line":45,"column":20}},"40":{"start":{"line":45,"column":12},"end":{"line":45,"column":20}},"41":{"start":{"line":46,"column":8},"end":{"line":49,"column":77}},"42":{"start":{"line":47,"column":12},"end":{"line":47,"column":65}},"43":{"start":{"line":49,"column":12},"end":{"line":49,"column":77}},"44":{"start":{"line":52,"column":0},"end":{"line":52,"column":38}},"45":{"start":{"line":53,"column":22},"end":{"line":69,"column":2}},"46":{"start":{"line":53,"column":45},"end":{"line":69,"column":2}},"47":{"start":{"line":54,"column":4},"end":{"line":68,"column":5}},"48":{"start":{"line":55,"column":20},"end":{"line":55,"column":70}},"49":{"start":{"line":56,"column":8},"end":{"line":57,"column":66}},"50":{"start":{"line":57,"column":12},"end":{"line":57,"column":66}},"51":{"start":{"line":58,"column":8},"end":{"line":59,"column":57}},"52":{"start":{"line":59,"column":12},"end":{"line":59,"column":57}},"53":{"start":{"line":62,"column":8},"end":{"line":63,"column":20}},"54":{"start":{"line":63,"column":12},"end":{"line":63,"column":20}},"55":{"start":{"line":64,"column":8},"end":{"line":67,"column":70}},"56":{"start":{"line":65,"column":12},"end":{"line":65,"column":65}},"57":{"start":{"line":67,"column":12},"end":{"line":67,"column":70}},"58":{"start":{"line":70,"column":0},"end":{"line":70,"column":38}},"59":{"start":{"line":71,"column":22},"end":{"line":87,"column":2}},"60":{"start":{"line":71,"column":45},"end":{"line":87,"column":2}},"61":{"start":{"line":72,"column":4},"end":{"line":86,"column":5}},"62":{"start":{"line":73,"column":20},"end":{"line":73,"column":70}},"63":{"start":{"line":74,"column":8},"end":{"line":75,"column":64}},"64":{"start":{"line":75,"column":12},"end":{"line":75,"column":64}},"65":{"start":{"line":76,"column":8},"end":{"line":77,"column":57}},"66":{"start":{"line":77,"column":12},"end":{"line":77,"column":57}},"67":{"start":{"line":80,"column":8},"end":{"line":81,"column":20}},"68":{"start":{"line":81,"column":12},"end":{"line":81,"column":20}},"69":{"start":{"line":82,"column":8},"end":{"line":85,"column":70}},"70":{"start":{"line":83,"column":12},"end":{"line":83,"column":65}},"71":{"start":{"line":85,"column":12},"end":{"line":85,"column":70}},"72":{"start":{"line":88,"column":0},"end":{"line":88,"column":38}},"73":{"start":{"line":89,"column":19},"end":{"line":94,"column":1}},"74":{"start":{"line":90,"column":4},"end":{"line":90,"column":26}},"75":{"start":{"line":91,"column":4},"end":{"line":92,"column":76}},"76":{"start":{"line":92,"column":8},"end":{"line":92,"column":76}},"77":{"start":{"line":93,"column":4},"end":{"line":93,"column":16}},"78":{"start":{"line":95,"column":0},"end":{"line":95,"column":32}}},"fnMap":{"0":{"name":"(anonymous_0)","decl":{"start":{"line":2,"column":44},"end":{"line":2,"column":45}},"loc":{"start":{"line":2,"column":89},"end":{"line":10,"column":1}},"line":2},"1":{"name":"adopt","decl":{"start":{"line":3,"column":13},"end":{"line":3,"column":18}},"loc":{"start":{"line":3,"column":26},"end":{"line":3,"column":112}},"line":3},"2":{"name":"(anonymous_2)","decl":{"start":{"line":3,"column":70},"end":{"line":3,"column":71}},"loc":{"start":{"line":3,"column":89},"end":{"line":3,"column":108}},"line":3},"3":{"name":"(anonymous_3)","decl":{"start":{"line":4,"column":36},"end":{"line":4,"column":37}},"loc":{"start":{"line":4,"column":63},"end":{"line":9,"column":5}},"line":4},"4":{"name":"fulfilled","decl":{"start":{"line":5,"column":17},"end":{"line":5,"column":26}},"loc":{"start":{"line":5,"column":34},"end":{"line":5,"column":99}},"line":5},"5":{"name":"rejected","decl":{"start":{"line":6,"column":17},"end":{"line":6,"column":25}},"loc":{"start":{"line":6,"column":33},"end":{"line":6,"column":102}},"line":6},"6":{"name":"step","decl":{"start":{"line":7,"column":17},"end":{"line":7,"column":21}},"loc":{"start":{"line":7,"column":30},"end":{"line":7,"column":118}},"line":7},"7":{"name":"(anonymous_7)","decl":{"start":{"line":22,"column":22},"end":{"line":22,"column":23}},"loc":{"start":{"line":22,"column":34},"end":{"line":24,"column":1}},"line":22},"8":{"name":"(anonymous_8)","decl":{"start":{"line":26,"column":21},"end":{"line":26,"column":22}},"loc":{"start":{"line":26,"column":44},"end":{"line":33,"column":2}},"line":26},"9":{"name":"(anonymous_9)","decl":{"start":{"line":26,"column":78},"end":{"line":26,"column":79}},"loc":{"start":{"line":26,"column":91},"end":{"line":33,"column":1}},"line":26},"10":{"name":"(anonymous_10)","decl":{"start":{"line":35,"column":22},"end":{"line":35,"column":23}},"loc":{"start":{"line":35,"column":45},"end":{"line":51,"column":2}},"line":35},"11":{"name":"(anonymous_11)","decl":{"start":{"line":35,"column":79},"end":{"line":35,"column":80}},"loc":{"start":{"line":35,"column":92},"end":{"line":51,"column":1}},"line":35},"12":{"name":"(anonymous_12)","decl":{"start":{"line":53,"column":22},"end":{"line":53,"column":23}},"loc":{"start":{"line":53,"column":45},"end":{"line":69,"column":2}},"line":53},"13":{"name":"(anonymous_13)","decl":{"start":{"line":53,"column":79},"end":{"line":53,"column":80}},"loc":{"start":{"line":53,"column":92},"end":{"line":69,"column":1}},"line":53},"14":{"name":"(anonymous_14)","decl":{"start":{"line":71,"column":22},"end":{"line":71,"column":23}},"loc":{"start":{"line":71,"column":45},"end":{"line":87,"column":2}},"line":71},"15":{"name":"(anonymous_15)","decl":{"start":{"line":71,"column":79},"end":{"line":71,"column":80}},"loc":{"start":{"line":71,"column":92},"end":{"line":87,"column":1}},"line":71},"16":{"name":"(anonymous_16)","decl":{"start":{"line":89,"column":19},"end":{"line":89,"column":20}},"loc":{"start":{"line":89,"column":29},"end":{"line":94,"column":1}},"line":89}},"branchMap":{"0":{"loc":{"start":{"line":2,"column":16},"end":{"line":10,"column":1}},"type":"binary-expr","locations":[{"start":{"line":2,"column":17},"end":{"line":2,"column":21}},{"start":{"line":2,"column":25},"end":{"line":2,"column":39}},{"start":{"line":2,"column":44},"end":{"line":10,"column":1}}],"line":2},"1":{"loc":{"start":{"line":3,"column":35},"end":{"line":3,"column":109}},"type":"cond-expr","locations":[{"start":{"line":3,"column":56},"end":{"line":3,"column":61}},{"start":{"line":3,"column":64},"end":{"line":3,"column":109}}],"line":3},"2":{"loc":{"start":{"line":4,"column":16},"end":{"line":4,"column":34}},"type":"binary-expr","locations":[{"start":{"line":4,"column":16},"end":{"line":4,"column":17}},{"start":{"line":4,"column":22},"end":{"line":4,"column":33}}],"line":4},"3":{"loc":{"start":{"line":7,"column":32},"end":{"line":7,"column":115}},"type":"cond-expr","locations":[{"start":{"line":7,"column":46},"end":{"line":7,"column":67}},{"start":{"line":7,"column":70},"end":{"line":7,"column":115}}],"line":7},"4":{"loc":{"start":{"line":8,"column":51},"end":{"line":8,"column":67}},"type":"binary-expr","locations":[{"start":{"line":8,"column":51},"end":{"line":8,"column":61}},{"start":{"line":8,"column":65},"end":{"line":8,"column":67}}],"line":8},"5":{"loc":{"start":{"line":38,"column":8},"end":{"line":39,"column":66}},"type":"if","locations":[{"start":{"line":38,"column":8},"end":{"line":39,"column":66}},{"start":{},"end":{}}],"line":38},"6":{"loc":{"start":{"line":40,"column":8},"end":{"line":41,"column":57}},"type":"if","locations":[{"start":{"line":40,"column":8},"end":{"line":41,"column":57}},{"start":{},"end":{}}],"line":40},"7":{"loc":{"start":{"line":44,"column":8},"end":{"line":45,"column":20}},"type":"if","locations":[{"start":{"line":44,"column":8},"end":{"line":45,"column":20}},{"start":{},"end":{}}],"line":44},"8":{"loc":{"start":{"line":46,"column":8},"end":{"line":49,"column":77}},"type":"if","locations":[{"start":{"line":46,"column":8},"end":{"line":49,"column":77}},{"start":{"line":49,"column":12},"end":{"line":49,"column":77}}],"line":46},"9":{"loc":{"start":{"line":56,"column":8},"end":{"line":57,"column":66}},"type":"if","locations":[{"start":{"line":56,"column":8},"end":{"line":57,"column":66}},{"start":{},"end":{}}],"line":56},"10":{"loc":{"start":{"line":58,"column":8},"end":{"line":59,"column":57}},"type":"if","locations":[{"start":{"line":58,"column":8},"end":{"line":59,"column":57}},{"start":{},"end":{}}],"line":58},"11":{"loc":{"start":{"line":62,"column":8},"end":{"line":63,"column":20}},"type":"if","locations":[{"start":{"line":62,"column":8},"end":{"line":63,"column":20}},{"start":{},"end":{}}],"line":62},"12":{"loc":{"start":{"line":64,"column":8},"end":{"line":67,"column":70}},"type":"if","locations":[{"start":{"line":64,"column":8},"end":{"line":67,"column":70}},{"start":{"line":67,"column":12},"end":{"line":67,"column":70}}],"line":64},"13":{"loc":{"start":{"line":74,"column":8},"end":{"line":75,"column":64}},"type":"if","locations":[{"start":{"line":74,"column":8},"end":{"line":75,"column":64}},{"start":{},"end":{}}],"line":74},"14":{"loc":{"start":{"line":76,"column":8},"end":{"line":77,"column":57}},"type":"if","locations":[{"start":{"line":76,"column":8},"end":{"line":77,"column":57}},{"start":{},"end":{}}],"line":76},"15":{"loc":{"start":{"line":80,"column":8},"end":{"line":81,"column":20}},"type":"if","locations":[{"start":{"line":80,"column":8},"end":{"line":81,"column":20}},{"start":{},"end":{}}],"line":80},"16":{"loc":{"start":{"line":82,"column":8},"end":{"line":85,"column":70}},"type":"if","locations":[{"start":{"line":82,"column":8},"end":{"line":85,"column":70}},{"start":{"line":85,"column":12},"end":{"line":85,"column":70}}],"line":82},"17":{"loc":{"start":{"line":91,"column":4},"end":{"line":92,"column":76}},"type":"if","locations":[{"start":{"line":91,"column":4},"end":{"line":92,"column":76}},{"start":{},"end":{}}],"line":91}},"s":{"0":1,"1":104,"2":0,"3":104,"4":104,"5":104,"6":0,"7":0,"8":0,"9":0,"10":208,"11":104,"12":1,"13":1,"14":1,"15":1,"16":1,"17":1,"18":1,"19":1,"20":1,"21":1,"22":1,"23":6,"24":1,"25":1,"26":75,"27":75,"28":75,"29":0,"30":1,"31":1,"32":18,"33":18,"34":18,"35":18,"36":0,"37":18,"38":0,"39":0,"40":0,"41":0,"42":0,"43":0,"44":1,"45":1,"46":6,"47":6,"48":6,"49":6,"50":0,"51":6,"52":0,"53":0,"54":0,"55":0,"56":0,"57":0,"58":1,"59":1,"60":5,"61":5,"62":5,"63":5,"64":0,"65":5,"66":0,"67":0,"68":0,"69":0,"70":0,"71":0,"72":1,"73":1,"74":11,"75":11,"76":11,"77":11,"78":1},"f":{"0":104,"1":104,"2":0,"3":104,"4":104,"5":0,"6":208,"7":6,"8":75,"9":75,"10":18,"11":18,"12":6,"13":6,"14":5,"15":5,"16":11},"b":{"0":[1,1,1],"1":[104,0],"2":[104,104],"3":[104,104],"4":[104,104],"5":[0,18],"6":[0,18],"7":[0,0],"8":[0,0],"9":[0,6],"10":[0,6],"11":[0,0],"12":[0,0],"13":[0,5],"14":[0,5],"15":[0,0],"16":[0,0],"17":[11,0]},"_coverageSchema":"1a1c01bbd47fc00a2c39e90264f33305004495a9","hash":"aa871fb29f083a76ccabc7866813a9dc5d9448ee"}
,"D:\\PROGRAM\\HK7\\Web\\LAB_3\\src\\db\\dbCheck\\validHistory.ts": {"path":"D:\\PROGRAM\\HK7\\Web\\LAB_3\\src\\db\\dbCheck\\validHistory.ts","statementMap":{"0":{"start":{"line":2,"column":0},"end":{"line":2,"column":62}},"1":{"start":{"line":3,"column":0},"end":{"line":3,"column":33}},"2":{"start":{"line":4,"column":16},"end":{"line":4,"column":37}},"3":{"start":{"line":5,"column":20},"end":{"line":5,"column":42}},"4":{"start":{"line":6,"column":24},"end":{"line":20,"column":1}},"5":{"start":{"line":7,"column":19},"end":{"line":7,"column":21}},"6":{"start":{"line":8,"column":4},"end":{"line":10,"column":5}},"7":{"start":{"line":9,"column":8},"end":{"line":9,"column":105}},"8":{"start":{"line":11,"column":4},"end":{"line":13,"column":5}},"9":{"start":{"line":12,"column":8},"end":{"line":12,"column":109}},"10":{"start":{"line":14,"column":4},"end":{"line":16,"column":5}},"11":{"start":{"line":15,"column":8},"end":{"line":15,"column":109}},"12":{"start":{"line":17,"column":4},"end":{"line":19,"column":35}},"13":{"start":{"line":21,"column":0},"end":{"line":21,"column":42}}},"fnMap":{"0":{"name":"(anonymous_0)","decl":{"start":{"line":6,"column":24},"end":{"line":6,"column":25}},"loc":{"start":{"line":6,"column":33},"end":{"line":20,"column":1}},"line":6}},"branchMap":{"0":{"loc":{"start":{"line":8,"column":4},"end":{"line":10,"column":5}},"type":"if","locations":[{"start":{"line":8,"column":4},"end":{"line":10,"column":5}},{"start":{},"end":{}}],"line":8},"1":{"loc":{"start":{"line":11,"column":4},"end":{"line":13,"column":5}},"type":"if","locations":[{"start":{"line":11,"column":4},"end":{"line":13,"column":5}},{"start":{},"end":{}}],"line":11},"2":{"loc":{"start":{"line":14,"column":4},"end":{"line":16,"column":5}},"type":"if","locations":[{"start":{"line":14,"column":4},"end":{"line":16,"column":5}},{"start":{},"end":{}}],"line":14},"3":{"loc":{"start":{"line":17,"column":11},"end":{"line":19,"column":34}},"type":"cond-expr","locations":[{"start":{"line":18,"column":10},"end":{"line":18,"column":39}},{"start":{"line":19,"column":10},"end":{"line":19,"column":34}}],"line":17}},"s":{"0":1,"1":1,"2":1,"3":1,"4":1,"5":3,"6":3,"7":0,"8":3,"9":0,"10":3,"11":0,"12":3,"13":1},"f":{"0":3},"b":{"0":[0,3],"1":[0,3],"2":[0,3],"3":[0,3]},"_coverageSchema":"1a1c01bbd47fc00a2c39e90264f33305004495a9","hash":"34a52265f70bb78f0688b4a9e8b87b3f3902a375"}
[...]
"line":27},"13":{"name":"(anonymous_13)","decl":{"start":{"line":28,"column":47},"end":{"line":28,"column":48}},"loc":{"start":{"line":28,"column":60},"end":{"line":30,"column":9}},"line":28},"14":{"name":"(anonymous_14)","decl":{"start":{"line":32,"column":4},"end":{"line":32,"column":5}},"loc":{"start":{"line":32,"column":20},"end":{"line":36,"column":5}},"line":32},"15":{"name":"(anonymous_15)","decl":{"start":{"line":33,"column":47},"end":{"line":33,"column":48}},"loc":{"start":{"line":33,"column":60},"end":{"line":35,"column":9}},"line":33},"16":{"name":"(anonymous_16)","decl":{"start":{"line":37,"column":4},"end":{"line":37,"column":5}},"loc":{"start":{"line":37,"column":22},"end":{"line":41,"column":5}},"line":37},"17":{"name":"(anonymous_17)","decl":{"start":{"line":38,"column":47},"end":{"line":38,"column":48}},"loc":{"start":{"line":38,"column":60},"end":{"line":40,"column":9}},"line":38},"18":{"name":"(anonymous_18)","decl":{"start":{"line":42,"column":4},"end":{"line":42,"column":5}},"loc":{"start":{"line":42,"column":29},"end":{"line":46,"column":5}},"line":42},"19":{"name":"(anonymous_19)","decl":{"start":{"line":43,"column":47},"end":{"line":43,"column":48}},"loc":{"start":{"line":43,"column":60},"end":{"line":45,"column":9}},"line":43}},"branchMap":{"0":{"loc":{"start":{"line":2,"column":16},"end":{"line":10,"column":1}},"type":"binary-expr","locations":[{"start":{"line":2,"column":17},"end":{"line":2,"column":21}},{"start":{"line":2,"column":25},"end":{"line":2,"column":39}},{"start":{"line":2,"column":44},"end":{"line":10,"column":1}}],"line":2},"1":{"loc":{"start":{"line":3,"column":35},"end":{"line":3,"column":109}},"type":"cond-expr","locations":[{"start":{"line":3,"column":56},"end":{"line":3,"column":61}},{"start":{"line":3,"column":64},"end":{"line":3,"column":109}}],"line":3},"2":{"loc":{"start":{"line":4,"column":16},"end":{"line":4,"column":34}},"type":"binary-expr","locations":[{"start":{"line":4,"column":16},"end":{"line":4,"column":17}},{"start":{"line":4,"column":22},"end":{"line":4,"column":33}}],"line":4},"3":{"loc":{"start":{"line":7,"column":32},"end":{"line":7,"column":115}},"type":"cond-expr","locations":[{"start":{"line":7,"column":46},"end":{"line":7,"column":67}},{"start":{"line":7,"column":70},"end":{"line":7,"column":115}}],"line":7},"4":{"loc":{"start":{"line":8,"column":51},"end":{"line":8,"column":67}},"type":"binary-expr","locations":[{"start":{"line":8,"column":51},"end":{"line":8,"column":61}},{"start":{"line":8,"column":65},"end":{"line":8,"column":67}}],"line":8}},"s":{"0":1,"1":13,"2":0,"3":13,"4":13,"5":13,"6":0,"7":0,"8":0,"9":0,"10":26,"11":13,"12":1,"13":1,"14":1,"15":3,"16":3,"17":2,"18":2,"19":4,"20":4,"21":2,"22":2,"23":1,"24":1,"25":1,"26":1,"27":1},"f":{"0":13,"1":13,"2":0,"3":13,"4":13,"5":0,"6":26,"7":1,"8":3,"9":3,"10":2,"11":2,"12":4,"13":4,"14":2,"15":2,"16":1,"17":1,"18":1,"19":1},"b":{"0":[1,1,1],"1":[13,0],"2":[13,13],"3":[13,13],"4":[13,13]},"_coverageSchema":"1a1c01bbd47fc00a2c39e90264f33305004495a9","hash":"ceadb8515c00ccd8f1dcd2b27e57a9e4ed5bccec"}
,"D:\\PROGRAM\\HK7\\Web\\LAB_3\\src\\logic\\error.ts": {"path":"D:\\PROGRAM\\HK7\\Web\\LAB_3\\src\\logic\\error.ts","statementMap":{"0":{"start":{"line":2,"column":0},"end":{"line":2,"column":62}},"1":{"start":{"line":3,"column":0},"end":{"line":3,"column":147}},"2":{"start":{"line":6,"column":8},"end":{"line":6,"column":19}},"3":{"start":{"line":7,"column":8},"end":{"line":7,"column":23}},"4":{"start":{"line":10,"column":8},"end":{"line":10,"column":24}},"5":{"start":{"line":13,"column":0},"end":{"line":13,"column":30}},"6":{"start":{"line":16,"column":8},"end":{"line":16,"column":19}},"7":{"start":{"line":19,"column":0},"end":{"line":19,"column":32}},"8":{"start":{"line":22,"column":8},"end":{"line":22,"column":19}},"9":{"start":{"line":25,"column":0},"end":{"line":25,"column":26}},"10":{"start":{"line":28,"column":8},"end":{"line":28,"column":19}},"11":{"start":{"line":31,"column":0},"end":{"line":31,"column":38}},"12":{"start":{"line":34,"column":8},"end":{"line":34,"column":19}},"13":{"start":{"line":37,"column":0},"end":{"line":37,"column":42}},"14":{"start":{"line":40,"column":8},"end":{"line":40,"column":19}},"15":{"start":{"line":43,"column":0},"end":{"line":43,"column":52}}},"fnMap":{"0":{"name":"(anonymous_0)","decl":{"start":{"line":5,"column":4},"end":{"line":5,"column":5}},"loc":{"start":{"line":5,"column":21},"end":{"line":8,"column":5}},"line":5},"1":{"name":"(anonymous_1)","decl":{"start":{"line":9,"column":4},"end":{"line":9,"column":5}},"loc":{"start":{"line":9,"column":13},"end":{"line":11,"column":5}},"line":9},"2":{"name":"(anonymous_2)","decl":{"start":{"line":15,"column":4},"end":{"line":15,"column":5}},"loc":{"start":{"line":15,"column":21},"end":{"line":17,"column":5}},"line":15},"3":{"name":"(anonymous_3)","decl":{"start":{"line":21,"column":4},"end":{"line":21,"column":5}},"loc":{"start":{"line":21,"column":21},"end":{"line":23,"column":5}},"line":21},"4":{"name":"(anonymous_4)","decl":{"start":{"line":27,"column":4},"end":{"line":27,"column":5}},"loc":{"start":{"line":27,"column":21},"end":{"line":29,"column":5}},"line":27},"5":{"name":"(anonymous_5)","decl":{"start":{"line":33,"column":4},"end":{"line":33,"column":5}},"loc":{"start":{"line":33,"column":21},"end":{"line":35,"column":5}},"line":33},"6":{"name":"(anonymous_6)","decl":{"start":{"line":39,"column":4},"end":{"line":39,"column":5}},"loc":{"start":{"line":39,"column":21},"end":{"line":41,"column":5}},"line":39}},"branchMap":{},"s":{"0":1,"1":1,"2":0,"3":0,"4":0,"5":1,"6":0,"7":1,"8":0,"9":1,"10":0,"11":1,"12":0,"13":1,"14":0,"15":1},"f":{"0":0,"1":0,"2":0,"3":0,"4":0,"5":0,"6":0},"b":{},"_coverageSchema":"1a1c01bbd47fc00a2c39e90264f33305004495a9","hash":"640f96159c3bf0870577fd9f6186c3e182751151"}
,"D:\\PROGRAM\\HK7\\Web\\LAB_3\\src\\model\\History.ts": {"path":"D:\\PROGRAM\\HK7\\Web\\LAB_3\\src\\model\\History.ts","statementMap":{"0":{"start":{"line":2,"column":0},"end":{"line":2,"column":62}},"1":{"start":{"line":3,"column":0},"end":{"line":3,"column":25}},"2":{"start":{"line":6,"column":8},"end":{"line":6,"column":21}},"3":{"start":{"line":7,"column":8},"end":{"line":7,"column":37}},"4":{"start":{"line":8,"column":8},"end":{"line":8,"column":33}},"5":{"start":{"line":9,"column":8},"end":{"line":9,"column":35}},"6":{"start":{"line":12,"column":0},"end":{"line":12,"column":26}}},"fnMap":{"0":{"name":"(anonymous_0)","decl":{"start":{"line":5,"column":4},"end":{"line":5,"column":5}},"loc":{"start":{"line":5,"column":53},"end":{"line":10,"column":5}},"line":5}},"branchMap":{},"s":{"0":2,"1":2,"2":12,"3":12,"4":12,"5":12,"6":2},"f":{"0":12},"b":{},"_coverageSchema":"1a1c01bbd47fc00a2c39e90264f33305004495a9","hash":"813f9c857061c8164dae42c78e261142c2d55081"}
,"D:\\PROGRAM\\HK7\\Web\\LAB_3\\src\\model\\Person.ts": {"path":"D:\\PROGRAM\\HK7\\Web\\LAB_3\\src\\model\\Person.ts","statementMap":{"0":{"start":{"line":2,"column":0},"end":{"line":2,"column":62}},"1":{"start":{"line":3,"column":0},"end":{"line":3,"column":24}},"2":{"start":{"line":6,"column":8},"end":{"line":6,"column":21}},"3":{"start":{"line":7,"column":8},"end":{"line":7,"column":33}},"4":{"start":{"line":8,"column":8},"end":{"line":8,"column":25}},"5":{"start":{"line":9,"column":8},"end":{"line":9,"column":23}},"6":{"start":{"line":10,"column":8},"end":{"line":10,"column":27}},"7":{"start":{"line":11,"column":8},"end":{"line":11,"column":31}},"8":{"start":{"line":14,"column":0},"end":{"line":14,"column":24}}},"fnMap":{"0":{"name":"(anonymous_0)","decl":{"start":{"line":5,"column":4},"end":{"line":5,"column":5}},"loc":{"start":{"line":5,"column":57},"end":{"line":12,"column":5}},"line":5}},"branchMap":{},"s":{"0":2,"1":2,"2":23,"3":23,"4":23,"5":23,"6":23,"7":23,"8":2},"f":{"0":23},"b":{},"_coverageSchema":"1a1c01bbd47fc00a2c39e90264f33305004495a9","hash":"74195c5b6c8d0ee535529efdf68cde2b3b7d2296"}
,"D:\\PROGRAM\\HK7\\Web\\LAB_3\\src\\model\\Request.ts": {"path":"D:\\PROGRAM\\HK7\\Web\\LAB_3\\src\\model\\Request.ts","statementMap":{"0":{"start":{"line":2,"column":0},"end":{"line":2,"column":62}},"1":{"start":{"line":3,"column":0},"end":{"line":3,"column":45}},"2":{"start":{"line":5,"column":0},"end":{"line":9,"column":54}},"3":{"start":{"line":6,"column":4},"end":{"line":6,"column":46}},"4":{"start":{"line":7,"column":4},"end":{"line":7,"column":54}},"5":{"start":{"line":8,"column":4},"end":{"line":8,"column":50}},"6":{"start":{"line":12,"column":8},"end":{"line":12,"column":21}},"7":{"start":{"line":13,"column":8},"end":{"line":13,"column":33}},"8":{"start":{"line":14,"column":8},"end":{"line":14,"column":31}},"9":{"start":{"line":15,"column":8},"end":{"line":15,"column":27}},"10":{"start":{"line":16,"column":8},"end":{"line":16,"column":29}},"11":{"start":{"line":17,"column":8},"end":{"line":17,"column":31}},"12":{"start":{"line":18,"column":8},"end":{"line":18,"column":29}},"13":{"start":{"line":21,"column":0},"end":{"line":21,"column":26}}},"fnMap":{"0":{"name":"(anonymous_0)","decl":{"start":{"line":5,"column":1},"end":{"line":5,"column":2}},"loc":{"start":{"line":5,"column":22},"end":{"line":9,"column":1}},"line":5},"1":{"name":"(anonymous_1)","decl":{"start":{"line":11,"column":4},"end":{"line":11,"column":5}},"loc":{"start":{"line":11,"column":71},"end":{"line":19,"column":5}},"line":11}},"branchMap":{"0":{"loc":{"start":{"line":9,"column":3},"end":{"line":9,"column":52}},"type":"binary-expr","locations":[{"start":{"line":9,"column":3},"end":{"line":9,"column":12}},{"start":{"line":9,"column":17},"end":{"line":9,"column":51}}],"line":9}},"s":{"0":2,"1":2,"2":2,"3":2,"4":2,"5":2,"6":13,"7":13,"8":13,"9":13,"10":13,"11":13,"12":13,"13":2},"f":{"0":2,"1":13},"b":{"0":[2,2]},"_coverageSchema":"1a1c01bbd47fc00a2c39e90264f33305004495a9","hash":"626a89eb44702dfe2cea32f1b3a45f0c91506c45"}
,"D:\\PROGRAM\\HK7\\Web\\LAB_3\\src\\model\\Room.ts": {"path":"D:\\PROGRAM\\HK7\\Web\\LAB_3\\src\\model\\Room.ts","statementMap":{"0":{"start":{"line":2,"column":0},"end":{"line":2,"column":62}},"1":{"start":{"line":3,"column":0},"end":{"line":3,"column":43}},"2":{"start":{"line":5,"column":0},"end":{"line":9,"column":57}},"3":{"start":{"line":6,"column":4},"end":{"line":6,"column":48}},"4":{"start":{"line":7,"column":4},"end":{"line":7,"column":48}},"5":{"start":{"line":8,"column":4},"end":{"line":8,"column":48}},"6":{"start":{"line":12,"column":8},"end":{"line":12,"column":21}},"7":{"start":{"line":13,"column":8},"end":{"line":13,"column":29}},"8":{"start":{"line":14,"column":8},"end":{"line":14,"column":39}},"9":{"start":{"line":15,"column":8},"end":{"line":15,"column":29}},"10":{"start":{"line":18,"column":0},"end":{"line":18,"column":20}}},"fnMap":{"0":{"name":"(anonymous_0)","decl":{"start":{"line":5,"column":1},"end":{"line":5,"column":2}},"loc":{"start":{"line":5,"column":23},"end":{"line":9,"column":1}},"line":5},"1":{"name":"(anonymous_1)","decl":{"start":{"line":11,"column":4},"end":{"line":11,"column":5}},"loc":{"start":{"line":11,"column":49},"end":{"line":16,"column":5}},"line":11}},"branchMap":{"0":{"loc":{"start":{"line":9,"column":3},"end":{"line":9,"column":55}},"type":"binary-expr","locations":[{"start":{"line":9,"column":3},"end":{"line":9,"column":13}},{"start":{"line":9,"column":18},"end":{"line":9,"column":54}}],"line":9}},"s":{"0":2,"1":2,"2":2,"3":2,"4":2,"5":2,"6":14,"7":14,"8":14,"9":14,"10":2},"f":{"0":2,"1":14},"b":{"0":[2,2]},"_coverageSchema":"1a1c01bbd47fc00a2c39e90264f33305004495a9","hash":"53875d6424a2b9bd0a5434b15ee02b8cb3e4363e"}
,"D:\\PROGRAM\\HK7\\Web\\LAB_3\\src\\model\\User.ts": {"path":"D:\\PROGRAM\\HK7\\Web\\LAB_3\\src\\model\\User.ts","statementMap":{"0":{"start":{"line":2,"column":0},"end":{"line":2,"column":62}},"1":{"start":{"line":3,"column":0},"end":{"line":3,"column":37}},"2":{"start":{"line":5,"column":0},"end":{"line":9,"column":39}},"3":{"start":{"line":6,"column":4},"end":{"line":6,"column":38}},"4":{"start":{"line":7,"column":4},"end":{"line":7,"column":38}},"5":{"start":{"line":8,"column":4},"end":{"line":8,"column":38}},"6":{"start":{"line":12,"column":8},"end":{"line":12,"column":21}},"7":{"start":{"line":13,"column":8},"end":{"line":13,"column":27}},"8":{"start":{"line":14,"column":8},"end":{"line":14,"column":33}},"9":{"start":{"line":15,"column":8},"end":{"line":15,"column":25}},"10":{"start":{"line":18,"column":0},"end":{"line":18,"column":20}}},"fnMap":{"0":{"name":"(anonymous_0)","decl":{"start":{"line":5,"column":1},"end":{"line":5,"column":2}},"loc":{"start":{"line":5,"column":17},"end":{"line":9,"column":1}},"line":5},"1":{"name":"(anonymous_1)","decl":{"start":{"line":11,"column":4},"end":{"line":11,"column":5}},"loc":{"start":{"line":11,"column":43},"end":{"line":16,"column":5}},"line":11}},"branchMap":{"0":{"loc":{"start":{"line":9,"column":3},"end":{"line":9,"column":37}},"type":"binary-expr","locations":[{"start":{"line":9,"column":3},"end":{"line":9,"column":7}},{"start":{"line":9,"column":12},"end":{"line":9,"column":36}}],"line":9}},"s":{"0":2,"1":2,"2":2,"3":2,"4":2,"5":2,"6":11,"7":11,"8":11,"9":11,"10":2},"f":{"0":2,"1":11},"b":{"0":[2,2]},"_coverageSchema":"1a1c01bbd47fc00a2c39e90264f33305004495a9","hash":"7a2af629b7989b7bf2f158e3da711d8321b4ca18"}
,"D:\\PROGRAM\\HK7\\Web\\LAB_3\\src\\server\\models.ts": {"path":"D:\\PROGRAM\\HK7\\Web\\LAB_3\\src\\server\\models.ts","statementMap":{"0":{"start":{"line":2,"column":0},"end":{"line":2,"column":62}},"1":{"start":{"line":3,"column":0},"end":{"line":3,"column":154}},"2":{"start":{"line":4,"column":15},"end":{"line":4,"column":39}},"3":{"start":{"line":5,"column":15},"end":{"line":5,"column":39}},"4":{"start":{"line":6,"column":17},"end":{"line":6,"column":43}},"5":{"start":{"line":7,"column":18},"end":{"line":7,"column":45}},"6":{"start":{"line":8,"column":18},"end":{"line":8,"column":45}},"7":{"start":{"line":9,"column":20},"end":{"line":15,"column":1}},"8":{"start":{"line":10,"column":4},"end":{"line":11,"column":30}},"9":{"start":{"line":11,"column":8},"end":{"line":11,"column":30}},"10":{"start":{"line":12,"column":4},"end":{"line":13,"column":76}},"11":{"start":{"line":13,"column":8},"end":{"line":13,"column":76}},"12":{"start":{"line":14,"column":4},"end":{"line":14,"column":16}},"13":{"start":{"line":16,"column":0},"end":{"line":16,"column":34}},"14":{"start":{"line":19,"column":8},"end":{"line":19,"column":25}},"15":{"start":{"line":20,"column":8},"end":{"line":20,"column":31}},"16":{"start":{"line":21,"column":8},"end":{"line":21,"column":37}},"17":{"start":{"line":22,"column":8},"end":{"line":22,"column":29}},"18":{"start":{"line":25,"column":8},"end":{"line":25,"column":78}},"19":{"start":{"line":28,"column":0},"end":{"line":28,"column":26}},"20":{"start":{"line":32,"column":8},"end":{"line":32,"column":31}},"21":{"start":{"line":33,"column":8},"end":{"line":33,"column":37}},"22":{"start":{"line":36,"column":0},"end":{"line":36,"column":44}},"23":{"start":{"line":40,"column":8},"end":{"line":40,"column":25}},"24":{"start":{"line":41,"column":8},"end":{"line":41,"column":33}},"25":{"start":{"line":42,"column":8},"end":{"line":42,"column":43}},"26":{"start":{"line":43,"column":8},"end":{"line":43,"column":33}},"27":{"start":{"line":46,"column":8},"end":{"line":46,"column":84}},"28":{"start":{"line":49,"column":0},"end":{"line":49,"column":26}},"29":{"start":{"line":52,"column":8},"end":{"line":52,"column":25}},"30":{"start":{"line":53,"column":8},"end":{"line":53,"column":37}},"31":{"start":{"line":54,"column":8},"end":{"line":54,"column":29}},"32":{"start":{"line":55,"column":8},"end":{"line":55,"column":27}},"33":{"start":{"line":56,"column":8},"end":{"line":56,"column":31}},"34":{"start":{"line":57,"column":8},"end":{"line":57,"column":35}},"35":{"start":{"line":60,"column":8},"end":{"line":60,"column":106}},"36":{"start":{"line":63,"column":0},"end":{"line":63,"column":30}},"37":{"start":{"line":66,"column":8},"end":{"line":66,"column":25}},"38":{"start":{"line":67,"column":8},"end":{"line":67,"column":37}},"39":{"start":{"line":68,"column":8},"end":{"line":68,"column":35}},"40":{"start":{"line":69,"column":8},"end":{"line":69,"column":31}},"41":{"start":{"line":70,"column":8},"end":{"line":70,"column":59}},"42":{"start":{"line":71,"column":8},"end":{"line":71,"column":61}},"43":{"start":{"line":72,"column":8},"end":{"line":72,"column":33}},"44":{"start":{"line":75,"column":8},"end":{"line":75,"column":127}},"45":{"start":{"line":78,"column":0},"end":{"line":78,"column":32}},"46":{"start":{"line":81,"column":8},"end":{"line":81,"column":25}},"47":{"start":{"line":82,"column":8},"end":{"line":82,"column":41}},"48":{"start":{"line":83,"column":8},"end":{"line":83,"column":37}},"49":{"start":{"line":84,"column":8},"end":{"line":84,"column":65}},"50":{"start":{"line":87,"column":8},"end":{"line":87,"column":94}},"51":{"start":{"line":90,"column":0},"end":{"line":90,"column":32}}},"fnMap":{"0":{"name":"(anonymous_0)","decl":{"start":{"line":9,"column":20},"end":{"line":9,"column":21}},"loc":{"start":{"line":9,"column":30},"end":{"line":15,"column":1}},"line":9},"1":{"name":"(anonymous_1)","decl":{"start":{"line":18,"column":4},"end":{"line":18,"column":5}},"loc":{"start":{"line":18,"column":21},"end":{"line":23,"column":5}},"line":18},"2":{"name":"(anonymous_2)","decl":{"start":{"line":24,"column":4},"end":{"line":24,"column":5}},"loc":{"start":{"line":24,"column":13},"end":{"line":26,"column":5}},"line":24},"3":{"name":"(anonymous_3)","decl":{"start":{"line":31,"column":4},"end":{"line":31,"column":5}},"loc":{"start":{"line":31,"column":21},"end":{"line":34,"column":5}},"line":31},"4":{"name":"(anonymous_4)","decl":{"start":{"line":39,"column":4},"end":{"line":39,"column":5}},"loc":{"start":{"line":39,"column":21},"end":{"line":44,"column":5}},"line":39},"5":{"name":"(anonymous_5)","decl":{"start":{"line":45,"column":4},"end":{"line":45,"column":5}},"loc":{"start":{"line":45,"column":13},"end":{"line":47,"column":5}},"line":45},"6":{"name":"(anonymous_6)","decl":{"start":{"line":51,"column":4},"end":{"line":51,"column":5}},"loc":{"start":{"line":51,"column":21},"end":{"line":58,"column":5}},"line":51},"7":{"name":"(anonymous_7)","decl":{"start":{"line":59,"column":4},"end":{"line":59,"column":5}},"loc":{"start":{"line":59,"column":15},"end":{"line":61,"column":5}},"line":59},"8":{"name":"(anonymous_8)","decl":{"start":{"line":65,"column":4},"end":{"line":65,"column":5}},"loc":{"start":{"line":65,"column":21},"end":{"line":73,"column":5}},"line":65},"9":{"name":"(anonymous_9)","decl":{"start":{"line":74,"column":4},"end":{"line":74,"column":5}},"loc":{"start":{"line":74,"column":16},"end":{"line":76,"column":5}},"line":74},"10":{"name":"(anonymous_10)","decl":{"start":{"line":80,"column":4},"end":{"line":80,"column":5}},"loc":{"start":{"line":80,"column":21},"end":{"line":85,"column":5}},"line":80},"11":{"name":"(anonymous_11)","decl":{"start":{"line":86,"column":4},"end":{"line":86,"column":5}},"loc":{"start":{"line":86,"column":16},"end":{"line":88,"column":5}},"line":86}},"branchMap":{"0":{"loc":{"start":{"line":10,"column":4},"end":{"line":11,"column":30}},"type":"if","locations":[{"start":{"line":10,"column":4},"end":{"line":11,"column":30}},{"start":{},"end":{}}],"line":10},"1":{"loc":{"start":{"line":12,"column":4},"end":{"line":13,"column":76}},"type":"if","locations":[{"start":{"line":12,"column":4},"end":{"line":13,"column":76}},{"start":{},"end":{}}],"line":12}},"s":{"0":1,"1":1,"2":1,"3":1,"4":1,"5":1,"6":1,"7":1,"8":9,"9":0,"10":9,"11":9,"12":9,"13":1,"14":0,"15":0,"16":0,"17":0,"18":0,"19":1,"20":0,"21":0,"22":1,"23":3,"24":3,"25":3,"26":3,"27":3,"28":1,"29":6,"30":6,"31":6,"32":6,"33":6,"34":6,"35":6,"36":1,"37":3,"38":3,"39":3,"40":3,"41":3,"42":3,"43":3,"44":3,"45":1,"46":3,"47":3,"48":3,"49":3,"50":3,"51":1},"f":{"0":9,"1":0,"2":0,"3":0,"4":3,"5":3,"6":6,"7":6,"8":3,"9":3,"10":3,"11":3},"b":{"0":[0,9],"1":[9,0]},"_coverageSchema":"1a1c01bbd47fc00a2c39e90264f33305004495a9","hash":"944aedf0e93ab2c5255cfc3dca6fd7f3afeec59c"}
}
