TN:
SF:src\db\DbGuestRepo.ts
FN:2,(anonymous_0)
FN:3,adopt
FN:3,(anonymous_2)
FN:4,(anonymous_3)
FN:5,fulfilled
FN:6,rejected
FN:7,step
FN:18,(anonymous_7)
FN:21,(anonymous_8)
FN:22,(anonymous_9)
FN:34,(anonymous_10)
FN:35,(anonymous_11)
FN:43,(anonymous_12)
FN:44,(anonymous_13)
FN:52,(anonymous_14)
FN:53,(anonymous_15)
FN:60,(anonymous_16)
FN:61,(anonymous_17)
FN:67,(anonymous_18)
FN:68,(anonymous_19)
FN:73,(anonymous_20)
FNF:21
FNH:19
FNDA:12,(anonymous_0)
FNDA:12,adopt
FNDA:0,(anonymous_2)
FNDA:12,(anonymous_3)
FNDA:12,fulfilled
FNDA:0,rejected
FNDA:24,step
FNDA:1,(anonymous_7)
FNDA:3,(anonymous_8)
FNDA:3,(anonymous_9)
FNDA:5,(anonymous_10)
FNDA:5,(anonymous_11)
FNDA:1,(anonymous_12)
FNDA:1,(anonymous_13)
FNDA:1,(anonymous_14)
FNDA:1,(anonymous_15)
FNDA:1,(anonymous_16)
FNDA:1,(anonymous_17)
FNDA:1,(anonymous_18)
FNDA:1,(anonymous_19)
FNDA:3,(anonymous_20)
DA:2,1
DA:3,12
DA:4,12
DA:5,12
DA:6,0
DA:7,24
DA:8,12
DA:11,1
DA:12,1
DA:13,1
DA:14,1
DA:15,1
DA:16,1
DA:19,1
DA:22,3
DA:23,3
DA:25,3
DA:26,0
DA:28,3
DA:30,3
DA:31,3
DA:35,5
DA:36,5
DA:37,5
DA:38,5
DA:44,1
DA:45,1
DA:46,1
DA:47,1
DA:53,1
DA:54,1
DA:56,1
DA:57,1
DA:61,1
DA:62,1
DA:63,1
DA:64,1
DA:68,1
DA:69,1
DA:70,1
DA:71,1
DA:72,0
DA:73,3
DA:77,1
LF:44
LH:41
BRDA:2,0,0,1
BRDA:2,0,1,1
BRDA:2,0,2,1
BRDA:3,1,0,12
BRDA:3,1,1,0
BRDA:4,2,0,12
BRDA:4,2,1,12
BRDA:7,3,0,12
BRDA:7,3,1,12
BRDA:8,4,0,12
BRDA:8,4,1,12
BRDA:25,5,0,0
BRDA:25,5,1,3
BRDA:38,6,0,4
BRDA:38,6,1,1
BRDA:38,7,0,5
BRDA:38,7,1,5
BRDA:47,8,0,1
BRDA:47,8,1,0
BRDA:47,9,0,1
BRDA:47,9,1,1
BRDA:71,10,0,0
BRDA:71,10,1,1
BRF:23
BRH:19
end_of_record
TN:
SF:src\db\DbHistoryRepo.ts
FN:2,(anonymous_0)
FN:3,adopt
FN:3,(anonymous_2)
FN:4,(anonymous_3)
FN:5,fulfilled
FN:6,rejected
FN:7,step
FN:18,(anonymous_7)
FN:21,(anonymous_8)
FN:22,(anonymous_9)
FN:34,(anonymous_10)
FN:35,(anonymous_11)
FN:43,(anonymous_12)
FN:44,(anonymous_13)
FN:50,(anonymous_14)
FN:51,(anonymous_15)
FN:56,(anonymous_16)
FNF:17
FNH:15
FNDA:9,(anonymous_0)
FNDA:9,adopt
FNDA:0,(anonymous_2)
FNDA:9,(anonymous_3)
FNDA:9,fulfilled
FNDA:0,rejected
FNDA:18,step
FNDA:1,(anonymous_7)
FNDA:3,(anonymous_8)
FNDA:3,(anonymous_9)
FNDA:4,(anonymous_10)
FNDA:4,(anonymous_11)
FNDA:1,(anonymous_12)
FNDA:1,(anonymous_13)
FNDA:1,(anonymous_14)
FNDA:1,(anonymous_15)
FNDA:3,(anonymous_16)
DA:2,1
DA:3,9
DA:4,9
DA:5,9
DA:6,0
DA:7,18
DA:8,9
DA:11,1
DA:12,1
DA:13,1
DA:14,1
DA:15,1
DA:16,1
DA:19,1
DA:22,3
DA:23,3
DA:24,3
DA:25,0
DA:27,3
DA:28,3
DA:30,3
DA:31,3
DA:35,4
DA:36,4
DA:37,4
DA:38,4
DA:44,1
DA:45,1
DA:46,1
DA:47,1
DA:51,1
DA:52,1
DA:53,1
DA:54,1
DA:55,0
DA:56,3
DA:60,1
LF:37
LH:34
BRDA:2,0,0,1
BRDA:2,0,1,1
BRDA:2,0,2,1
BRDA:3,1,0,9
BRDA:3,1,1,0
BRDA:4,2,0,9
BRDA:4,2,1,9
BRDA:7,3,0,9
BRDA:7,3,1,9
BRDA:8,4,0,9
BRDA:8,4,1,9
BRDA:24,5,0,0
BRDA:24,5,1,3
BRDA:38,6,0,3
BRDA:38,6,1,1
BRDA:38,7,0,4
BRDA:38,7,1,4
BRDA:54,8,0,0
BRDA:54,8,1,1
BRF:19
BRH:16
end_of_record
TN:
SF:src\db\DbRequestRepo.ts
FN:2,(anonymous_0)
FN:3,adopt
FN:3,(anonymous_2)
FN:4,(anonymous_3)
FN:5,fulfilled
FN:6,rejected
FN:7,step
FN:18,(anonymous_7)
FN:21,(anonymous_8)
FN:22,(anonymous_9)
FN:35,(anonymous_10)
FN:36,(anonymous_11)
FN:44,(anonymous_12)
FN:45,(anonymous_13)
FN:52,(anonymous_14)
FN:53,(anonymous_15)
FN:59,(anonymous_16)
FN:60,(anonymous_17)
FN:65,(anonymous_18)
FNF:19
FNH:17
FNDA:11,(anonymous_0)
FNDA:11,adopt
FNDA:0,(anonymous_2)
FNDA:11,(anonymous_3)
FNDA:11,fulfilled
FNDA:0,rejected
FNDA:22,step
FNDA:1,(anonymous_7)
FNDA:3,(anonymous_8)
FNDA:3,(anonymous_9)
FNDA:5,(anonymous_10)
FNDA:5,(anonymous_11)
FNDA:1,(anonymous_12)
FNDA:1,(anonymous_13)
FNDA:1,(anonymous_14)
FNDA:1,(anonymous_15)
FNDA:1,(anonymous_16)
FNDA:1,(anonymous_17)
FNDA:3,(anonymous_18)
DA:2,1
DA:3,11
DA:4,11
DA:5,11
DA:6,0
DA:7,22
DA:8,11
DA:11,1
DA:12,1
DA:13,1
DA:14,1
DA:15,1
DA:16,1
DA:19,1
DA:22,3
DA:23,3
DA:24,3
DA:25,0
DA:27,3
DA:28,3
DA:29,3
DA:31,3
DA:32,3
DA:36,5
DA:37,5
DA:38,5
DA:39,5
DA:45,1
DA:46,1
DA:48,1
DA:49,1
DA:53,1
DA:54,1
DA:55,1
DA:56,1
DA:60,1
DA:61,1
DA:62,1
DA:63,1
DA:64,0
DA:65,3
DA:69,1
LF:42
LH:39
BRDA:2,0,0,1
BRDA:2,0,1,1
BRDA:2,0,2,1
BRDA:3,1,0,11
BRDA:3,1,1,0
BRDA:4,2,0,11
BRDA:4,2,1,11
BRDA:7,3,0,11
BRDA:7,3,1,11
BRDA:8,4,0,11
BRDA:8,4,1,11
BRDA:24,5,0,0
BRDA:24,5,1,3
BRDA:39,6,0,4
BRDA:39,6,1,1
BRDA:39,7,0,5
BRDA:39,7,1,5
BRDA:63,8,0,0
BRDA:63,8,1,1
BRF:19
BRH:16
end_of_record
TN:
SF:src\db\DbRoomRepo.ts
FN:2,(anonymous_0)
FN:3,adopt
FN:3,(anonymous_2)
FN:4,(anonymous_3)
FN:5,fulfilled
FN:6,rejected
FN:7,step
FN:18,(anonymous_7)
FN:21,(anonymous_8)
FN:22,(anonymous_9)
FN:39,(anonymous_10)
FN:40,(anonymous_11)
FN:48,(anonymous_12)
FN:49,(anonymous_13)
FN:57,(anonymous_14)
FN:58,(anonymous_15)
FN:65,(anonymous_16)
FN:66,(anonymous_17)
FN:72,(anonymous_18)
FN:73,(anonymous_19)
FN:78,(anonymous_20)
FNF:21
FNH:19
FNDA:12,(anonymous_0)
FNDA:15,adopt
FNDA:0,(anonymous_2)
FNDA:12,(anonymous_3)
FNDA:15,fulfilled
FNDA:0,rejected
FNDA:27,step
FNDA:1,(anonymous_7)
FNDA:3,(anonymous_8)
FNDA:3,(anonymous_9)
FNDA:5,(anonymous_10)
FNDA:5,(anonymous_11)
FNDA:1,(anonymous_12)
FNDA:1,(anonymous_13)
FNDA:1,(anonymous_14)
FNDA:1,(anonymous_15)
FNDA:1,(anonymous_16)
FNDA:1,(anonymous_17)
FNDA:1,(anonymous_18)
FNDA:1,(anonymous_19)
FNDA:3,(anonymous_20)
DA:2,1
DA:3,15
DA:4,12
DA:5,15
DA:6,0
DA:7,27
DA:8,12
DA:11,1
DA:12,1
DA:13,1
DA:14,1
DA:15,1
DA:16,1
DA:19,1
DA:22,3
DA:23,3
DA:25,3
DA:26,0
DA:28,3
DA:29,3
DA:30,3
DA:31,0
DA:33,3
DA:35,3
DA:36,3
DA:40,5
DA:41,5
DA:42,5
DA:43,5
DA:49,1
DA:50,1
DA:51,1
DA:52,1
DA:58,1
DA:59,1
DA:61,1
DA:62,1
DA:66,1
DA:67,1
DA:68,1
DA:69,1
DA:73,1
DA:74,1
DA:75,1
DA:76,1
DA:77,0
DA:78,3
DA:82,1
LF:48
LH:44
BRDA:2,0,0,1
BRDA:2,0,1,1
BRDA:2,0,2,1
BRDA:3,1,0,15
BRDA:3,1,1,0
BRDA:4,2,0,12
BRDA:4,2,1,12
BRDA:7,3,0,12
BRDA:7,3,1,15
BRDA:8,4,0,12
BRDA:8,4,1,12
BRDA:25,5,0,0
BRDA:25,5,1,3
BRDA:30,6,0,0
BRDA:30,6,1,3
BRDA:30,7,0,3
BRDA:30,7,1,3
BRDA:43,8,0,4
BRDA:43,8,1,1
BRDA:43,9,0,5
BRDA:43,9,1,5
BRDA:52,10,0,1
BRDA:52,10,1,0
BRDA:52,11,0,1
BRDA:52,11,1,1
BRDA:76,12,0,0
BRDA:76,12,1,1
BRF:27
BRH:22
end_of_record
TN:
SF:src\db\DbStaffRepo.ts
FN:2,(anonymous_0)
FN:3,adopt
FN:3,(anonymous_2)
FN:4,(anonymous_3)
FN:5,fulfilled
FN:6,rejected
FN:7,step
FN:18,(anonymous_7)
FN:21,(anonymous_8)
FN:22,(anonymous_9)
FN:34,(anonymous_10)
FN:35,(anonymous_11)
FN:43,(anonymous_12)
FN:44,(anonymous_13)
FN:52,(anonymous_14)
FN:53,(anonymous_15)
FN:60,(anonymous_16)
FN:61,(anonymous_17)
FN:67,(anonymous_18)
FN:68,(anonymous_19)
FN:73,(anonymous_20)
FNF:21
FNH:19
FNDA:12,(anonymous_0)
FNDA:12,adopt
FNDA:0,(anonymous_2)
FNDA:12,(anonymous_3)
FNDA:12,fulfilled
FNDA:0,rejected
FNDA:24,step
FNDA:1,(anonymous_7)
FNDA:3,(anonymous_8)
FNDA:3,(anonymous_9)
FNDA:5,(anonymous_10)
FNDA:5,(anonymous_11)
FNDA:1,(anonymous_12)
FNDA:1,(anonymous_13)
FNDA:1,(anonymous_14)
FNDA:1,(anonymous_15)
FNDA:1,(anonymous_16)
FNDA:1,(anonymous_17)
FNDA:1,(anonymous_18)
FNDA:1,(anonymous_19)
FNDA:3,(anonymous_20)
DA:2,1
DA:3,12
DA:4,12
DA:5,12
DA:6,0
DA:7,24
DA:8,12
DA:11,1
DA:12,1
DA:13,1
DA:14,1
DA:15,1
DA:16,1
DA:19,1
DA:22,3
DA:23,3
DA:25,3
DA:26,0
DA:28,3
DA:30,3
DA:31,3
DA:35,5
DA:36,5
DA:37,5
DA:38,5
DA:44,1
DA:45,1
DA:46,1
DA:47,1
DA:53,1
DA:54,1
DA:56,1
DA:57,1
DA:61,1
DA:62,1
DA:63,1
DA:64,1
DA:68,1
DA:69,1
DA:70,1
DA:71,1
DA:72,0
DA:73,3
DA:77,1
LF:44
LH:41
BRDA:2,0,0,1
BRDA:2,0,1,1
BRDA:2,0,2,1
BRDA:3,1,0,12
BRDA:3,1,1,0
BRDA:4,2,0,12
BRDA:4,2,1,12
BRDA:7,3,0,12
BRDA:7,3,1,12
BRDA:8,4,0,12
BRDA:8,4,1,12
BRDA:25,5,0,0
BRDA:25,5,1,3
BRDA:38,6,0,4
BRDA:38,6,1,1
BRDA:38,7,0,5
BRDA:38,7,1,5
BRDA:47,8,0,1
BRDA:47,8,1,0
BRDA:47,9,0,1
BRDA:47,9,1,1
BRDA:71,10,0,0
BRDA:71,10,1,1
BRF:23
BRH:19
end_of_record
TN:
SF:src\db\DbUserRepo.ts
FN:2,(anonymous_0)
FN:3,adopt
FN:3,(anonymous_2)
FN:4,(anonymous_3)
FN:5,fulfilled
FN:6,rejected
FN:7,step
FN:17,(anonymous_7)
FN:20,(anonymous_8)
FN:21,(anonymous_9)
FN:30,(anonymous_10)
FN:31,(anonymous_11)
FN:47,(anonymous_12)
FN:48,(anonymous_13)
FN:56,(anonymous_14)
FN:57,(anonymous_15)
FN:65,(anonymous_16)
FN:66,(anonymous_17)
FN:73,(anonymous_18)
FN:74,(anonymous_19)
FNF:20
FNH:18
FNDA:16,(anonymous_0)
FNDA:19,adopt
FNDA:0,(anonymous_2)
FNDA:16,(anonymous_3)
FNDA:19,fulfilled
FNDA:0,rejected
FNDA:35,step
FNDA:1,(anonymous_7)
FNDA:5,(anonymous_8)
FNDA:5,(anonymous_9)
FNDA:3,(anonymous_10)
FNDA:3,(anonymous_11)
FNDA:4,(anonymous_12)
FNDA:4,(anonymous_13)
FNDA:2,(anonymous_14)
FNDA:2,(anonymous_15)
FNDA:1,(anonymous_16)
FNDA:1,(anonymous_17)
FNDA:1,(anonymous_18)
FNDA:1,(anonymous_19)
DA:2,1
DA:3,19
DA:4,16
DA:5,19
DA:6,0
DA:7,35
DA:8,16
DA:11,1
DA:12,1
DA:13,1
DA:14,1
DA:15,1
DA:18,1
DA:21,5
DA:22,5
DA:23,5
DA:24,5
DA:25,4
DA:27,1
DA:31,3
DA:32,3
DA:34,3
DA:35,0
DA:37,3
DA:38,3
DA:39,0
DA:41,3
DA:43,3
DA:44,3
DA:48,4
DA:49,4
DA:50,4
DA:51,4
DA:57,2
DA:58,2
DA:59,2
DA:60,2
DA:66,1
DA:67,1
DA:69,1
DA:70,1
DA:74,1
DA:75,1
DA:76,1
DA:77,1
DA:81,1
LF:46
LH:43
BRDA:2,0,0,1
BRDA:2,0,1,1
BRDA:2,0,2,1
BRDA:3,1,0,19
BRDA:3,1,1,0
BRDA:4,2,0,16
BRDA:4,2,1,16
BRDA:7,3,0,16
BRDA:7,3,1,19
BRDA:8,4,0,16
BRDA:8,4,1,16
BRDA:24,5,0,4
BRDA:24,5,1,1
BRDA:24,6,0,5
BRDA:24,6,1,5
BRDA:34,7,0,0
BRDA:34,7,1,3
BRDA:38,8,0,0
BRDA:38,8,1,3
BRDA:51,9,0,3
BRDA:51,9,1,1
BRDA:51,10,0,4
BRDA:51,10,1,4
BRDA:60,11,0,2
BRDA:60,11,1,0
BRDA:60,12,0,2
BRDA:60,12,1,2
BRF:27
BRH:23
end_of_record
TN:
SF:src\db\common.ts
FN:2,(anonymous_0)
FN:3,adopt
FN:3,(anonymous_2)
FN:4,(anonymous_3)
FN:5,fulfilled
FN:6,rejected
FN:7,step
FN:22,(anonymous_7)
FN:26,(anonymous_8)
FN:26,(anonymous_9)
FN:35,(anonymous_10)
FN:35,(anonymous_11)
FN:53,(anonymous_12)
FN:53,(anonymous_13)
FN:71,(anonymous_14)
FN:71,(anonymous_15)
FN:89,(anonymous_16)
FNF:17
FNH:15
FNDA:104,(anonymous_0)
FNDA:104,adopt
FNDA:0,(anonymous_2)
FNDA:104,(anonymous_3)
FNDA:104,fulfilled
FNDA:0,rejected
FNDA:208,step
FNDA:6,(anonymous_7)
FNDA:75,(anonymous_8)
FNDA:75,(anonymous_9)
FNDA:18,(anonymous_10)
FNDA:18,(anonymous_11)
FNDA:6,(anonymous_12)
FNDA:6,(anonymous_13)
FNDA:5,(anonymous_14)
FNDA:5,(anonymous_15)
FNDA:11,(anonymous_16)
DA:2,1
DA:3,104
DA:4,104
DA:5,104
DA:6,0
DA:7,208
DA:8,104
DA:11,1
DA:12,1
DA:13,1
DA:14,1
DA:16,1
DA:17,1
DA:18,1
DA:19,1
DA:20,1
DA:21,1
DA:22,1
DA:23,6
DA:25,1
DA:26,75
DA:27,75
DA:28,75
DA:31,0
DA:34,1
DA:35,18
DA:36,18
DA:37,18
DA:38,18
DA:39,0
DA:40,18
DA:41,0
DA:44,0
DA:45,0
DA:46,0
DA:47,0
DA:49,0
DA:52,1
DA:53,6
DA:54,6
DA:55,6
DA:56,6
DA:57,0
DA:58,6
DA:59,0
DA:62,0
DA:63,0
DA:64,0
DA:65,0
DA:67,0
DA:70,1
DA:71,5
DA:72,5
DA:73,5
DA:74,5
DA:75,0
DA:76,5
DA:77,0
DA:80,0
DA:81,0
DA:82,0
DA:83,0
DA:85,0
DA:88,1
DA:89,1
DA:90,11
DA:91,11
DA:92,11
DA:93,11
DA:95,1
LF:70
LH:47
BRDA:2,0,0,1
BRDA:2,0,1,1
BRDA:2,0,2,1
BRDA:3,1,0,104
BRDA:3,1,1,0
BRDA:4,2,0,104
BRDA:4,2,1,104
BRDA:7,3,0,104
BRDA:7,3,1,104
BRDA:8,4,0,104
BRDA:8,4,1,104
BRDA:38,5,0,0
BRDA:38,5,1,18
BRDA:40,6,0,0
BRDA:40,6,1,18
BRDA:44,7,0,0
BRDA:44,7,1,0
BRDA:46,8,0,0
BRDA:46,8,1,0
BRDA:56,9,0,0
BRDA:56,9,1,6
BRDA:58,10,0,0
BRDA:58,10,1,6
BRDA:62,11,0,0
BRDA:62,11,1,0
BRDA:64,12,0,0
BRDA:64,12,1,0
BRDA:74,13,0,0
BRDA:74,13,1,5
BRDA:76,14,0,0
BRDA:76,14,1,5
BRDA:80,15,0,0
BRDA:80,15,1,0
BRDA:82,16,0,0
BRDA:82,16,1,0
BRDA:91,17,0,11
BRDA:91,17,1,0
BRF:37
BRH:17
end_of_record
TN:
SF:src\db\dbCheck\validHistory.ts
FN:6,(anonymous_0)
FNF:1
FNH:1
FNDA:3,(anonymous_0)
DA:2,1
DA:3,1
DA:4,1
DA:5,1
DA:6,1
DA:7,3
DA:8,3
DA:9,0
DA:11,3
DA:12,0
DA:14,3
DA:15,0
DA:17,3
DA:21,1
LF:14
LH:11
BRDA:8,0,0,0
BRDA:8,0,1,3
BRDA:11,1,0,0
BRDA:11,1,1,3
BRDA:14,2,0,0
BRDA:14,2,1,3
BRDA:17,3,0,0
BRDA:17,3,1,3
BRF:8
BRH:4
end_of_record
TN:
SF:src\db\dbCheck\validPerson.ts
FN:5,(anonymous_0)
FNF:1
FNH:1
FNDA:6,(anonymous_0)
DA:2,1
DA:3,1
DA:4,1
DA:5,1
DA:6,6
DA:7,6
DA:8,0
DA:10,6
DA:11,0
DA:13,6
DA:14,0
DA:16,6
DA:17,0
DA:19,6
DA:20,0
DA:22,6
DA:26,1
LF:17
LH:12
BRDA:7,0,0,0
BRDA:7,0,1,6
BRDA:10,1,0,0
BRDA:10,1,1,6
BRDA:13,2,0,0
BRDA:13,2,1,6
BRDA:16,3,0,0
BRDA:16,3,1,6
BRDA:19,4,0,0
BRDA:19,4,1,6
BRDA:22,5,0,0
BRDA:22,5,1,6
BRF:12
BRH:6
end_of_record
TN:
SF:src\db\dbCheck\validRequest.ts
FN:6,(anonymous_0)
FNF:1
FNH:1
FNDA:3,(anonymous_0)
DA:2,1
DA:3,1
DA:4,1
DA:5,1
DA:6,1
DA:7,3
DA:8,3
DA:9,0
DA:11,3
DA:12,0
DA:14,3
DA:15,0
DA:17,3
DA:18,0
DA:20,3
DA:21,0
DA:23,3
DA:24,0
DA:26,3
DA:30,1
LF:20
LH:14
BRDA:8,0,0,0
BRDA:8,0,1,3
BRDA:11,1,0,0
BRDA:11,1,1,3
BRDA:14,2,0,0
BRDA:14,2,1,3
BRDA:17,3,0,0
BRDA:17,3,1,3
BRDA:20,4,0,0
BRDA:20,4,1,3
BRDA:23,5,0,0
BRDA:23,5,1,3
BRDA:26,6,0,0
BRDA:26,6,1,3
BRF:14
BRH:7
end_of_record
TN:
SF:src\db\dbCheck\validRoom.ts
FN:5,(anonymous_0)
FNF:1
FNH:1
FNDA:3,(anonymous_0)
DA:2,1
DA:3,1
DA:4,1
DA:5,1
DA:6,3
DA:7,3
DA:8,0
DA:10,3
DA:11,0
DA:13,3
DA:14,0
DA:16,3
DA:20,1
LF:13
LH:10
BRDA:7,0,0,0
BRDA:7,0,1,3
BRDA:10,1,0,0
BRDA:10,1,1,3
BRDA:13,2,0,0
BRDA:13,2,1,3
BRDA:16,3,0,0
BRDA:16,3,1,3
BRF:8
BRH:4
end_of_record
TN:
SF:src\db\dbCheck\validUser.ts
FN:5,(anonymous_0)
FNF:1
FNH:1
FNDA:3,(anonymous_0)
DA:2,1
DA:3,1
DA:4,1
DA:5,1
DA:6,3
DA:7,3
DA:8,0
DA:10,3
DA:11,0
DA:13,3
DA:14,0
DA:16,3
DA:20,1
LF:13
LH:10
BRDA:7,0,0,0
BRDA:7,0,1,3
BRDA:10,1,0,0
BRDA:10,1,1,3
BRDA:13,2,0,0
BRDA:13,2,1,3
BRDA:16,3,0,0
BRDA:16,3,1,3
BRF:8
BRH:4
end_of_record
TN:
SF:src\db\dbCheck\validUtil.ts
FN:4,(anonymous_0)
FN:8,(anonymous_1)
FN:12,(anonymous_2)
FN:16,(anonymous_3)
FN:19,(anonymous_4)
FN:32,(anonymous_5)
FN:34,(anonymous_6)
FN:36,(anonymous_7)
FNF:8
FNH:2
FNDA:24,(anonymous_0)
FNDA:42,(anonymous_1)
FNDA:0,(anonymous_2)
FNDA:0,(anonymous_3)
FNDA:0,(anonymous_4)
FNDA:0,(anonymous_5)
FNDA:0,(anonymous_6)
FNDA:0,(anonymous_7)
DA:2,1
DA:3,1
DA:4,1
DA:5,24
DA:7,1
DA:8,1
DA:9,42
DA:11,1
DA:12,1
DA:13,0
DA:15,1
DA:16,1
DA:17,0
DA:18,0
DA:19,0
DA:20,0
DA:21,0
DA:24,0
DA:25,0
DA:27,0
DA:29,0
DA:31,1
DA:32,1
DA:33,1
DA:34,1
DA:35,1
DA:36,1
DA:39,1
LF:28
LH:18
BRDA:17,0,0,0
BRDA:17,0,1,0
BRDA:20,1,0,0
BRDA:20,1,1,0
BRDA:24,2,0,0
BRDA:24,2,1,0
BRDA:24,3,0,0
BRDA:24,3,1,0
BRF:8
BRH:0
end_of_record
TN:
SF:src\logic\HistoryController.ts
FN:2,(anonymous_0)
FN:3,adopt
FN:3,(anonymous_2)
FN:4,(anonymous_3)
FN:5,fulfilled
FN:6,rejected
FN:7,step
FN:14,(anonymous_7)
FN:17,(anonymous_8)
FN:18,(anonymous_9)
FN:22,(anonymous_10)
FN:23,(anonymous_11)
FN:27,(anonymous_12)
FN:28,(anonymous_13)
FN:32,(anonymous_14)
FN:33,(anonymous_15)
FNF:16
FNH:14
FNDA:9,(anonymous_0)
FNDA:9,adopt
FNDA:0,(anonymous_2)
FNDA:9,(anonymous_3)
FNDA:9,fulfilled
FNDA:0,rejected
FNDA:18,step
FNDA:1,(anonymous_7)
FNDA:3,(anonymous_8)
FNDA:3,(anonymous_9)
FNDA:4,(anonymous_10)
FNDA:4,(anonymous_11)
FNDA:1,(anonymous_12)
FNDA:1,(anonymous_13)
FNDA:1,(anonymous_14)
FNDA:1,(anonymous_15)
DA:2,1
DA:3,9
DA:4,9
DA:5,9
DA:6,0
DA:7,18
DA:8,9
DA:11,1
DA:12,1
DA:15,1
DA:18,3
DA:19,3
DA:23,4
DA:24,4
DA:28,1
DA:29,1
DA:33,1
DA:34,1
DA:38,1
LF:19
LH:18
BRDA:2,0,0,1
BRDA:2,0,1,1
BRDA:2,0,2,1
BRDA:3,1,0,9
BRDA:3,1,1,0
BRDA:4,2,0,9
BRDA:4,2,1,9
BRDA:7,3,0,9
BRDA:7,3,1,9
BRDA:8,4,0,9
BRDA:8,4,1,9
BRF:11
BRH:10
end_of_record
TN:
SF:src\logic\PersonController.ts
FN:2,(anonymous_0)
FN:3,adopt
FN:3,(anonymous_2)
FN:4,(anonymous_3)
FN:5,fulfilled
FN:6,rejected
FN:7,step
FN:14,(anonymous_7)
FN:17,(anonymous_8)
FN:18,(anonymous_9)
FN:22,(anonymous_10)
FN:23,(anonymous_11)
FN:27,(anonymous_12)
FN:28,(anonymous_13)
FN:32,(anonymous_14)
FN:33,(anonymous_15)
FN:37,(anonymous_16)
FN:38,(anonymous_17)
FN:42,(anonymous_18)
FN:43,(anonymous_19)
FNF:20
FNH:18
FNDA:12,(anonymous_0)
FNDA:12,adopt
FNDA:0,(anonymous_2)
FNDA:12,(anonymous_3)
FNDA:12,fulfilled
FNDA:0,rejected
FNDA:24,step
FNDA:1,(anonymous_7)
FNDA:3,(anonymous_8)
FNDA:3,(anonymous_9)
FNDA:5,(anonymous_10)
FNDA:5,(anonymous_11)
FNDA:1,(anonymous_12)
FNDA:1,(anonymous_13)
FNDA:1,(anonymous_14)
FNDA:1,(anonymous_15)
FNDA:1,(anonymous_16)
FNDA:1,(anonymous_17)
FNDA:1,(anonymous_18)
FNDA:1,(anonymous_19)
DA:2,1
DA:3,12
DA:4,12
DA:5,12
DA:6,0
DA:7,24
DA:8,12
DA:11,1
DA:12,1
DA:15,1
DA:18,3
DA:19,3
DA:23,5
DA:24,5
DA:28,1
DA:29,1
DA:33,1
DA:34,1
DA:38,1
DA:39,1
DA:43,1
DA:44,1
DA:48,1
LF:23
LH:22
BRDA:2,0,0,1
BRDA:2,0,1,1
BRDA:2,0,2,1
BRDA:3,1,0,12
BRDA:3,1,1,0
BRDA:4,2,0,12
BRDA:4,2,1,12
BRDA:7,3,0,12
BRDA:7,3,1,12
BRDA:8,4,0,12
BRDA:8,4,1,12
BRF:11
BRH:10
end_of_record
TN:
SF:src\logic\RequestController.ts
FN:2,(anonymous_0)
FN:3,adopt
FN:3,(anonymous_2)
FN:4,(anonymous_3)
FN:5,fulfilled
FN:6,rejected
FN:7,step
FN:14,(anonymous_7)
FN:17,(anonymous_8)
FN:18,(anonymous_9)
FN:22,(anonymous_10)
FN:23,(anonymous_11)
FN:27,(anonymous_12)
FN:28,(anonymous_13)
FN:32,(anonymous_14)
FN:33,(anonymous_15)
FN:37,(anonymous_16)
FN:38,(anonymous_17)
FNF:18
FNH:16
FNDA:11,(anonymous_0)
FNDA:11,adopt
FNDA:0,(anonymous_2)
FNDA:11,(anonymous_3)
FNDA:11,fulfilled
FNDA:0,rejected
FNDA:22,step
FNDA:1,(anonymous_7)
FNDA:3,(anonymous_8)
FNDA:3,(anonymous_9)
FNDA:5,(anonymous_10)
FNDA:5,(anonymous_11)
FNDA:1,(anonymous_12)
FNDA:1,(anonymous_13)
FNDA:1,(anonymous_14)
FNDA:1,(anonymous_15)
FNDA:1,(anonymous_16)
FNDA:1,(anonymous_17)
DA:2,1
DA:3,11
DA:4,11
DA:5,11
DA:6,0
DA:7,22
DA:8,11
DA:11,1
DA:12,1
DA:15,1
DA:18,3
DA:19,3
DA:23,5
DA:24,5
DA:28,1
DA:29,1
DA:33,1
DA:34,1
DA:38,1
DA:39,1
DA:43,1
LF:21
LH:20
BRDA:2,0,0,1
BRDA:2,0,1,1
BRDA:2,0,2,1
BRDA:3,1,0,11
BRDA:3,1,1,0
BRDA:4,2,0,11
BRDA:4,2,1,11
BRDA:7,3,0,11
BRDA:7,3,1,11
BRDA:8,4,0,11
BRDA:8,4,1,11
BRF:11
BRH:10
end_of_record
TN:
SF:src\logic\RoomController.ts
FN:2,(anonymous_0)
FN:3,adopt
FN:3,(anonymous_2)
FN:4,(anonymous_3)
FN:5,fulfilled
FN:6,rejected
FN:7,step
FN:14,(anonymous_7)
FN:17,(anonymous_8)
FN:18,(anonymous_9)
FN:22,(anonymous_10)
FN:23,(anonymous_11)
FN:27,(anonymous_12)
FN:28,(anonymous_13)
FN:32,(anonymous_14)
FN:33,(anonymous_15)
FN:37,(anonymous_16)
FN:38,(anonymous_17)
FN:42,(anonymous_18)
FN:43,(anonymous_19)
FNF:20
FNH:18
FNDA:12,(anonymous_0)
FNDA:12,adopt
FNDA:0,(anonymous_2)
FNDA:12,(anonymous_3)
FNDA:12,fulfilled
FNDA:0,rejected
FNDA:24,step
FNDA:1,(anonymous_7)
FNDA:3,(anonymous_8)
FNDA:3,(anonymous_9)
FNDA:5,(anonymous_10)
FNDA:5,(anonymous_11)
FNDA:1,(anonymous_12)
FNDA:1,(anonymous_13)
FNDA:1,(anonymous_14)
FNDA:1,(anonymous_15)
FNDA:1,(anonymous_16)
FNDA:1,(anonymous_17)
FNDA:1,(anonymous_18)
FNDA:1,(anonymous_19)
DA:2,1
DA:3,12
DA:4,12
DA:5,12
DA:6,0
DA:7,24
DA:8,12
DA:11,1
DA:12,1
DA:15,1
DA:18,3
DA:19,3
DA:23,5
DA:24,5
DA:28,1
DA:29,1
DA:33,1
DA:34,1
DA:38,1
DA:39,1
DA:43,1
DA:44,1
DA:48,1
LF:23
LH:22
BRDA:2,0,0,1
BRDA:2,0,1,1
BRDA:2,0,2,1
BRDA:3,1,0,12
BRDA:3,1,1,0
BRDA:4,2,0,12
BRDA:4,2,1,12
BRDA:7,3,0,12
BRDA:7,3,1,12
BRDA:8,4,0,12
BRDA:8,4,1,12
BRF:11
BRH:10
end_of_record
TN:
SF:src\logic\UserController.ts
FN:2,(anonymous_0)
FN:3,adopt
FN:3,(anonymous_2)
FN:4,(anonymous_3)
FN:5,fulfilled
FN:6,rejected
FN:7,step
FN:14,(anonymous_7)
FN:17,(anonymous_8)
FN:18,(anonymous_9)
FN:22,(anonymous_10)
FN:23,(anonymous_11)
FN:27,(anonymous_12)
FN:28,(anonymous_13)
FN:32,(anonymous_14)
FN:33,(anonymous_15)
FN:37,(anonymous_16)
FN:38,(anonymous_17)
FN:42,(anonymous_18)
FN:43,(anonymous_19)
FNF:20
FNH:18
FNDA:13,(anonymous_0)
FNDA:13,adopt
FNDA:0,(anonymous_2)
FNDA:13,(anonymous_3)
FNDA:13,fulfilled
FNDA:0,rejected
FNDA:26,step
FNDA:1,(anonymous_7)
FNDA:3,(anonymous_8)
FNDA:3,(anonymous_9)
FNDA:2,(anonymous_10)
FNDA:2,(anonymous_11)
FNDA:4,(anonymous_12)
FNDA:4,(anonymous_13)
FNDA:2,(anonymous_14)
FNDA:2,(anonymous_15)
FNDA:1,(anonymous_16)
FNDA:1,(anonymous_17)
FNDA:1,(anonymous_18)
FNDA:1,(anonymous_19)
DA:2,1
DA:3,13
DA:4,13
DA:5,13
DA:6,0
DA:7,26
DA:8,13
DA:11,1
DA:12,1
DA:15,1
DA:18,3
DA:19,3
DA:23,2
DA:24,2
DA:28,4
DA:29,4
DA:33,2
DA:34,2
DA:38,1
DA:39,1
DA:43,1
DA:44,1
DA:48,1
LF:23
LH:22
BRDA:2,0,0,1
BRDA:2,0,1,1
BRDA:2,0,2,1
BRDA:3,1,0,13
BRDA:3,1,1,0
BRDA:4,2,0,13
BRDA:4,2,1,13
BRDA:7,3,0,13
BRDA:7,3,1,13
BRDA:8,4,0,13
BRDA:8,4,1,13
BRF:11
BRH:10
end_of_record
TN:
SF:src\logic\error.ts
FN:5,(anonymous_0)
FN:9,(anonymous_1)
FN:15,(anonymous_2)
FN:21,(anonymous_3)
FN:27,(anonymous_4)
FN:33,(anonymous_5)
FN:39,(anonymous_6)
FNF:7
FNH:0
FNDA:0,(anonymous_0)
FNDA:0,(anonymous_1)
FNDA:0,(anonymous_2)
FNDA:0,(anonymous_3)
FNDA:0,(anonymous_4)
FNDA:0,(anonymous_5)
FNDA:0,(anonymous_6)
DA:2,1
DA:3,1
DA:6,0
DA:7,0
DA:10,0
DA:13,1
DA:16,0
DA:19,1
DA:22,0
DA:25,1
DA:28,0
DA:31,1
DA:34,0
DA:37,1
DA:40,0
DA:43,1
LF:16
LH:8
BRF:0
BRH:0
end_of_record
TN:
SF:src\model\History.ts
FN:5,(anonymous_0)
FNF:1
FNH:1
FNDA:12,(anonymous_0)
DA:2,2
DA:3,2
DA:6,12
DA:7,12
DA:8,12
DA:9,12
DA:12,2
LF:7
LH:7
BRF:0
BRH:0
end_of_record
TN:
SF:src\model\Person.ts
FN:5,(anonymous_0)
FNF:1
FNH:1
FNDA:23,(anonymous_0)
DA:2,2
DA:3,2
DA:6,23
DA:7,23
DA:8,23
DA:9,23
DA:10,23
DA:11,23
DA:14,2
LF:9
LH:9
BRF:0
BRH:0
end_of_record
TN:
SF:src\model\Request.ts
FN:5,(anonymous_0)
FN:11,(anonymous_1)
FNF:2
FNH:2
FNDA:2,(anonymous_0)
FNDA:13,(anonymous_1)
DA:2,2
DA:3,2
DA:5,2
DA:6,2
DA:7,2
DA:8,2
DA:12,13
DA:13,13
DA:14,13
DA:15,13
DA:16,13
DA:17,13
DA:18,13
DA:21,2
LF:14
LH:14
BRDA:9,0,0,2
BRDA:9,0,1,2
BRF:2
BRH:2
end_of_record
TN:
SF:src\model\Room.ts
FN:5,(anonymous_0)
FN:11,(anonymous_1)
FNF:2
FNH:2
FNDA:2,(anonymous_0)
FNDA:14,(anonymous_1)
DA:2,2
DA:3,2
DA:5,2
DA:6,2
DA:7,2
DA:8,2
DA:12,14
DA:13,14
DA:14,14
DA:15,14
DA:18,2
LF:11
LH:11
BRDA:9,0,0,2
BRDA:9,0,1,2
BRF:2
BRH:2
end_of_record
TN:
SF:src\model\User.ts
FN:5,(anonymous_0)
FN:11,(anonymous_1)
FNF:2
FNH:2
FNDA:2,(anonymous_0)
FNDA:11,(anonymous_1)
DA:2,2
DA:3,2
DA:5,2
DA:6,2
DA:7,2
DA:8,2
DA:12,11
DA:13,11
DA:14,11
DA:15,11
DA:18,2
LF:11
LH:11
BRDA:9,0,0,2
BRDA:9,0,1,2
BRF:2
BRH:2
end_of_record
TN:
SF:src\server\models.ts
FN:9,(anonymous_0)
FN:18,(anonymous_1)
FN:24,(anonymous_2)
FN:31,(anonymous_3)
FN:39,(anonymous_4)
FN:45,(anonymous_5)
FN:51,(anonymous_6)
FN:59,(anonymous_7)
FN:65,(anonymous_8)
FN:74,(anonymous_9)
FN:80,(anonymous_10)
FN:86,(anonymous_11)
FNF:12
FNH:9
FNDA:9,(anonymous_0)
FNDA:0,(anonymous_1)
FNDA:0,(anonymous_2)
FNDA:0,(anonymous_3)
FNDA:3,(anonymous_4)
FNDA:3,(anonymous_5)
FNDA:6,(anonymous_6)
FNDA:6,(anonymous_7)
FNDA:3,(anonymous_8)
FNDA:3,(anonymous_9)
FNDA:3,(anonymous_10)
FNDA:3,(anonymous_11)
DA:2,1
DA:3,1
DA:4,1
DA:5,1
DA:6,1
DA:7,1
DA:8,1
DA:9,1
DA:10,9
DA:11,0
DA:12,9
DA:13,9
DA:14,9
DA:16,1
DA:19,0
DA:20,0
DA:21,0
DA:22,0
DA:25,0
DA:28,1
DA:32,0
DA:33,0
DA:36,1
DA:40,3
DA:41,3
DA:42,3
DA:43,3
DA:46,3
DA:49,1
DA:52,6
DA:53,6
DA:54,6
DA:55,6
DA:56,6
DA:57,6
DA:60,6
DA:63,1
DA:66,3
DA:67,3
DA:68,3
DA:69,3
DA:70,3
DA:71,3
DA:72,3
DA:75,3
DA:78,1
DA:81,3
DA:82,3
DA:83,3
DA:84,3
DA:87,3
DA:90,1
LF:52
LH:44
BRDA:10,0,0,0
BRDA:10,0,1,9
BRDA:12,1,0,9
BRDA:12,1,1,0
BRF:4
BRH:2
end_of_record
